Case #1:
GGG
CCC
JJJ
Case #2:
CODE
JJAM
JJAM
Case #3:
CA
KE
Case #4:
PPPPPPPPPPPPPPPPPPPPPPPPP
PPPPPPPPPPPPPPPPPPPPPPPPP
ZZZZZZZZZZZZZZZZZZZZZZZZZ
ZZZZZZZZZZZZZZZZZZZZZZZZZ
UUUUUJJJJJTTTTTTTTTTTTTTT
UUUUUJJJJJTTTTTTTTTTTTTTT
EEEEEEEEEEEEEEEEEENNNNNNN
EEEEEEEEEEEEEEEEEENNNNNNN
EEEEEEEEEEEEEEEEEENNNNNNN
QQQQQQQQQQQQQQQQQQQQQQQQQ
HHHHHHHHHHHHHHHHHMMMMMMMM
GGGGGGGGGGGGGGGGGGGGGGGGG
FFFFFFFFFFFFFFFFFFFFFFFFF
DDDDDDDDDDDDDDDDDDDDDDDDD
IIIIIIIIIIIIIIIIIIIIIIIIX
IIIIIIIIIIIIIIIIIIIIIIIIX
IIIIIIIIIIIIIIIIIIIIIIIIX
BBBBBBBBBBBBBBBBBBBBBBBBB
BBBBBBBBBBBBBBBBBBBBBBBBB
YYYYYYYYYYRRRRRWWWWWWWWWW
OOOOOOOOOOOOOOOOOOOOOOOOO
KKKKKKKKKCCSSSSSSSSSSSSSS
AAAAAAAAAAAAAAAAAAAAAAAAA
VVVVVVVVVVVVVVVVVVVVLLLLL
VVVVVVVVVVVVVVVVVVVVLLLLL
Case #5:
ZZZZYYYYYYYYYYYYYYYYYYYYY
NNNNNNNFFFFFKAPPPPPPPPPPP
DDDDDSSSSSSSUUUUUUUUUUUUU
EIRRRRRRRRRRRRRRRRRRRRRRR
MMMMMBBVXQQQQQQQQQQQQQQQQ
HHHHHHHHHHHHHHHHHHHHHHHHH
JJJJJTTTTCCCCCCCCCCCCCCCC
LLLLLLLLLLLLLLLLLLLLLLLLL
GGGGGGGGGGGGGGGGGGGGGGGGG
OOOOOOOOOOOOOOOOOOOOOOOOO
WWWWWWWWWWWWWWWWWWWWWWWWW
WWWWWWWWWWWWWWWWWWWWWWWWW
WWWWWWWWWWWWWWWWWWWWWWWWW
WWWWWWWWWWWWWWWWWWWWWWWWW
WWWWWWWWWWWWWWWWWWWWWWWWW
WWWWWWWWWWWWWWWWWWWWWWWWW
WWWWWWWWWWWWWWWWWWWWWWWWW
WWWWWWWWWWWWWWWWWWWWWWWWW
WWWWWWWWWWWWWWWWWWWWWWWWW
WWWWWWWWWWWWWWWWWWWWWWWWW
WWWWWWWWWWWWWWWWWWWWWWWWW
WWWWWWWWWWWWWWWWWWWWWWWWW
WWWWWWWWWWWWWWWWWWWWWWWWW
WWWWWWWWWWWWWWWWWWWWWWWWW
WWWWWWWWWWWWWWWWWWWWWWWWW
Case #6:
AAAAAAAAAAAAAAAAAABBBBBBB
AAAAAAAAAAAAAAAAAABBBBBBB
AAAAAAAAAAAAAAAAAABBBBBBB
AAAAAAAAAAAAAAAAAABBBBBBB
AAAAAAAAAAAAAAAAAABBBBBBB
AAAAAAAAAAAAAAAAAABBBBBBB
AAAAAAAAAAAAAAAAAABBBBBBB
AAAAAAAAAAAAAAAAAABBBBBBB
AAAAAAAAAAAAAAAAAABBBBBBB
AAAAAAAAAAAAAAAAAABBBBBBB
AAAAAAAAAAAAAAAAAABBBBBBB
AAAAAAAAAAAAAAAAAABBBBBBB
AAAAAAAAAAAAAAAAAABBBBBBB
AAAAAAAAAAAAAAAAAABBBBBBB
AAAAAAAAAAAAAAAAAABBBBBBB
AAAAAAAAAAAAAAAAAABBBBBBB
AAAAAAAAAAAAAAAAAABBBBBBB
AAAAAAAAAAAAAAAAAABBBBBBB
AAAAAAAAAAAAAAAAAABBBBBBB
CCCCCCCCCCCCCCCCCCCCCCCCC
DDDDDDDDDDDDDDDDDDDDDDDDD
EEEEEEEEEEEEEEEEEEEEEEEEE
EEEEEEEEEEEEEEEEEEEEEEEEE
EEEEEEEEEEEEEEEEEEEEEEEEE
EEEEEEEEEEEEEEEEEEEEEEEEE
Case #7:
EEEEEEEEEEEEEEEEEEEEEEEEE
EEEEEEEEEEEEEEEEEEEEEEEEE
EEEEEEEEEEEEEEEEEEEEEEEEE
MMMMMMMMMMMMMMMMMMMMMMMMM
FFFFFFFFFFFFFFFFFFFFFFFFF
TTTTYYYYYYYYYYYYYYYYYYYYY
OOOVVVVAAAAAAAAAAAAAAAAAA
OOOVVVVAAAAAAAAAAAAAAAAAA
ZZZZZZZZZZZZZZZZZZZZZZZZZ
LLHHHHHHHHRRRRRRRRRRRRRRR
PPPPPPPPPPPPPPPPPPPPPPPPP
JJJJJGGNNNNNNNNNNNNNNNNNN
QQXXXXXXXXXXXXXXXXXXXXXXX
DDDDDDDDDDDDDDDDDDDDDDDDD
CCCSSKKKKKKKKKKKKKKKKKKKK
UUUUIIIIIIIIIIIIIIIIIIIII
WWWWWWWWWWWWWWWWWWWWWWWWW
WWWWWWWWWWWWWWWWWWWWWWWWW
BBBBBBBBBBBBBBBBBBBBBBBBB
BBBBBBBBBBBBBBBBBBBBBBBBB
BBBBBBBBBBBBBBBBBBBBBBBBB
BBBBBBBBBBBBBBBBBBBBBBBBB
BBBBBBBBBBBBBBBBBBBBBBBBB
BBBBBBBBBBBBBBBBBBBBBBBBB
BBBBBBBBBBBBBBBBBBBBBBBBB
Case #8:
AAAAAAAAAAAAAAAAAAAAAAAAA
BBBBBBBBBBBBBBBBBBBBBBBBB
CCCCCCCCCCCCCCCCCCCCCCCCC
DDDDDDDDDDDDDDDDDDDDDDDDD
EEEEEEEEEEEEEEEEEEEEEEEEE
FFFFFFFFFFFFFFFFFFFFFFFFF
GGGGGGGGGGGGGGGGGGGGGGGGG
HHHHHHHHHHHHHHHHHHHHHHHHH
IIIIIIIIIIIIIIIIIIIIIIIII
JJJJJJJJJJJJJJJJJJJJJJJJJ
KKKKKKKKKKKKKKKKKKKKKKKKK
LLLLLLLLLLLLLLLLLLLLLLLLL
MMMMMMMMMMMMMMMMMMMMMMMMM
NNNNNNNNNNNNNNNNNNNNNNNNN
OOOOOOOOOOOOOOOOOOOOOOOOO
PPPPPPPPPPPPPPPPPPPPPPPPP
QQQQQQQQQQQQQQQQQQQQQQQQQ
RRRRRRRRRRRRRRRRRRRRRRRRR
SSSSSSSSSSSSSSSSSSSSSSSSS
TTTTTTTTTTTTTTTTTTTTTTTTT
UUUUUUUUUUUUUUUUUUUUUUUUU
VVVVVVVVVVVVVVVVVVVVVVVVV
WWWWWWWWWWWWWWWWWWWWWWWWW
XXXXXXXXXXXXXXXXXXXXXXXXX
YYYYYYYYYYYYYYYYYYYYYYYYY
Case #9:
JJJJJJJJJJJJJJJJXXXXXAAAA
VVVVVVVVVVEEEEEEEEEIIIIWW
VVVVVVVVVVEEEEEEEEEIIIIWW
UUUUUUUUUUQQQQQQQQQQQQQQK
UUUUUUUUUUQQQQQQQQQQQQQQK
BBBBBBBBBBBBBBBBBBBBBBBBB
BBBBBBBBBBBBBBBBBBBBBBBBB
FFFFFFFFFFFFFFFFFFFFFFFFF
DDDDDDDDDDDDDDDDDDDDDDDDD
DDDDDDDDDDDDDDDDDDDDDDDDD
DDDDDDDDDDDDDDDDDDDDDDDDD
GGGGGGGGGGGGGGGGGGGGGGGGG
SSSSSSSSSSSSSSSSSSSSSSSSS
RRRRRRRRRRRRRRRRRRRRRRRRR
HHHHHHHHHHHHHHHHHHHHHHHHH
ZZZZZZZZZZZZZZZZPPPPPPPPP
OOOOOOYYYYYYYYYYYYYYYYYYY
MMMMMMMMMMMMMMMNNNNNNNNNN
MMMMMMMMMMMMMMMNNNNNNNNNN
MMMMMMMMMMMMMMMNNNNNNNNNN
LLLLLLLLLLLLLLLLLLLLLCCCC
TTTTTTTTTTTTTTTTTTTTTTTTT
TTTTTTTTTTTTTTTTTTTTTTTTT
TTTTTTTTTTTTTTTTTTTTTTTTT
TTTTTTTTTTTTTTTTTTTTTTTTT
Case #10:
AAAAAAAABBBBBBBBBBBBBBBBB
AAAAAAAABBBBBBBBBBBBBBBBB
AAAAAAAABBBBBBBBBBBBBBBBB
AAAAAAAABBBBBBBBBBBBBBBBB
AAAAAAAABBBBBBBBBBBBBBBBB
AAAAAAAABBBBBBBBBBBBBBBBB
AAAAAAAABBBBBBBBBBBBBBBBB
CCCCCCCCCCCCCCCCCCCCCCCCC
DDDDDDDDDDDDDDDDDDDDDDDDD
EEEEEEEEEEEEEEEEEEEEEEEEE
FFFFFFFFFFFFFFFFFFFFFHHHH
FFFFFFFFFFFFFFFFFFFFFHHHH
FFFFFFFFFFFFFFFFFFFFFHHHH
FFFFFFFFFFFFFFFFFFFFFHHHH
JJJJJJJJJJJJJJJJJJJJJJJJJ
GGGGGGGGGGGGGGGGGGGGGGIII
GGGGGGGGGGGGGGGGGGGGGGIII
GGGGGGGGGGGGGGGGGGGGGGIII
GGGGGGGGGGGGGGGGGGGGGGIII
GGGGGGGGGGGGGGGGGGGGGGIII
GGGGGGGGGGGGGGGGGGGGGGIII
GGGGGGGGGGGGGGGGGGGGGGIII
GGGGGGGGGGGGGGGGGGGGGGIII
GGGGGGGGGGGGGGGGGGGGGGIII
GGGGGGGGGGGGGGGGGGGGGGIII
Case #11:
QQQQQQQQQQQQQQQQQQQQQQQQQ
QQQQQQQQQQQQQQQQQQQQQQQQQ
QQQQQQQQQQQQQQQQQQQQQQQQQ
QQQQQQQQQQQQQQQQQQQQQQQQQ
QQQQQQQQQQQQQQQQQQQQQQQQQ
QQQQQQQQQQQQQQQQQQQQQQQQQ
QQQQQQQQQQQQQQQQQQQQQQQQQ
QQQQQQQQQQQQQQQQQQQQQQQQQ
QQQQQQQQQQQQQQQQQQQQQQQQQ
QQQQQQQQQQQQQQQQQQQQQQQQQ
QQQQQQQQQQQQQQQQQQQQQQQQQ
QQQQQQQQQQQQQQQQQQQQQQQQQ
QQQQQQQQQQQQQQQQQQQQQQQQQ
QQQQQQQQQQQQQQQQQQQQQQQQQ
QQQQQQQQQQQQQQQQQQQQQQQQQ
QQQQQQQQQQQQQQQQQQQQQQQQQ
QQQQQQQQQQQQQQQQQQQQQQQQQ
QQQQQQQQQQQQQQQQQQQQQQQQQ
YYYYYYYYYYYYYYYYYYYYYYYYY
KKKKUDDDDDDDDDDDDDDDDDDDD
NNNNIIIIIIIIIIIIIIIIIIIII
RZZAAGGPPPPPPPPPPPPPPPPPP
MBFJJTTTSSSSSSSSSSSSSSSSS
EEEEOOCCLLLLLLLLLLLLLLLLL
WWWWWWVVVHXXXXXXXXXXXXXXX
Case #12:
PPPPPPPPPPPPPPPPPPPPPPPPP
PPPPPPPPPPPPPPPPPPPPPPPPP
PPPPPPPPPPPPPPPPPPPPPPPPP
PPPPPPPPPPPPPPPPPPPPPPPPP
PPPPPPPPPPPPPPPPPPPPPPPPP
PPPPPPPPPPPPPPPPPPPPPPPPP
PPPPPPPPPPPPPPPPPPPPPPPPP
PPPPPPPPPPPPPPPPPPPPPPPPP
PPPPPPPPPPPPPPPPPPPPPPPPP
MMMMMMMMMMMMMMMMMMMMMMMMM
WWWWWWWWWWWWWWWWWWWWWWWWW
TRRRRRRRRRRRRRRRRRRRRRRRR
NNNNNNNNZZZZZZZZZZZZZZZZZ
GGGGGGGGGGGGGGGGGGGGGGGGG
HHEEQQBBBBBBBBBBBBBBBBBBB
VVVVVVVVVVVVVVVVVVVVVVVVV
ISAAYYYYLLLLLLLLLLLLLLLLL
CCCJJJJJJJJJJJJJJJJJJJJJJ
XXXOOOOOOOOOOOOOOOOOOOOOO
XXXOOOOOOOOOOOOOOOOOOOOOO
DDDDDKKKKKKKKKKKKKKKKKKKK
FFFFFFFFFFFFFFFFFFFFFFFFF
UUUUUUUUUUUUUUUUUUUUUUUUU
UUUUUUUUUUUUUUUUUUUUUUUUU
UUUUUUUUUUUUUUUUUUUUUUUUU
Case #13:
AAAAAAAAAAAAAAAABBBBBBBBB
AAAAAAAAAAAAAAAABBBBBBBBB
AAAAAAAAAAAAAAAABBBBBBBBB
CCCCCCCCCCCCCCCCCCCCCCCCC
DDDDDDDDDDDDDDDDDDDDDDDDD
EEEEEEEEEEEEEEEEEEEEEEEEE
EEEEEEEEEEEEEEEEEEEEEEEEE
EEEEEEEEEEEEEEEEEEEEEEEEE
EEEEEEEEEEEEEEEEEEEEEEEEE
EEEEEEEEEEEEEEEEEEEEEEEEE
EEEEEEEEEEEEEEEEEEEEEEEEE
EEEEEEEEEEEEEEEEEEEEEEEEE
EEEEEEEEEEEEEEEEEEEEEEEEE
EEEEEEEEEEEEEEEEEEEEEEEEE
EEEEEEEEEEEEEEEEEEEEEEEEE
EEEEEEEEEEEEEEEEEEEEEEEEE
EEEEEEEEEEEEEEEEEEEEEEEEE
EEEEEEEEEEEEEEEEEEEEEEEEE
EEEEEEEEEEEEEEEEEEEEEEEEE
EEEEEEEEEEEEEEEEEEEEEEEEE
EEEEEEEEEEEEEEEEEEEEEEEEE
EEEEEEEEEEEEEEEEEEEEEEEEE
EEEEEEEEEEEEEEEEEEEEEEEEE
EEEEEEEEEEEEEEEEEEEEEEEEE
EEEEEEEEEEEEEEEEEEEEEEEEE
Case #14:
AAAAAAAAAAAAAAAAAAAAAAAAA
BBBBBBBBBBBBBBBBBBBBBBBBB
CCCCCCCCCCCCCCCCCCCCCCCCC
DDDDDDDDDDDDDDDDDDDDDDDDD
EEEEEEEEEEEEEEEEEEEEEEEEE
FFFFFFFFFFFFFFFFFFFFFFFFF
GGGGGGGGGGGGGGGGGGGGGGGGG
HHHHHHHHHHHHHHHHHHHHHHHHH
IIIIIIIIIIIIIIIIIIIIIIIII
JJJJJJJJJJJJJJJJJJJJJJJJJ
KKKKKKKKKKKKKKKKKKKKKKKKK
LLLLLLLLLLLLLLLLLLLLLLLLL
MMMMMMMMMMMMMMMMMMMMMMMMM
NNNNNNNNNNNNNNNNNNNNNNNNN
OOOOOOOOOOOOOOOOOOOOOOOOO
PPPPPPPPPPPPPPPPPPPPPPPPP
QQQQQQQQQQQQQQQQQQQQQQQQQ
RRRRRRRRRRRRRRRRRRRRRRRRR
SSSSSSSSSSSSSSSSSSSSSSSSS
TTTTTTTTTTTTTTTTTTTTTTTTT
UUUUUUUUUUUUUUUUUUUUUUUUU
VVVVVVVVVVVVVVVVVVVVVVVVV
WWWWWWWWWWWWWWWWWWWWWWWWW
XXXXXXXXXXXXXXXXXXXXXXXXX
YYYYYYYYYYYYYYYYYYYYYYYYY
Case #15:
AAAACCCCCCCCCCCCCCCCCCCCC
EEEEEEEEEEEEEEEEEEEEEEEEE
BBBBBDDDDDDDDDDDDDDDDDDDD
BBBBBDDDDDDDDDDDDDDDDDDDD
BBBBBDDDDDDDDDDDDDDDDDDDD
BBBBBDDDDDDDDDDDDDDDDDDDD
BBBBBDDDDDDDDDDDDDDDDDDDD
BBBBBDDDDDDDDDDDDDDDDDDDD
BBBBBDDDDDDDDDDDDDDDDDDDD
BBBBBDDDDDDDDDDDDDDDDDDDD
BBBBBDDDDDDDDDDDDDDDDDDDD
BBBBBDDDDDDDDDDDDDDDDDDDD
BBBBBDDDDDDDDDDDDDDDDDDDD
BBBBBDDDDDDDDDDDDDDDDDDDD
BBBBBDDDDDDDDDDDDDDDDDDDD
BBBBBDDDDDDDDDDDDDDDDDDDD
BBBBBDDDDDDDDDDDDDDDDDDDD
BBBBBDDDDDDDDDDDDDDDDDDDD
BBBBBDDDDDDDDDDDDDDDDDDDD
BBBBBDDDDDDDDDDDDDDDDDDDD
BBBBBDDDDDDDDDDDDDDDDDDDD
BBBBBDDDDDDDDDDDDDDDDDDDD
BBBBBDDDDDDDDDDDDDDDDDDDD
BBBBBDDDDDDDDDDDDDDDDDDDD
BBBBBDDDDDDDDDDDDDDDDDDDD
Case #16:
JJJJJJJJJJJJJJJJJJJJJJJJJ
XXXXXXXXXXXXXXXTFFEEEEEEE
BBBBBBBBBBBBBQOOSSHHUUUUU
GGGGGGGGGGGGZZWWWWWNNAAAA
IIIIIIIIIIIIIIIIIICYVVVVV
LLLLLLLLLLLLLLLLLLLMMMMMM
RRRRRRRRRRRRRRRRRDPPPPPPP
KKKKKKKKKKKKKKKKKKKKKKKKK
KKKKKKKKKKKKKKKKKKKKKKKKK
KKKKKKKKKKKKKKKKKKKKKKKKK
KKKKKKKKKKKKKKKKKKKKKKKKK
KKKKKKKKKKKKKKKKKKKKKKKKK
KKKKKKKKKKKKKKKKKKKKKKKKK
KKKKKKKKKKKKKKKKKKKKKKKKK
KKKKKKKKKKKKKKKKKKKKKKKKK
KKKKKKKKKKKKKKKKKKKKKKKKK
KKKKKKKKKKKKKKKKKKKKKKKKK
KKKKKKKKKKKKKKKKKKKKKKKKK
KKKKKKKKKKKKKKKKKKKKKKKKK
KKKKKKKKKKKKKKKKKKKKKKKKK
KKKKKKKKKKKKKKKKKKKKKKKKK
KKKKKKKKKKKKKKKKKKKKKKKKK
KKKKKKKKKKKKKKKKKKKKKKKKK
KKKKKKKKKKKKKKKKKKKKKKKKK
KKKKKKKKKKKKKKKKKKKKKKKKK
Case #17:
NEEEEDDDDHHAAYYWWMGQQCCVR
ZZZOOOTTTLLKXFUUSSSSSPJBI
Case #18:
GGGGGGGGGGGGGGGGGGGGGGGGG
GGGGGGGGGGGGGGGGGGGGGGGGG
QQQQQQQQQQQQQQQQQQQQQQQQQ
OOOOOOOOOOOOOOOOOOOOOPPPP
ZZZZZZZZZZZZZZZZZZZZZZZZZ
ZZZZZZZZZZZZZZZZZZZZZZZZZ
FFFFFFFFFFFFFFFFFFFFFFFFF
FFFFFFFFFFFFFFFFFFFFFFFFF
XXXXXXXXXXXXXYYYYYYYYYYYY
XXXXXXXXXXXXXYYYYYYYYYYYY
MMMMMMMMMMMMMMMLLLLLLWWWW
AAAAAAAAAAAAAAAAAAAAAAAAI
AAAAAAAAAAAAAAAAAAAAAAAAI
HHHHHHHHHHHHHHHHHHHHHHHHH
UUUUUUUUUUUUUUUUUUUUUUUUU
UUUUUUUUUUUUUUUUUUUUUUUUU
UUUUUUUUUUUUUUUUUUUUUUUUU
DDDDDDDDDDDCCCCCCCCCCCCCC
EEEEEEEEEEEEEEEEEEEEEEEEE
RRRRRRRRRRRRRRRRSSSSSSSSS
RRRRRRRRRRRRRRRRSSSSSSSSS
NNNNNNNNNNNNNTTTTTTTTTTTT
KKKKKKKKKKKKKKKKKKKKKKKKK
VVVVVVVVVVVVBBBBBBBBBBBBB
JJJJJJJJJJJJJJJJJJJJJJJJJ
Case #19:
WWWWWWWWWWWWBBBBBBBBBBIII
MMMMMMMMMMMMMMMMMMMMMMMMM
ZZZZZZZZZZZZZZZZZZZZZZZZZ
NNNNXXXXXXXXXXXXXXXXXXXXX
GGGGGGGGGKKKKKKKKKKKKKKKK
UUUUUUSSSSSSSSSSSSSSSSSSS
UUUUUUSSSSSSSSSSSSSSSSSSS
DDDDDDDDDDDDDAAAAAAAAAAAA
EEEEHHHHHHHHJJJJJJJJJJJJJ
OOOOOOOOOOOOOOOOOOOOOOOOO
RRRRRRRRRRRRRRRRRRRRRRRRR
RRRRRRRRRRRRRRRRRRRRRRRRR
VVVVVVVVVVVVVVVVVVVVVQQQQ
YYYYYYYYYYYYYYYYYYYYYYYYY
YYYYYYYYYYYYYYYYYYYYYYYYY
YYYYYYYYYYYYYYYYYYYYYYYYY
YYYYYYYYYYYYYYYYYYYYYYYYY
YYYYYYYYYYYYYYYYYYYYYYYYY
CCCCCCCCCCCCCCCCCCCCCCCCC
CCCCCCCCCCCCCCCCCCCCCCCCC
FFFFFFFFFFFFFFFFFFFFFFFFF
PPPPPPPPPPPPPPPPPPPPPPPPP
TTTTTTTTTTTTTTTTTTTTTTTTT
LLLLLLLLLLLLLLLLLLLLLLLLL
LLLLLLLLLLLLLLLLLLLLLLLLL
Case #20:
HH
RG
TB
FI
FI
LL
KK
ZZ
ZZ
ZZ
ZZ
YY
CC
CC
DQ
AA
MM
NN
PJ
PJ
VS
EX
UU
OW
OW
Case #21:
EEEEEYLMTDDDDDXHHHHHHHHHH
SSSSSSAAAAAWRRGGGGGGGGGGG
QQQQQQQQQZZIKKPPPPPPPPPPP
UUUUUUUUBBBOJJJJJJJJJJJJJ
NNNNNNNNVVVVVVVVVVVVVVVVV
FFFFFFFFFFFFFFFFFFFFFFFFF
CCCCCCCCCCCCCCCCCCCCCCCCC
CCCCCCCCCCCCCCCCCCCCCCCCC
CCCCCCCCCCCCCCCCCCCCCCCCC
CCCCCCCCCCCCCCCCCCCCCCCCC
CCCCCCCCCCCCCCCCCCCCCCCCC
CCCCCCCCCCCCCCCCCCCCCCCCC
CCCCCCCCCCCCCCCCCCCCCCCCC
CCCCCCCCCCCCCCCCCCCCCCCCC
CCCCCCCCCCCCCCCCCCCCCCCCC
CCCCCCCCCCCCCCCCCCCCCCCCC
CCCCCCCCCCCCCCCCCCCCCCCCC
CCCCCCCCCCCCCCCCCCCCCCCCC
CCCCCCCCCCCCCCCCCCCCCCCCC
CCCCCCCCCCCCCCCCCCCCCCCCC
CCCCCCCCCCCCCCCCCCCCCCCCC
CCCCCCCCCCCCCCCCCCCCCCCCC
CCCCCCCCCCCCCCCCCCCCCCCCC
CCCCCCCCCCCCCCCCCCCCCCCCC
CCCCCCCCCCCCCCCCCCCCCCCCC
Case #22:
OBJCE
SLQKR
UVGIH
DATTT
WPFNM
Case #23:
AAAAAAAAAAAAAAAAAAAAAAAAA
BBBBBBBBBBBBBBBBBBBBBBBBB
CCCCCCCCCCCCCCCCCCCCCCCCC
DDDDDDDDDDDDDDDDDDDDDDDDD
EEEEEEEEEEEEEEEEEEEEEEEEE
FFFFFFFFFFFFFFFFFFFFFFFFF
GGGGGGGGGGGGGGGGGGGGGGGGG
HHHHHHHHHHHHHHHHHHHHHHHHH
IIIIIIIIIIIIIIIIIIIIIIIII
JJJJJJJJJJJJJJJJJJJJJJJJJ
KKKKKKKKKKKKKKKKKKKKKKKKK
LLLLLLLLLLLLLLLLLLLLLLLLL
MMMMMMMMMMMMMMMMMMMMMMMMM
NNNNNNNNNNNNNNNNNNNNNNNNN
OOOOOOOOOOOOOOOOOOOOOOOOO
PPPPPPPPPPPPPPPPPPPPPPPPP
QQQQQQQQQQQQQQQQQQQQQQQQQ
RRRRRRRRRRRRRRRRRRRRRRRRR
SSSSSSSSSSSSSSSSSSSSSSSSS
TTTTTTTTTTTTTTTTTTTTTTTTT
UUUUUUUUUUUUUUUUUUUUUUUUU
VVVVVVVVVVVVVVVVVVVVVVVVV
WWWWWWWWWWWWWWWWWWWWWWWWW
XXXXXXXXXXXXXXXXXXXXXXXXX
YYYYYYYYYYYYYYYYYYYYYYYYY
Case #24:
AAAAAAAABBBBBBBBBBBBBBBBB
AAAAAAAABBBBBBBBBBBBBBBBB
AAAAAAAABBBBBBBBBBBBBBBBB
AAAAAAAABBBBBBBBBBBBBBBBB
AAAAAAAABBBBBBBBBBBBBBBBB
CCCCCCCCCCCCCCCCCCCCCCCCC
DDDDDDDDDDDDDDDDDDDDDDDDD
EEEEEEEEEEEEEEEEEEEEEEEEE
FFFFFFFFFFFFFFFFFFFFFFHHH
FFFFFFFFFFFFFFFFFFFFFFHHH
FFFFFFFFFFFFFFFFFFFFFFHHH
FFFFFFFFFFFFFFFFFFFFFFHHH
FFFFFFFFFFFFFFFFFFFFFFHHH
FFFFFFFFFFFFFFFFFFFFFFHHH
FFFFFFFFFFFFFFFFFFFFFFHHH
FFFFFFFFFFFFFFFFFFFFFFHHH
FFFFFFFFFFFFFFFFFFFFFFHHH
FFFFFFFFFFFFFFFFFFFFFFHHH
FFFFFFFFFFFFFFFFFFFFFFHHH
JJJJJJJJJJJJJJJJJJJJJJJJJ
GGGGGGGGGGGGGGGGGGGGGGGII
GGGGGGGGGGGGGGGGGGGGGGGII
GGGGGGGGGGGGGGGGGGGGGGGII
GGGGGGGGGGGGGGGGGGGGGGGII
GGGGGGGGGGGGGGGGGGGGGGGII
Case #25:
A
A
Case #26:
JJJJJJJJJJJJJJJJJJJJJJJJJ
JJJJJJJJJJJJJJJJJJJJJJJJJ
JJJJJJJJJJJJJJJJJJJJJJJJJ
JJJJJJJJJJJJJJJJJJJJJJJJJ
JJJJJJJJJJJJJJJJJJJJJJJJJ
JJJJJJJJJJJJJJJJJJJJJJJJJ
IIIIIIIIIIIIIIIIAAAAAAAAA
XXXXXXXXXXXXXXXXXXXXXXXXX
MMMMMMMMMMMMMMMREEEYYYYYY
OOOOOOOOOQQQQQPPPPPPPPPPP
FFFFFFFFFFFFFFFFFFTTTTTTT
UUUUUUUUUUUUUUUUUUUUUUUUU
SSSSSSSSSSSSZZZZZZZZZCCCC
NNNNNNNNNNNNNNVHHHHHHHHHH
LLLLLLLLLLLLLLLLGGGGGGGGG
BBBBBBBBBBBBBBBBBBBBBBBBB
WWWWWWWWWWWWWWWDDDDDDDDDD
KKKKKKKKKKKKKKKKKKKKKKKKK
KKKKKKKKKKKKKKKKKKKKKKKKK
KKKKKKKKKKKKKKKKKKKKKKKKK
KKKKKKKKKKKKKKKKKKKKKKKKK
KKKKKKKKKKKKKKKKKKKKKKKKK
KKKKKKKKKKKKKKKKKKKKKKKKK
KKKKKKKKKKKKKKKKKKKKKKKKK
KKKKKKKKKKKKKKKKKKKKKKKKK
Case #27:
AB
Case #28:
XXXXXXXXXXXXXXXXXXXXXXXXX
XXXXXXXXXXXXXXXXXXXXXXXXX
LLLLLLTTAAAAAAAAAACCCCQQQ
GGGGGGGGGGGGGGGGGPPPKKKKK
GGGGGGGGGGGGGGGGGPPPKKKKK
ZZZUUUUUUUUUUUUUUUUUUUUUU
FFFFFFFFFFFFFFFFFFFFFFDDD
MMMMMMMMMMMMMMMMMMMMMMMMW
MMMMMMMMMMMMMMMMMMMMMMMMW
MMMMMMMMMMMMMMMMMMMMMMMMW
JJJJJJJJJJJJJJJJJJJJJJJJJ
NNNNNNNNNNNNNNNNNNNNNNNNN
VVVVVVVVVVVVVVVVVVVVVVVVV
IIIIIIIIIIIIIIIIIIIIIIIII
IIIIIIIIIIIIIIIIIIIIIIIII
YYYYYYYYYYYYYYYYYYYYYYYYY
YYYYYYYYYYYYYYYYYYYYYYYYY
YYYYYYYYYYYYYYYYYYYYYYYYY
YYYYYYYYYYYYYYYYYYYYYYYYY
OOOOOOOOOOOOOOOOOOOOOOOOO
OOOOOOOOOOOOOOOOOOOOOOOOO
HHHHHHHHHHHHHHHHHHHHHHBBB
EEEEEEEEEEEEEEEEEEEEEEEEE
RRRRRRRRRRRRRRRRRRRRRRRSS
RRRRRRRRRRRRRRRRRRRRRRRSS
Case #29:
AAAAAAAAAAAAAAAAAAAAAAAAA
AAAAAAAAAAAAAAAAAAAAAAAAA
AAAAAAAAAAAAAAAAAAAAAAAAA
AAAAAAAAAAAAAAAAAAAAAAAAA
AAAAAAAAAAAAAAAAAAAAAAAAA
AAAAAAAAAAAAAAAAAAAAAAAAA
AAAAAAAAAAAAAAAAAAAAAAAAA
AAAAAAAAAAAAAAAAAAAAAAAAA
AAAAAAAAAAAAAAAAAAAAAAAAA
AAAAAAAAAAAAAAAAAAAAAAAAA
AAAAAAAAAAAAAAAAAAAAAAAAA
AAAAAAAAAAAAAAAAAAAAAAAAA
AAAAAAAAAAAAAAAAAAAAAAAAA
AAAAAAAAAAAAAAAAAAAAAAAAA
AAAAAAAAAAAAAAAAAAAAAAAAA
AAAAAAAAAAAAAAAAAAAAAAAAA
AAAAAAAAAAAAAAAAAAAAAAAAA
AAAAAAAAAAAAAAAAAAAAAAAAA
AAAAAAAAAAAAAAAAAAAAAAAAA
AAAAAAAAAAAAAAAAAAAAAAAAA
AAAAAAAAAAAAAAAAAAAAAAAAA
AAAAAAAAAAAAAAAAAAAAAAAAA
AAAAAAAAAAAAAAAAAAAAAAAAA
AAAAAAAAAAAAAAAAAAAAAAAAA
AAAAAAAAAAAAAAAAAAAAAAAAA
Case #30:
OOOOOOOOOOOOOOOOOOOOOOOOO
SSSSSSSSSSSSSSSSSSSSSSSSS
LLLLLLLLLLLLLLLLLLLLLLLLL
XXXXXXXXXXXXXXXXXXXXXXXXX
UUUUUUUUUUUUUUUUUUUUUUUUU
UUUUUUUUUUUUUUUUUUUUUUUUU
UUUUUUUUUUUUUUUUUUUUUUUUU
AAAAAAAAAAAAAAAAAAAAAAAAA
QQJJJJJJJJJJJJJJJJJJJJJJJ
IIIIIIIIIIIIIIIIIIIIIIIII
IIIIIIIIIIIIIIIIIIIIIIIII
IIIIIIIIIIIIIIIIIIIIIIIII
PPPPPPPPPPPPPPPPPPPPPPPPP
CCCCCCCCCCCCDDDDDGGGGGGGG
KKKKKKKKKKKKKKKKKKKKKKKKH
TTTTTTTTTTTTTTTTTTTTTTTTT
FFFFFFFFFFFFFFFZZZZZZZZZZ
FFFFFFFFFFFFFFFZZZZZZZZZZ
FFFFFFFFFFFFFFFZZZZZZZZZZ
FFFFFFFFFFFFFFFZZZZZZZZZZ
EEEEEEEEEEEEERRRRRRRYYYYY
EEEEEEEEEEEEERRRRRRRYYYYY
VVWWWWWWWWWWWWWWWWWWWWWWW
NNNNNNNNNNNNNNBBBBBBBBBBB
MMMMMMMMMMMMMMMMMMMMMMMMM
Case #31:
UUUUUUUUUUUUUUUUUUUUUUUUU
VVVVVVVVVVVVVVVVVVVVVVVVV
EEEEEEEEEEEEEEEEEEEEEEEEE
JJJJJJJJJJJJJJJJJJJJJJJJL
JJJJJJJJJJJJJJJJJJJJJJJJL
WWWWWWWWWWWWWWWWWWWWWWWWW
WWWWWWWWWWWWWWWWWWWWWWWWW
MMMMMMMMMMMMMMMMMZZZZZZZZ
MMMMMMMMMMMMMMMMMZZZZZZZZ
TTTTTTTTTTTTTTTTTTTTTTTTT
TTTTTTTTTTTTTTTTTTTTTTTTT
FFFFFFFFFFFFFFFFFFFFFFFFF
FFFFFFFFFFFFFFFFFFFFFFFFF
HHHHHHHHHHHHHHHHHHHHHHHHH
XXXXXXXXXXXXXXXXXXXXXXXCC
OOOOOOOOOOOOOOOOOOOOOOOOO
RRRRRRRRRRRRRRRRRRRRRRNNN
YYYYYYYYYYYYYYYYYYYYYYYYY
YYYYYYYYYYYYYYYYYYYYYYYYY
BBBBBBBBAAAAAAAKKKKKKKKKG
PPPPPPPPPPPPPDDDDDDDDDDDD
QQQQQQQQQQQQQQQQQQQQQQQQQ
IIIIIIIIIIIIIIIIIIIIIISSS
IIIIIIIIIIIIIIIIIIIIIISSS
IIIIIIIIIIIIIIIIIIIIIISSS
Case #32:
AABBCCDDEEFFGGHHIIJJKKLLM
NNNOOPPQQRRSSTTUUVVWWXXYY
ZZZZZZZZZZZZZZZZZZZZZZZZZ
ZZZZZZZZZZZZZZZZZZZZZZZZZ
ZZZZZZZZZZZZZZZZZZZZZZZZZ
ZZZZZZZZZZZZZZZZZZZZZZZZZ
ZZZZZZZZZZZZZZZZZZZZZZZZZ
ZZZZZZZZZZZZZZZZZZZZZZZZZ
ZZZZZZZZZZZZZZZZZZZZZZZZZ
ZZZZZZZZZZZZZZZZZZZZZZZZZ
ZZZZZZZZZZZZZZZZZZZZZZZZZ
ZZZZZZZZZZZZZZZZZZZZZZZZZ
ZZZZZZZZZZZZZZZZZZZZZZZZZ
ZZZZZZZZZZZZZZZZZZZZZZZZZ
ZZZZZZZZZZZZZZZZZZZZZZZZZ
ZZZZZZZZZZZZZZZZZZZZZZZZZ
ZZZZZZZZZZZZZZZZZZZZZZZZZ
ZZZZZZZZZZZZZZZZZZZZZZZZZ
ZZZZZZZZZZZZZZZZZZZZZZZZZ
ZZZZZZZZZZZZZZZZZZZZZZZZZ
ZZZZZZZZZZZZZZZZZZZZZZZZZ
ZZZZZZZZZZZZZZZZZZZZZZZZZ
ZZZZZZZZZZZZZZZZZZZZZZZZZ
ZZZZZZZZZZZZZZZZZZZZZZZZZ
ZZZZZZZZZZZZZZZZZZZZZZZZZ
Case #33:
RRRRRRRRRRRRRRRRRRRRRRRRR
SSSSSSSSSSSSSSSSSSSSSJJJJ
ZZZZZZZZZZZZZZZZZZZZZZZZZ
PPPPPPPPPPPPPPPPPPPPPPPPP
TTTTTTTTTTTTTTTTTTTTTTTTT
TTTTTTTTTTTTTTTTTTTTTTTTT
TTTTTTTTTTTTTTTTTTTTTTTTT
TTTTTTTTTTTTTTTTTTTTTTTTT
UUUUUUUUUUUUUUUUUUUUUUUUU
DDDDDDDDDDDDDDDDDDDDDDDDD
DDDDDDDDDDDDDDDDDDDDDDDDD
DDDDDDDDDDDDDDDDDDDDDDDDD
MMMMMMMMMMMMMMMMMMMMMMKKK
MMMMMMMMMMMMMMMMMMMMMMKKK
HHHHHHHHHHHHHHHHHHHHHHHHH
HHHHHHHHHHHHHHHHHHHHHHHHH
HHHHHHHHHHHHHHHHHHHHHHHHH
GGGGGGGGGGGGGGGGGGGGGGGGG
GGGGGGGGGGGGGGGGGGGGGGGGG
AAAAAAAAAAAAAAAAAOFFFFFFF
VVVVVVVVVVVVVVVVVVVVVVVVV
LLLLLLLLLLLLLLLLLLLBBBBBB
XXXXXXXXXXXXXXXXXXXXXXXXX
YYYYYYYYYYYYYYYYYNNNNEEEE
IIIIICCCCCCQQQQQQQQWWWWWW
Case #34:
GGG
FED
ACB
Case #35:
AA
BB
Case #36:
AC
BB
Case #37:
KKKKKKKKKKKKKKKKKKKKKKKKK
KKKKKKKKKKKKKKKKKKKKKKKKK
KKKKKKKKKKKKKKKKKKKKKKKKK
KKKKKKKKKKKKKKKKKKKKKKKKK
KKKKKKKKKKKKKKKKKKKKKKKKK
KKKKKKKKKKKKKKKKKKKKKKKKK
KKKKKKKKKKKKKKKKKKKKKKKKK
KKKKKKKKKKKKKKKKKKKKKKKKK
KKKKKKKKKKKKKKKKKKKKKKKKK
KKKKKKKKKKKKKKKKKKKKKKKKK
RRRRRRRRRRRRRRRRRRRRRRRRR
CCCCCCCCCCCCCCCCCCCCCCCCC
VVVVUYYYYYYYYYYYYYYYYYYYY
VVVVUYYYYYYYYYYYYYYYYYYYY
SSSSSJJJJJJJJJJJJJJJJJJJJ
OOOHHHHHIIIIIIIIIIIIIIIII
TTTTTBANMMMMMMMMMMMMMMMMM
DDDDDDDDDDDDDDDDDDDDDDDDD
EEEEEEEEEQQQQQQQQQQQQQQQQ
GGGGGGGGGGGGGGGGGGGGGGGGG
WLLLLLLPPPPPPPPPPPPPPPPPP
ZZZZZZZZZZZZZZZZZZZZZZZZZ
FFFFFFFFFFFFFFFFFFFFFFFFF
XXXXXXXXXXXXXXXXXXXXXXXXX
XXXXXXXXXXXXXXXXXXXXXXXXX
Case #38:
AAAAAAAAAAAAAAAAAAAAAAAAA
BBBBBBBBBBBBBBBBBBBBBBBBB
CCCCCCCCCCCCCCCCCCCCCCCCC
DDDDDDDDDDDDDDDDDDDDDDDDD
EEEEEEEEEEEEEEEEEEEEEEEEE
FFFFFFFFFFFFFFFFFFFFFFFFF
GGGGGGGGGGGGGGGGGGGGGGGGG
HHHHHHHHHHHHHHHHHHHHHHHHH
IIIIIIIIIIIIIIIIIIIIIIIII
JJJJJJJJJJJJJJJJJJJJJJJJJ
KKKKKKKKKKKKKKKKKKKKKKKKK
LLLLLLLLLLLLLLLLLLLLLLLLL
MMMMMMMMMMMMMMMMMMMMMMMMM
NNNNNNNNNNNNNNNNNNNNNNNNN
OOOOOOOOOOOOOOOOOOOOOOOOO
PPPPPPPPPPPPPPPPPPPPPPPPP
QQQQQQQQQQQQQQQQQQQQQQQQQ
RRRRRRRRRRRRRRRRRRRRRRRRR
SSSSSSSSSSSSSSSSSSSSSSSSS
TTTTTTTTTTTTTTTTTTTTTTTTT
UUUUUUUUUUUUUUUUUUUUUUUUU
VVVVVVVVVVVVVVVVVVVVVVVVV
WWWWWWWWWWWWWWWWWWWWWWWWW
XXXXXXXXXXXXXXXXXXXXXXXXX
YYYYYYYYYYYYYYYYYYYYYYYYY
Case #39:
ABCDEFGHIJKLMNOPQRSTUVWXY
ABCDEFGHIJKLMNOPQRSTUVWXY
ABCDEFGHIJKLMNOPQRSTUVWXY
ABCDEFGHIJKLMNOPQRSTUVWXY
ABCDEFGHIJKLMNOPQRSTUVWXY
ABCDEFGHIJKLMNOPQRSTUVWXY
ABCDEFGHIJKLMNOPQRSTUVWXY
ABCDEFGHIJKLMNOPQRSTUVWXY
ABCDEFGHIJKLMNOPQRSTUVWXY
ABCDEFGHIJKLMNOPQRSTUVWXY
ABCDEFGHIJKLMNOPQRSTUVWXY
ABCDEFGHIJKLMNOPQRSTUVWXY
ABCDEFGHIJKLMNOPQRSTUVWXY
ABCDEFGHIJKLMNOPQRSTUVWXY
ABCDEFGHIJKLMNOPQRSTUVWXY
ABCDEFGHIJKLMNOPQRSTUVWXY
ABCDEFGHIJKLMNOPQRSTUVWXY
ABCDEFGHIJKLMNOPQRSTUVWXY
ABCDEFGHIJKLMNOPQRSTUVWXY
ABCDEFGHIJKLMNOPQRSTUVWXY
ABCDEFGHIJKLMNOPQRSTUVWXY
ABCDEFGHIJKLMNOPQRSTUVWXY
ABCDEFGHIJKLMNOPQRSTUVWXY
ABCDEFGHIJKLMNOPQRSTUVWXY
ABCDEFGHIJKLMNOPQRSTUVWXY
Case #40:
IIIIIIIIIIIIIIIIIIIICCCC
GGGGGGGGGGGGGGGGGGGGMMMM
OOOOOOOOOOOOOOOOOOOOOOOO
HHHHHHHHHHHHHHHHHHHHHHHH
HHHHHHHHHHHHHHHHHHHHHHHH
HHHHHHHHHHHHHHHHHHHHHHHH
AAAAAAAAAAAJJJJJJJJJNNNN
TTTTTTTTTTTTTTTTTTTTTTTT
TTTTTTTTTTTTTTTTTTTTTTTT
KKKKKKKKKKKKKKKKKKKKKKKK
FFFFFFFFFFFFFFFFFFFFFFFF
EEEEEEEEEEEEEEEEEEEEEEEE
VVVVVVVVVVVVVVSSSSSSSSSS
RRRRRRRRRRRRRRRRRRRRRRDD
YYYYYYYYYYYYYYYYYYYYYYYY
YYYYYYYYYYYYYYYYYYYYYYYY
XXXXXXXXXXXXXXXXXXXXXXXB
LLLLLLLLLLLLLLLLLLLLLLLL
LLLLLLLLLLLLLLLLLLLLLLLL
LLLLLLLLLLLLLLLLLLLLLLLL
WWWWWWWWWWWWWWWWWWWWPPPP
WWWWWWWWWWWWWWWWWWWWPPPP
WWWWWWWWWWWWWWWWWWWWPPPP
UUUUUUUUUUUUUUUUUUQQQQQQ
UUUUUUUUUUUUUUUUUUQQQQQQ
Case #41:
LLLLLLLLLLSSSSSSSSSSSSSSS
LLLLLLLLLLSSSSSSSSSSSSSSS
HHHHHHHHHHHHHHHHHHHHHHHHC
HHHHHHHHHHHHHHHHHHHHHHHHC
HHHHHHHHHHHHHHHHHHHHHHHHC
HHHHHHHHHHHHHHHHHHHHHHHHC
BBBBBBBBBBBBBBBBBBBBBBBBB
TTTTTTTTTTTTTTTTTTTTTTTTT
YYYYYYYYYYYYYYYYXXXXXXXFU
QQQQQQQQQQQQQQQQQQQQQQQQQ
NNNNNNNNNNNNNNNNNNNNNNNNN
NNNNNNNNNNNNNNNNNNNNNNNNN
NNNNNNNNNNNNNNNNNNNNNNNNN
VVVVVVVVVVVVVVVVVVVVVVVVV
PPPPPPPPPPZZEEEEEEEEEEEEE
GGGGGGGGGGGGGGGGGGGGGGGJJ
GGGGGGGGGGGGGGGGGGGGGGGJJ
WWWWWWWWWWWWWWWWWWWWWWWWW
AAAAAAAAAAAAAAAAAAAAAAAAA
MMMMMMMMMMMMMMMDDDDDDDDDD
IIIIIIIIIIIIIIIIIIIIIIIII
OOOOOOOOOOOOOOOOOOOOOOOOO
KKKKKKKKKKKKKKKKKKKKKKKKK
RRRRRRRRRRRRRRRRRRRRRRRRR
RRRRRRRRRRRRRRRRRRRRRRRRR
Case #42:
AAAAAAAAABBBBBBBBBBBBBBBB
AAAAAAAAABBBBBBBBBBBBBBBB
AAAAAAAAABBBBBBBBBBBBBBBB
AAAAAAAAABBBBBBBBBBBBBBBB
AAAAAAAAABBBBBBBBBBBBBBBB
AAAAAAAAABBBBBBBBBBBBBBBB
AAAAAAAAABBBBBBBBBBBBBBBB
AAAAAAAAABBBBBBBBBBBBBBBB
AAAAAAAAABBBBBBBBBBBBBBBB
CCCCCCCCCCCCCCCCCCCCCCCCC
DDDDDDDDDDDDDDDDDDDDDDDDD
EEEEEEEEEEEEEEEEEEEEEEEEE
FFFFFFFFFFFFFFFFFFHHHHHHH
FFFFFFFFFFFFFFFFFFHHHHHHH
FFFFFFFFFFFFFFFFFFHHHHHHH
JJJJJJJJJJJJJJJJJJJJJJJJJ
GGGGGGGGGGGGGGGGGGGIIIIII
GGGGGGGGGGGGGGGGGGGIIIIII
GGGGGGGGGGGGGGGGGGGIIIIII
GGGGGGGGGGGGGGGGGGGIIIIII
GGGGGGGGGGGGGGGGGGGIIIIII
GGGGGGGGGGGGGGGGGGGIIIIII
GGGGGGGGGGGGGGGGGGGIIIIII
GGGGGGGGGGGGGGGGGGGIIIIII
GGGGGGGGGGGGGGGGGGGIIIIII
Case #43:
CCCCCCCCCCCCCCCCCCCCCCCCC
WWWWWWWWWWWWWWWWWWWWWWWWW
UUUUUUUUUUUUUUUUUUUUUUUUU
YYYYYYYYYYYYYYYYYYYYYYYYY
LLLLLLLLLLLLLLLLLLLLLLLLL
IIIIIIIIIIIIIIIIIIIIIIIII
PPPPPPPPPPPPPPPPPPPPPPPPP
QQQQQQQQQQQQQQQQQQQQQQQQQ
SSSSSSOOOOOOOOOOOOOOOOOOO
GGGGGGGGGGGGGGGGGGGGGGGGG
GGGGGGGGGGGGGGGGGGGGGGGGG
EEEEEEEEEEEEEEEEEEEEEEEEE
XXXXXXXXXXXXXXXXXXXXXXXXX
ZZZZZZZZZZZZZZZBBTTTTTTTT
ZZZZZZZZZZZZZZZBBTTTTTTTT
ZZZZZZZZZZZZZZZBBTTTTTTTT
FFFFFFFFFFFFFFFFFFFFFFFFF
HHHHHHHHHHHHHHHHHHNDDDDKK
HHHHHHHHHHHHHHHHHHNDDDDKK
HHHHHHHHHHHHHHHHHHNDDDDKK
MMMMMMMMMMMMMMMMMMMMMMVVV
JJJJJJJJJJJJJJJJJJJJJJJJJ
JJJJJJJJJJJJJJJJJJJJJJJJJ
AAAAAAAAAAAAAAAAAAAAAAAAA
RRRRRRRRRRRRRRRRRRRRRRRRR
Case #44:
HHHHHHHHHHHHHHHHHHHHHHHHH
TTTTTTTTTTTTTTTTTTTTTTXXX
PPPPPPPPPPPPPPPPPPPPPPPPP
PPPPPPPPPPPPPPPPPPPPPPPPP
PPPPPPPPPPPPPPPPPPPPPPPPP
QQQQQQQQQQQQQQQQQQQQQQQQQ
DDDDDDDDDDDDDDCCCCCCFFFFF
DDDDDDDDDDDDDDCCCCCCFFFFF
VVGGGBBBBBBBBBBBBBBBBBBBB
VVGGGBBBBBBBBBBBBBBBBBBBB
VVGGGBBBBBBBBBBBBBBBBBBBB
MMMMMMMMMMMMMMMMMMMMMMMMM
YYYYYYYYYYYYYYYYYYYYYYYYY
KKKKKKKKKKKKKKKKKKKKKKKKK
JJJJWWWWWWWWWWWWWWNNNNNNN
UUUUUUUUUUUUUUUUUUUUUUUUU
UUUUUUUUUUUUUUUUUUUUUUUUU
AAAAAAAAAAAAAAAAAAAASSSSS
LLLLLLLLLLLLRRRRRRRRRRRRR
EEEEEEEEEEEEEEEEEEEEEEEEE
EEEEEEEEEEEEEEEEEEEEEEEEE
ZZZZZZZZZZZZZZZZOOOOOOOOO
ZZZZZZZZZZZZZZZZOOOOOOOOO
IIIIIIIIIIIIIIIIIIIIIIIII
IIIIIIIIIIIIIIIIIIIIIIIII
Case #45:
AAAAAAAAAAAAAAAAAAAAAAAAA
BBBBBBBBBBBBBBBBBBBBBBBBB
CCCCCCCCCCCCCCCCCCCCCCCCC
DDDDDDDDDDDDDDDDDDDDDDDDD
EEEEEEEEEEEEEEEEEEEEEEEEE
FFFFFFFFFFFFFFFFFFFFFFFFF
GGGGGGGGGGGGGGGGGGGGGGGGG
HHHHHHHHHHHHHHHHHHHHHHHHH
IIIIIIIIIIIIIIIIIIIIIIIII
JJJJJJJJJJJJJJJJJJJJJJJJJ
KKKKKKKKKKKKKKKKKKKKKKKKK
LLLLLLLLLLLLLLLLLLLLLLLLL
MMMMMMMMMMMMMMMMMMMMMMMMM
NNNNNNNNNNNNNNNNNNNNNNNNN
OOOOOOOOOOOOOOOOOOOOOOOOO
PPPPPPPPPPPPPPPPPPPPPPPPP
QQQQQQQQQQQQQQQQQQQQQQQQQ
RRRRRRRRRRRRRRRRRRRRRRRRR
SSSSSSSSSSSSSSSSSSSSSSSSS
TTTTTTTTTTTTTTTTTTTTTTTTT
UUUUUUUUUUUUUUUUUUUUUUUUU
VVVVVVVVVVVVVVVVVVVVVVVVV
WWWWWWWWWWWWWWWWWWWWWWWWW
XXXXXXXXXXXXXXXXXXXXXXXXX
YYYYYYYYYYYYYYYYYYYYYYYYY
Case #46:
LLCHAADDDGJJJEIIFFBBBBKMM
Case #47:
ABCDEFGHIJKLMNOPQRSTUVWXY
ABCDEFGHIJKLMNOPQRSTUVWXY
ABCDEFGHIJKLMNOPQRSTUVWXY
ABCDEFGHIJKLMNOPQRSTUVWXY
ABCDEFGHIJKLMNOPQRSTUVWXY
ABCDEFGHIJKLMNOPQRSTUVWXY
ABCDEFGHIJKLMNOPQRSTUVWXY
ABCDEFGHIJKLMNOPQRSTUVWXY
ABCDEFGHIJKLMNOPQRSTUVWXY
ABCDEFGHIJKLMNOPQRSTUVWXY
ABCDEFGHIJKLMNOPQRSTUVWXY
ABCDEFGHIJKLMNOPQRSTUVWXY
ABCDEFGHIJKLMNOPQRSTUVWXY
ABCDEFGHIJKLMNOPQRSTUVWXY
ABCDEFGHIJKLMNOPQRSTUVWXY
ABCDEFGHIJKLMNOPQRSTUVWXY
ABCDEFGHIJKLMNOPQRSTUVWXY
ABCDEFGHIJKLMNOPQRSTUVWXY
ABCDEFGHIJKLMNOPQRSTUVWXY
ABCDEFGHIJKLMNOPQRSTUVWXY
ABCDEFGHIJKLMNOPQRSTUVWXY
ABCDEFGHIJKLMNOPQRSTUVWXY
ABCDEFGHIJKLMNOPQRSTUVWXY
ABCDEFGHIJKLMNOPQRSTUVWXY
ABCDEFGHIJKLMNOPQRSTUVWXY
Case #48:
ABCDEFGHIJKLMNOPQRSTUVWXY
ABCDEFGHIJKLMNOPQRSTUVWXY
ABCDEFGHIJKLMNOPQRSTUVWXY
ABCDEFGHIJKLMNOPQRSTUVWXY
ABCDEFGHIJKLMNOPQRSTUVWXY
ABCDEFGHIJKLMNOPQRSTUVWXY
ABCDEFGHIJKLMNOPQRSTUVWXY
ABCDEFGHIJKLMNOPQRSTUVWXY
ABCDEFGHIJKLMNOPQRSTUVWXY
ABCDEFGHIJKLMNOPQRSTUVWXY
ABCDEFGHIJKLMNOPQRSTUVWXY
ABCDEFGHIJKLMNOPQRSTUVWXY
ABCDEFGHIJKLMNOPQRSTUVWXY
ABCDEFGHIJKLMNOPQRSTUVWXY
ABCDEFGHIJKLMNOPQRSTUVWXY
ABCDEFGHIJKLMNOPQRSTUVWXY
ABCDEFGHIJKLMNOPQRSTUVWXY
ABCDEFGHIJKLMNOPQRSTUVWXY
ABCDEFGHIJKLMNOPQRSTUVWXY
ABCDEFGHIJKLMNOPQRSTUVWXY
ABCDEFGHIJKLMNOPQRSTUVWXY
ABCDEFGHIJKLMNOPQRSTUVWXY
ABCDEFGHIJKLMNOPQRSTUVWXY
ABCDEFGHIJKLMNOPQRSTUVWXY
ABCDEFGHIJKLMNOPQRSTUVWXY
Case #49:
ABCDEFGHIJKLMNOPQRSTUVWXY
ABCDEFGHIJKLMNOPQRSTUVWXY
ABCDEFGHIJKLMNOPQRSTUVWXY
ABCDEFGHIJKLMNOPQRSTUVWXY
ABCDEFGHIJKLMNOPQRSTUVWXY
ABCDEFGHIJKLMNOPQRSTUVWXY
ABCDEFGHIJKLMNOPQRSTUVWXY
ABCDEFGHIJKLMNOPQRSTUVWXY
ABCDEFGHIJKLMNOPQRSTUVWXY
ABCDEFGHIJKLMNOPQRSTUVWXY
ABCDEFGHIJKLMNOPQRSTUVWXY
ABCDEFGHIJKLMNOPQRSTUVWXY
ABCDEFGHIJKLMNOPQRSTUVWXY
ABCDEFGHIJKLMNOPQRSTUVWXY
ABCDEFGHIJKLMNOPQRSTUVWXY
ABCDEFGHIJKLMNOPQRSTUVWXY
ABCDEFGHIJKLMNOPQRSTUVWXY
ABCDEFGHIJKLMNOPQRSTUVWXY
ABCDEFGHIJKLMNOPQRSTUVWXY
ABCDEFGHIJKLMNOPQRSTUVWXY
ABCDEFGHIJKLMNOPQRSTUVWXY
ABCDEFGHIJKLMNOPQRSTUVWXY
ABCDEFGHIJKLMNOPQRSTUVWXY
ABCDEFGHIJKLMNOPQRSTUVWXY
ABCDEFGHIJKLMNOPQRSTUVWXY
Case #50:
A
Case #51:
AA
AA
Case #52:
ABCDEFGHIJKLMNOPQRSTUVWXY
ABCDEFGHIJKLMNOPQRSTUVWXY
ABCDEFGHIJKLMNOPQRSTUVWXY
ABCDEFGHIJKLMNOPQRSTUVWXY
ABCDEFGHIJKLMNOPQRSTUVWXY
ABCDEFGHIJKLMNOPQRSTUVWXY
ABCDEFGHIJKLMNOPQRSTUVWXY
ABCDEFGHIJKLMNOPQRSTUVWXY
ABCDEFGHIJKLMNOPQRSTUVWXY
ABCDEFGHIJKLMNOPQRSTUVWXY
ABCDEFGHIJKLMNOPQRSTUVWXY
ABCDEFGHIJKLMNOPQRSTUVWXY
ABCDEFGHIJKLMNOPQRSTUVWXY
ABCDEFGHIJKLMNOPQRSTUVWXY
ABCDEFGHIJKLMNOPQRSTUVWXY
ABCDEFGHIJKLMNOPQRSTUVWXY
ABCDEFGHIJKLMNOPQRSTUVWXY
ABCDEFGHIJKLMNOPQRSTUVWXY
ABCDEFGHIJKLMNOPQRSTUVWXY
ABCDEFGHIJKLMNOPQRSTUVWXY
ABCDEFGHIJKLMNOPQRSTUVWXY
ABCDEFGHIJKLMNOPQRSTUVWXY
ABCDEFGHIJKLMNOPQRSTUVWXY
ABCDEFGHIJKLMNOPQRSTUVWXY
ABCDEFGHIJKLMNOPQRSTUVWXY
Case #53:
ADBCI
NJMGE
LKFFH
Case #54:
AAAACCCCCCCCCCCCCCCCCCCCC
AAAACCCCCCCCCCCCCCCCCCCCC
AAAACCCCCCCCCCCCCCCCCCCCC
AAAACCCCCCCCCCCCCCCCCCCCC
EEEEEEEEEEEEEEEEEEEEEEEEE
BBBBBDDDDDDDDDDDDDDDDDDDD
BBBBBDDDDDDDDDDDDDDDDDDDD
BBBBBDDDDDDDDDDDDDDDDDDDD
BBBBBDDDDDDDDDDDDDDDDDDDD
FFFFFFFFFFFFFFFFFFFFGGGGG
FFFFFFFFFFFFFFFFFFFFGGGGG
FFFFFFFFFFFFFFFFFFFFGGGGG
FFFFFFFFFFFFFFFFFFFFGGGGG
FFFFFFFFFFFFFFFFFFFFGGGGG
FFFFFFFFFFFFFFFFFFFFGGGGG
FFFFFFFFFFFFFFFFFFFFGGGGG
FFFFFFFFFFFFFFFFFFFFGGGGG
FFFFFFFFFFFFFFFFFFFFGGGGG
FFFFFFFFFFFFFFFFFFFFGGGGG
FFFFFFFFFFFFFFFFFFFFGGGGG
HHHHHHHHHHHHHHHHHHHHHHHHH
IIIIIIIIIIIIIIIIIIIIIIIII
JJJJJJJJJJJJJJJJJJJJJJJJJ
JJJJJJJJJJJJJJJJJJJJJJJJJ
JJJJJJJJJJJJJJJJJJJJJJJJJ
Case #55:
BBBBBBBBBNNNJJJJJJJJJJJJJ
AAAAZZZZZTYYYYYYYYYYYYYYY
QQQQQQQQQEEEEEEEEEEEEEEEE
HHHHHHHHHHHLLLLLLLLLLLLLL
XXXXXXXXXXFFRRRRRRRRRRRRR
SSSSKKKKKGGGGGGGGGGGGGGGG
VVVVVVVVVVVVVVVVVVVVVVVVV
PPPPPPDDDDDDDDDDDDDDDDDDD
OOOOOOOWWWWWWWWWWWWWWWWWW
IIIIUUUCCCCCCCCCCCCCCCCCC
MMMMMMMMMMMMMMMMMMMMMMMMM
MMMMMMMMMMMMMMMMMMMMMMMMM
MMMMMMMMMMMMMMMMMMMMMMMMM
MMMMMMMMMMMMMMMMMMMMMMMMM
MMMMMMMMMMMMMMMMMMMMMMMMM
MMMMMMMMMMMMMMMMMMMMMMMMM
MMMMMMMMMMMMMMMMMMMMMMMMM
MMMMMMMMMMMMMMMMMMMMMMMMM
MMMMMMMMMMMMMMMMMMMMMMMMM
MMMMMMMMMMMMMMMMMMMMMMMMM
MMMMMMMMMMMMMMMMMMMMMMMMM
MMMMMMMMMMMMMMMMMMMMMMMMM
MMMMMMMMMMMMMMMMMMMMMMMMM
MMMMMMMMMMMMMMMMMMMMMMMMM
MMMMMMMMMMMMMMMMMMMMMMMMM
Case #56:
AAAAAAAAAAAACCCCCCCCCCCCC
AAAAAAAAAAAACCCCCCCCCCCCC
AAAAAAAAAAAACCCCCCCCCCCCC
AAAAAAAAAAAACCCCCCCCCCCCC
AAAAAAAAAAAACCCCCCCCCCCCC
AAAAAAAAAAAACCCCCCCCCCCCC
EEEEEEEEEEEEEEEEEEEEEEEEE
BBBBBBBBBBBBBDDDDDDDDDDDD
BBBBBBBBBBBBBDDDDDDDDDDDD
BBBBBBBBBBBBBDDDDDDDDDDDD
BBBBBBBBBBBBBDDDDDDDDDDDD
BBBBBBBBBBBBBDDDDDDDDDDDD
BBBBBBBBBBBBBDDDDDDDDDDDD
BBBBBBBBBBBBBDDDDDDDDDDDD
BBBBBBBBBBBBBDDDDDDDDDDDD
BBBBBBBBBBBBBDDDDDDDDDDDD
BBBBBBBBBBBBBDDDDDDDDDDDD
BBBBBBBBBBBBBDDDDDDDDDDDD
BBBBBBBBBBBBBDDDDDDDDDDDD
BBBBBBBBBBBBBDDDDDDDDDDDD
BBBBBBBBBBBBBDDDDDDDDDDDD
BBBBBBBBBBBBBDDDDDDDDDDDD
BBBBBBBBBBBBBDDDDDDDDDDDD
BBBBBBBBBBBBBDDDDDDDDDDDD
BBBBBBBBBBBBBDDDDDDDDDDDD
Case #57:
AAAAAACCCCCCCCCCCCCCCCCCC
EEEEEEEEEEEEEEEEEEEEEEEEE
BBBBBBBDDDDDDDDDDDDDDDDDD
BBBBBBBDDDDDDDDDDDDDDDDDD
BBBBBBBDDDDDDDDDDDDDDDDDD
BBBBBBBDDDDDDDDDDDDDDDDDD
FFFFFFFFFFFFFFFFFFFFGGGGG
FFFFFFFFFFFFFFFFFFFFGGGGG
FFFFFFFFFFFFFFFFFFFFGGGGG
FFFFFFFFFFFFFFFFFFFFGGGGG
FFFFFFFFFFFFFFFFFFFFGGGGG
FFFFFFFFFFFFFFFFFFFFGGGGG
FFFFFFFFFFFFFFFFFFFFGGGGG
FFFFFFFFFFFFFFFFFFFFGGGGG
FFFFFFFFFFFFFFFFFFFFGGGGG
FFFFFFFFFFFFFFFFFFFFGGGGG
FFFFFFFFFFFFFFFFFFFFGGGGG
FFFFFFFFFFFFFFFFFFFFGGGGG
FFFFFFFFFFFFFFFFFFFFGGGGG
FFFFFFFFFFFFFFFFFFFFGGGGG
FFFFFFFFFFFFFFFFFFFFGGGGG
HHHHHHHHHHHHHHHHHHHHHHHHH
IIIIIIIIIIIIIIIIIIIIIIIII
JJJJJJJJJJJJJJJJJJJJJJJJJ
JJJJJJJJJJJJJJJJJJJJJJJJJ
Case #58:
DDDDC
FFFAG
EEEEE
BBBBB
BBBBB
BBBBB
BBBBB
Case #59:
AAAAABBBBBBBBBBBBBBBBBBBB
AAAAABBBBBBBBBBBBBBBBBBBB
AAAAABBBBBBBBBBBBBBBBBBBB
AAAAABBBBBBBBBBBBBBBBBBBB
AAAAABBBBBBBBBBBBBBBBBBBB
AAAAABBBBBBBBBBBBBBBBBBBB
AAAAABBBBBBBBBBBBBBBBBBBB
AAAAABBBBBBBBBBBBBBBBBBBB
CCCCCCCCCCCCCCCCCCCCCCCCC
DDDDDDDDDDDDDDDDDDDDDDDDD
EEEEEEEEEEEEEEEEEEEEEEEEE
FFFFFFFFFFFFFFFHHHHHHHHHH
FFFFFFFFFFFFFFFHHHHHHHHHH
JJJJJJJJJJJJJJJJJJJJJJJJJ
GGGGGGGGGGGGGGGGIIIIIIIII
GGGGGGGGGGGGGGGGIIIIIIIII
GGGGGGGGGGGGGGGGIIIIIIIII
GGGGGGGGGGGGGGGGIIIIIIIII
GGGGGGGGGGGGGGGGIIIIIIIII
GGGGGGGGGGGGGGGGIIIIIIIII
GGGGGGGGGGGGGGGGIIIIIIIII
GGGGGGGGGGGGGGGGIIIIIIIII
GGGGGGGGGGGGGGGGIIIIIIIII
GGGGGGGGGGGGGGGGIIIIIIIII
GGGGGGGGGGGGGGGGIIIIIIIII
Case #60:
AAAAAAAAAAAABBBBBBBBBBBBB
AAAAAAAAAAAABBBBBBBBBBBBB
AAAAAAAAAAAABBBBBBBBBBBBB
AAAAAAAAAAAABBBBBBBBBBBBB
AAAAAAAAAAAABBBBBBBBBBBBB
AAAAAAAAAAAABBBBBBBBBBBBB
AAAAAAAAAAAABBBBBBBBBBBBB
AAAAAAAAAAAABBBBBBBBBBBBB
AAAAAAAAAAAABBBBBBBBBBBBB
AAAAAAAAAAAABBBBBBBBBBBBB
AAAAAAAAAAAABBBBBBBBBBBBB
AAAAAAAAAAAABBBBBBBBBBBBB
CCCCCCCCCCCCCCCCCCCCCCCCC
DDDDDDDDDDDDDDDDDDDDDDDDD
EEEEEEEEEEEEEEEEEEEEEEEEE
EEEEEEEEEEEEEEEEEEEEEEEEE
EEEEEEEEEEEEEEEEEEEEEEEEE
EEEEEEEEEEEEEEEEEEEEEEEEE
EEEEEEEEEEEEEEEEEEEEEEEEE
EEEEEEEEEEEEEEEEEEEEEEEEE
EEEEEEEEEEEEEEEEEEEEEEEEE
EEEEEEEEEEEEEEEEEEEEEEEEE
EEEEEEEEEEEEEEEEEEEEEEEEE
EEEEEEEEEEEEEEEEEEEEEEEEE
EEEEEEEEEEEEEEEEEEEEEEEEE
Case #61:
AAACCCCCCCCCCCCCCCCCCCCCC
AAACCCCCCCCCCCCCCCCCCCCCC
AAACCCCCCCCCCCCCCCCCCCCCC
AAACCCCCCCCCCCCCCCCCCCCCC
AAACCCCCCCCCCCCCCCCCCCCCC
AAACCCCCCCCCCCCCCCCCCCCCC
AAACCCCCCCCCCCCCCCCCCCCCC
AAACCCCCCCCCCCCCCCCCCCCCC
AAACCCCCCCCCCCCCCCCCCCCCC
AAACCCCCCCCCCCCCCCCCCCCCC
AAACCCCCCCCCCCCCCCCCCCCCC
EEEEEEEEEEEEEEEEEEEEEEEEE
BBBBDDDDDDDDDDDDDDDDDDDDD
BBBBDDDDDDDDDDDDDDDDDDDDD
BBBBDDDDDDDDDDDDDDDDDDDDD
BBBBDDDDDDDDDDDDDDDDDDDDD
BBBBDDDDDDDDDDDDDDDDDDDDD
BBBBDDDDDDDDDDDDDDDDDDDDD
BBBBDDDDDDDDDDDDDDDDDDDDD
BBBBDDDDDDDDDDDDDDDDDDDDD
BBBBDDDDDDDDDDDDDDDDDDDDD
BBBBDDDDDDDDDDDDDDDDDDDDD
BBBBDDDDDDDDDDDDDDDDDDDDD
BBBBDDDDDDDDDDDDDDDDDDDDD
BBBBDDDDDDDDDDDDDDDDDDDDD
Case #62:
AACCCCCCCCCCCCCCCCCCCCCCC
AACCCCCCCCCCCCCCCCCCCCCCC
AACCCCCCCCCCCCCCCCCCCCCCC
AACCCCCCCCCCCCCCCCCCCCCCC
AACCCCCCCCCCCCCCCCCCCCCCC
AACCCCCCCCCCCCCCCCCCCCCCC
AACCCCCCCCCCCCCCCCCCCCCCC
EEEEEEEEEEEEEEEEEEEEEEEEE
BBBDDDDDDDDDDDDDDDDDDDDDD
BBBDDDDDDDDDDDDDDDDDDDDDD
BBBDDDDDDDDDDDDDDDDDDDDDD
BBBDDDDDDDDDDDDDDDDDDDDDD
FFFFFFFFFFFFFFFFFFFFFGGGG
FFFFFFFFFFFFFFFFFFFFFGGGG
FFFFFFFFFFFFFFFFFFFFFGGGG
FFFFFFFFFFFFFFFFFFFFFGGGG
FFFFFFFFFFFFFFFFFFFFFGGGG
FFFFFFFFFFFFFFFFFFFFFGGGG
HHHHHHHHHHHHHHHHHHHHHHHHH
IIIIIIIIIIIIIIIIIIIIIIIII
JJJJJJJJJJJJJJJJJJJJJJJJJ
JJJJJJJJJJJJJJJJJJJJJJJJJ
JJJJJJJJJJJJJJJJJJJJJJJJJ
JJJJJJJJJJJJJJJJJJJJJJJJJ
JJJJJJJJJJJJJJJJJJJJJJJJJ
Case #63:
QQQQQQQQQQQQQQQQQQQQQQQQQ
JJJJJJJJJJJJJJJJJJJJJJJJJ
NNNNNNNNNNNNNNNNNNHHHHHHH
WWWWWWWWWWWWWWWWWWWIIIIII
OOOOOOOOOOOOOOOOOOOOOOOOO
RRRRRRRRRRRRRRRRRRRRRRRRR
SSSSSSSSSSSSSSSSSAAAAAAAA
FFFFFFFFFFFFFFFFFFFFFFFFF
EEEEEEEEEEEEEEEEEEEEEEEEE
EEEEEEEEEEEEEEEEEEEEEEEEE
KKKKKKKKKKKKKKKKKKKKKKKKK
YYYYYYYYYYYYYYYYYYYYYYYYY
YYYYYYYYYYYYYYYYYYYYYYYYY
YYYYYYYYYYYYYYYYYYYYYYYYY
YYYYYYYYYYYYYYYYYYYYYYYYY
TTTTTTTTTTTTTTTTTTTTTTTTT
BBBBBBBBBBBBBBBBBBBBPPPPP
CCCCCCCCCCCCCCCCCCCCCCCCC
XXXXXXXXXXXXXXXXXXXXXXXUU
MMMMMMMMMMMMMMMGGGGGGGGGG
VVVVVVVVVVVVVVVVVVVVVVVVL
VVVVVVVVVVVVVVVVVVVVVVVVL
DDDDDDDDDDDDDDDDDDDDDDDDD
DDDDDDDDDDDDDDDDDDDDDDDDD
Case #64:
OKHJNA
GGFLBE
DDDIMP
CCCCCC
CCCCCC
CCCCCC
Case #65:
AAAAAAAAAAAAABBBBBBBBBBBB
AAAAAAAAAAAAABBBBBBBBBBBB
AAAAAAAAAAAAABBBBBBBBBBBB
AAAAAAAAAAAAABBBBBBBBBBBB
AAAAAAAAAAAAABBBBBBBBBBBB
AAAAAAAAAAAAABBBBBBBBBBBB
AAAAAAAAAAAAABBBBBBBBBBBB
AAAAAAAAAAAAABBBBBBBBBBBB
AAAAAAAAAAAAABBBBBBBBBBBB
AAAAAAAAAAAAABBBBBBBBBBBB
AAAAAAAAAAAAABBBBBBBBBBBB
AAAAAAAAAAAAABBBBBBBBBBBB
AAAAAAAAAAAAABBBBBBBBBBBB
AAAAAAAAAAAAABBBBBBBBBBBB
AAAAAAAAAAAAABBBBBBBBBBBB
AAAAAAAAAAAAABBBBBBBBBBBB
AAAAAAAAAAAAABBBBBBBBBBBB
AAAAAAAAAAAAABBBBBBBBBBBB
AAAAAAAAAAAAABBBBBBBBBBBB
AAAAAAAAAAAAABBBBBBBBBBBB
AAAAAAAAAAAAABBBBBBBBBBBB
AAAAAAAAAAAAABBBBBBBBBBBB
CCCCCCCCCCCCCCCCCCCCCCCCC
DDDDDDDDDDDDDDDDDDDDDDDDD
EEEEEEEEEEEEEEEEEEEEEEEEE
Case #66:
ACCCCCCCCCCCCCCCCCCCCCCCC
ACCCCCCCCCCCCCCCCCCCCCCCC
ACCCCCCCCCCCCCCCCCCCCCCCC
ACCCCCCCCCCCCCCCCCCCCCCCC
ACCCCCCCCCCCCCCCCCCCCCCCC
ACCCCCCCCCCCCCCCCCCCCCCCC
ACCCCCCCCCCCCCCCCCCCCCCCC
ACCCCCCCCCCCCCCCCCCCCCCCC
ACCCCCCCCCCCCCCCCCCCCCCCC
ACCCCCCCCCCCCCCCCCCCCCCCC
ACCCCCCCCCCCCCCCCCCCCCCCC
ACCCCCCCCCCCCCCCCCCCCCCCC
ACCCCCCCCCCCCCCCCCCCCCCCC
EEEEEEEEEEEEEEEEEEEEEEEEE
BBDDDDDDDDDDDDDDDDDDDDDDD
BBDDDDDDDDDDDDDDDDDDDDDDD
BBDDDDDDDDDDDDDDDDDDDDDDD
BBDDDDDDDDDDDDDDDDDDDDDDD
BBDDDDDDDDDDDDDDDDDDDDDDD
BBDDDDDDDDDDDDDDDDDDDDDDD
BBDDDDDDDDDDDDDDDDDDDDDDD
BBDDDDDDDDDDDDDDDDDDDDDDD
BBDDDDDDDDDDDDDDDDDDDDDDD
BBDDDDDDDDDDDDDDDDDDDDDDD
BBDDDDDDDDDDDDDDDDDDDDDDD
Case #67:
AA
Case #68:
JJJJJJJJJJJJJJJJJJJJJJJJJ
JJJJJJJJJJJJJJJJJJJJJJJJJ
JJJJJJJJJJJJJJJJJJJJJJJJJ
JJJJJJJJJJJJJJJJJJJJJJJJJ
JJJJJJJJJJJJJJJJJJJJJJJJJ
JJJJJJJJJJJJJJJJJJJJJJJJJ
JJJJJJJJJJJJJJJJJJJJJJJJJ
JJJJJJJJJJJJJJJJJJJJJJJJJ
JJJJJJJJJJJJJJJJJJJJJJJJJ
JJJJJJJJJJJJJJJJJJJJJJJJJ
JJJJJJJJJJJJJJJJJJJJJJJJJ
JJJJJJJJJJJJJJJJJJJJJJJJJ
JJJJJJJJJJJJJJJJJJJJJJJJJ
JJJJJJJJJJJJJJJJJJJJJJJJJ
JJJJJJJJJJJJJJJJJJJJJJJJJ
JJJJJJJJJJJJJJJJJJJJJJJJJ
JJJJJJJJJJJJJJJJJJJJJJJJJ
JJJJJJJJJJJJJJJJJJJJJJJJJ
JJJJJJJJJJJJJJJJJJJJJJJJJ
PPPPPPPPPPPPPPPPWMMMMMMMM
GGGGGGGGGGGGGGGGGGOOOOOOO
BBBBBBBBBBBBBBBBBBBYYYYYY
LLLLLLLLLLLLLZNDQQXEUUUUU
IIIIIIIIIIIIIIITKKKRRRRRR
AAAAAAAAAAAAACCSSHVVVFFFF
Case #69:
YYYYYYYYYYYYYIIIIIIIIIIII
KKKKKKKKKKKKKKKKKKKKKKKKK
KKKKKKKKKKKKKKKKKKKKKKKKK
DDDDDDDDDDDDDDDDDDDDDDDDD
DDDDDDDDDDDDDDDDDDDDDDDDD
DDDDDDDDDDDDDDDDDDDDDDDDD
CCCCCCCCCCCCCCCCCCCCCCCCC
VVVVVVVVVVVVVVVVVVVVVVVVV
HHHHHHHHHHHHHHHHHHHHHHHGG
BBBBBBBBBBBBBBBBBBBBBBBBB
UUUUUUUUUUUUUUUUUUUUMMMMM
ZZZZZZZZZZZZZZZZZZZZZZZZZ
TTTTTTTTTTTTTTTTTTTTTTTTT
JJJJJJJJJJJJJJJJJJJJJJJJE
OOOOOOOOOOOOOOOOOOOOOOOOO
OOOOOOOOOOOOOOOOOOOOOOOOO
PPPPPPPPPPPPPPPPPPPPPPPPP
XXXXXXXXXXXXXXXXXXXFFFNNN
WWWWWWWWWWRRRRRRRRRRRRRRR
WWWWWWWWWWRRRRRRRRRRRRRRR
WWWWWWWWWWRRRRRRRRRRRRRRR
WWWWWWWWWWRRRRRRRRRRRRRRR
QQQQQLLLLLLLLLLLLLLAAAAAA
QQQQQLLLLLLLLLLLLLLAAAAAA
SSSSSSSSSSSSSSSSSSSSSSSSS
Case #70:
CCCCCCCCCCCCCCCCCCCCCCCCC
CCCCCCCCCCCCCCCCCCCCCCCCC
CCCCCCCCCCCCCCCCCCCCCCCCC
CCCCCCCCCCCCCCCCCCCCCCCCC
CCCCCCCCCCCCCCCCCCCCCCCCC
CCCCCCCCCCCCCCCCCCCCCCCCC
CCCCCCCCCCCCCCCCCCCCCCCCC
CCCCCCCCCCCCCCCCCCCCCCCCC
CCCCCCCCCCCCCCCCCCCCCCCCC
CCCCCCCCCCCCCCCCCCCCCCCCC
CCCCCCCCCCCCCCCCCCCCCCCCC
CCCCCCCCCCCCCCCCCCCCCCCCC
CCCCCCCCCCCCCCCCCCCCCCCCC
CCCCCCCCCCCCCCCCCCCCCCCCC
CCCCCCCCCCCCCCCCCCCCCCCCC
CCCCCCCCCCCCCCCCCCCCCCCCC
CCCCCCCCCCCCCCCCCCCCCCCCC
CCCCCCCCCCCCCCCCCCCCCCCCC
CCCCCCCCCCCCCCCCCCCCCCCCC
JJJJJJJJJJJJJJJJJJJJJJJJJ
KKKKKKKKKKKKTTEEEEEEEEEEE
UUUUUUUUUUFIIIDYYYYYYYYYY
HHHHHHHHHHHAAAAPSSSSSSSSS
MMMMMMMMMMMGVVXZQQQQQQQQQ
LLLLLLLLLNNNNWOORBBBBBBBB
Case #71:
AAAAAAAABBBBBBBBBBBBBBBBB
AAAAAAAABBBBBBBBBBBBBBBBB
AAAAAAAABBBBBBBBBBBBBBBBB
AAAAAAAABBBBBBBBBBBBBBBBB
AAAAAAAABBBBBBBBBBBBBBBBB
AAAAAAAABBBBBBBBBBBBBBBBB
AAAAAAAABBBBBBBBBBBBBBBBB
CCCCCCCCCCCCCCCCCCCCCCCCC
DDDDDDDDDDDDDDDDDDDDDDDDD
EEEEEEEEEEEEEEEEEEEEEEEEE
EEEEEEEEEEEEEEEEEEEEEEEEE
EEEEEEEEEEEEEEEEEEEEEEEEE
EEEEEEEEEEEEEEEEEEEEEEEEE
EEEEEEEEEEEEEEEEEEEEEEEEE
EEEEEEEEEEEEEEEEEEEEEEEEE
EEEEEEEEEEEEEEEEEEEEEEEEE
EEEEEEEEEEEEEEEEEEEEEEEEE
EEEEEEEEEEEEEEEEEEEEEEEEE
EEEEEEEEEEEEEEEEEEEEEEEEE
EEEEEEEEEEEEEEEEEEEEEEEEE
EEEEEEEEEEEEEEEEEEEEEEEEE
EEEEEEEEEEEEEEEEEEEEEEEEE
EEEEEEEEEEEEEEEEEEEEEEEEE
EEEEEEEEEEEEEEEEEEEEEEEEE
EEEEEEEEEEEEEEEEEEEEEEEEE
Case #72:
AAAAAAAAAABBBBBBBBBBBBBBB
AAAAAAAAAABBBBBBBBBBBBBBB
AAAAAAAAAABBBBBBBBBBBBBBB
AAAAAAAAAABBBBBBBBBBBBBBB
AAAAAAAAAABBBBBBBBBBBBBBB
CCCCCCCCCCCCCCCCCCCCCCCCC
DDDDDDDDDDDDDDDDDDDDDDDDD
EEEEEEEEEEEEEEEEEEEEEEEEE
FFFFFFFFFFFFFFFFFFFFHHHHH
FFFFFFFFFFFFFFFFFFFFHHHHH
FFFFFFFFFFFFFFFFFFFFHHHHH
FFFFFFFFFFFFFFFFFFFFHHHHH
FFFFFFFFFFFFFFFFFFFFHHHHH
JJJJJJJJJJJJJJJJJJJJJJJJJ
GGGGGGGGGGGGGGGGGGGGGIIII
GGGGGGGGGGGGGGGGGGGGGIIII
GGGGGGGGGGGGGGGGGGGGGIIII
GGGGGGGGGGGGGGGGGGGGGIIII
GGGGGGGGGGGGGGGGGGGGGIIII
GGGGGGGGGGGGGGGGGGGGGIIII
GGGGGGGGGGGGGGGGGGGGGIIII
GGGGGGGGGGGGGGGGGGGGGIIII
GGGGGGGGGGGGGGGGGGGGGIIII
GGGGGGGGGGGGGGGGGGGGGIIII
GGGGGGGGGGGGGGGGGGGGGIIII
Case #73:
A
B
Case #74:
TTTTTTTTTTTTTTTTTTTTTTTTT
OOOOOOHHHHHHHHHHHHHHQQQQQ
OOOOOOHHHHHHHHHHHHHHQQQQQ
MMMMMMMMMMMMMMMMMMMMMMMMM
MMMMMMMMMMMMMMMMMMMMMMMMM
SSSSSSSSSSSSSSSSSSSSSSSSS
XXXXXXWWWWWWWWWWWWWWJJJJJ
XXXXXXWWWWWWWWWWWWWWJJJJJ
ZZZZZZZZZZZZZZZZZZZZZZZZZ
ZZZZZZZZZZZZZZZZZZZZZZZZZ
AAAAAAAAAAAAAAAAAAAAAAAAA
IIIIIIIIIIIIDDDDDDDDDDDDD
PPPPPPPPPPPPPPPNNNNNNNNNN
UUUUUUUUUUUUUUUUUUUKKKKKK
FFFFFFFFFFFFFFFFFFFFFFFFF
GGGGGGGGGGGGGGGGGGGGGGGGG
RRRRRRRRRRRRRRRRRRRRRRRRR
LLLLLLLLLLLLLLLLLLLLLLLLL
BBBBBBBBBBBBBBBBBBBBBBBBB
BBBBBBBBBBBBBBBBBBBBBBBBB
CCCCCCCCCCCCCCCCCCCCCCCCC
YYYYYYYYYYYYYYYYYYYYYYYYY
EEEEEEEEEEEEEEEEEEEEEEVVV
EEEEEEEEEEEEEEEEEEEEEEVVV
EEEEEEEEEEEEEEEEEEEEEEVVV
Case #75:
NNNJJSSSSSSSSSSSSSSSSSSSS
ZZZZZWEEEEEEEEEEEEEEEEEEE
IIIIIIIKKAAAAAAAAAAAAAAAA
MMMMMMPPPPPPPPPPPPPPPPPPP
DDDDDXXXXXXXXXXXXXXXXXXXX
OOOOOOOOOOQQGGGGGGGGGGGGG
RRRRRRRRRUUUUUUUUUUUUUUUU
HHHHHHHHHHHHHHHHHHHHHHHHH
CCCCCCCCVVVVVVVVVVVVVVVVV
BBBBBBBBBBBBBBBBBBBBBBBBB
TTTTTTTLLLLLLLLLLLLLLLLLL
YYYYYYYYYYYYYYYYYYYYYYYYY
YYYYYYYYYYYYYYYYYYYYYYYYY
FFFFFFFFFFFFFFFFFFFFFFFFF
FFFFFFFFFFFFFFFFFFFFFFFFF
FFFFFFFFFFFFFFFFFFFFFFFFF
FFFFFFFFFFFFFFFFFFFFFFFFF
FFFFFFFFFFFFFFFFFFFFFFFFF
FFFFFFFFFFFFFFFFFFFFFFFFF
FFFFFFFFFFFFFFFFFFFFFFFFF
FFFFFFFFFFFFFFFFFFFFFFFFF
FFFFFFFFFFFFFFFFFFFFFFFFF
FFFFFFFFFFFFFFFFFFFFFFFFF
FFFFFFFFFFFFFFFFFFFFFFFFF
FFFFFFFFFFFFFFFFFFFFFFFFF
Case #76:
GGGGGGGGGGGGGGGGGGGGGGGGG
MMMMMMMMMMMMMMMMMMMMQQQQQ
NNNNNNNNNNNNNNNNNNNNNNNNN
AAAAAAAAAAAAAAAAAAAAAAAAA
ZZZZZZZZZZOOOOOOOOOOOOOOO
ZZZZZZZZZZOOOOOOOOOOOOOOO
SSSSSSBBBBBXXXXXXXXXXXXXX
PPPPPPPPPPPPPPPPPPPPPPPPP
PPPPPPPPPPPPPPPPPPPPPPPPP
PPPPPPPPPPPPPPPPPPPPPPPPP
YYYYYYYYYYYYYYWWWWWWWWWWW
IIIIIIIIIIIIIIIIIIIIIIIII
IIIIIIIIIIIIIIIIIIIIIIIII
LLLLLLLLLLLLLLLLKKKKKKKKK
LLLLLLLLLLLLLLLLKKKKKKKKK
HHHHHHHHHHHHHHHHHHHTTTTTT
HHHHHHHHHHHHHHHHHHHTTTTTT
RRRRRRRRRRRRRRRRRRRRRRRRR
RRRRRRRRRRRRRRRRRRRRRRRRR
RRRRRRRRRRRRRRRRRRRRRRRRR
EEEEEEEEFFFFFFFFFFFFUUUUU
JJJJJJJJJJJJJJJJJJJJJJJJC
VVVVVVVVVVVVVVVVVVVVVVVVV
DDDDDDDDDDDDDDDDDDDDDDDDD
DDDDDDDDDDDDDDDDDDDDDDDDD
Case #77:
BBBBBBBBBBBBBBBBBBIIIIIII
AAAAAAAAAAAAAAAAAAAAAAAAA
AAAAAAAAAAAAAAAAAAAAAAAAA
WWWWWWWWWWWWWWWWWWWWWWWWW
ZZZZZZZZZZZZZZZZZZZZZZZZZ
ZZZZZZZZZZZZZZZZZZZZZZZZZ
MMMMMMMMMMMMMMMMMMMMMMMMM
PPPPPPFFFFFFFFFFFFFFFFFFF
UUUUUUUUUUUUUUUUUUVVVKKKK
OOOOOOOOOOOOOOOOOOOOOOOOO
CCCCCCCCCCCCCCCCCCCCCCCCC
CCCCCCCCCCCCCCCCCCCCCCCCC
LLLLLLLLLLLLLLLLLLLLLLLLL
LLLLLLLLLLLLLLLLLLLLLLLLL
LLLLLLLLLLLLLLLLLLLLLLLLL
LLLLLLLLLLLLLLLLLLLLLLLLL
YYYYYYYYYYYYYYYYYYYYYYYYY
RRRRRRRRRRRRRRRRRRRRRRRRR
DDDDEEEEEEEEEEEEEQQQQQQQQ
GGGGGGGGGGGGGGGGGGGGGGGGG
NNNNNNNNNNNNNNNNNNJJJJJHH
SSSSSSSSSSSSSSSSSSSSSSSSS
TTTTTTTTTTTTTTTTTTTTTTTTT
XXXXXXXXXXXXXXXXXXXXXXXXX
XXXXXXXXXXXXXXXXXXXXXXXXX
Case #78:
NNNNNNNNNNNNNNNNDDTTTTTTT
NNNNNNNNNNNNNNNNDDTTTTTTT
NNNNNNNNNNNNNNNNDDTTTTTTT
NNNNNNNNNNNNNNNNDDTTTTTTT
NNNNNNNNNNNNNNNNDDTTTTTTT
NNNNNNNNNNNNNNNNDDTTTTTTT
NNNNNNNNNNNNNNNNDDTTTTTTT
NNNNNNNNNNNNNNNNDDTTTTTTT
NNNNNNNNNNNNNNNNDDTTTTTTT
NNNNNNNNNNNNNNNNDDTTTTTTT
NNNNNNNNNNNNNNNNDDTTTTTTT
NNNNNNNNNNNNNNNNDDTTTTTTT
NNNNNNNNNNNNNNNNDDTTTTTTT
NNNNNNNNNNNNNNNNDDTTTTTTT
NNNNNNNNNNNNNNNNDDTTTTTTT
VVVVVVVVVVVVVVVVVVVVVVVVV
VVVVVVVVVVVVVVVVVVVVVVVVV
JJJJJJJJJJJJJJJWGGGGGPPPP
IIIIIIIIIIIIIIOOOOOOOOOOO
KKKKKKKKKKKKKKKKCCCCAAAAA
LLLLLLLLLLLLLLLLLLLLLLLLL
HHHHHHHHHHHHHHHHHXXXRZZZZ
YYYYYYYYYYYYYYYYYYUUQBBBB
SSSSSSSSSSSSSSSSSSSFEEEEE
MMMMMMMMMMMMMMMMMMMMMMMMM
Case #79:
DC
AB
Case #80:
VVVVVVVVVVVVVVVVVVVVVVVVV
VVVVVVVVVVVVVVVVVVVVVVVVV
VVVVVVVVVVVVVVVVVVVVVVVVV
VVVVVVVVVVVVVVVVVVVVVVVVV
VVVVVVVVVVVVVVVVVVVVVVVVV
VVVVVVVVVVVVVVVVVVVVVVVVV
VVVVVVVVVVVVVVVVVVVVVVVVV
VVVVVVVVVVVVVVVVVVVVVVVVV
VVVVVVVVVVVVVVVVVVVVVVVVV
VVVVVVVVVVVVVVVVVVVVVVVVV
VVVVVVVVVVVVVVVVVVVVVVVVV
VVVVVVVVVVVVVVVVVVVVVVVVV
VVVVVVVVVVVVVVVVVVVVVVVVV
JJJJJJJJJJJJJJJJJJJJJJJJJ
JJJJJJJJJJJJJJJJJJJJJJJJJ
QQQQQQQQQQQQQQQQQQQQQYCCC
GGGGGGGGGGGGGGGGGLLLLLLLL
FFFFFFFFFFFFFFFFMBBBBBBWW
NNNNNNNNNNNNNNNNNNNNHHPPP
EEEEEEEEEEEEEEEXXUUUURRRR
OOOOOOOOOOOOOOOOOOOOOOOOO
OOOOOOOOOOOOOOOOOOOOOOOOO
SSSSSSSSSSSSSSSZZAIIIIIIK
DDDDDDDDDDDDDDDDDDDDDTTTT
DDDDDDDDDDDDDDDDDDDDDTTTT
Case #81:
OOOOODDDDDDDDDDDDDDDDDDDD
OOOOODDDDDDDDDDDDDDDDDDDD
OOOOODDDDDDDDDDDDDDDDDDDD
OOOOODDDDDDDDDDDDDDDDDDDD
OOOOODDDDDDDDDDDDDDDDDDDD
OOOOODDDDDDDDDDDDDDDDDDDD
OOOOODDDDDDDDDDDDDDDDDDDD
OOOOODDDDDDDDDDDDDDDDDDDD
OOOOODDDDDDDDDDDDDDDDDDDD
OOOOODDDDDDDDDDDDDDDDDDDD
OOOOODDDDDDDDDDDDDDDDDDDD
OOOOODDDDDDDDDDDDDDDDDDDD
OOOOODDDDDDDDDDDDDDDDDDDD
OOOOODDDDDDDDDDDDDDDDDDDD
OOOOODDDDDDDDDDDDDDDDDDDD
OOOOODDDDDDDDDDDDDDDDDDDD
OOOOODDDDDDDDDDDDDDDDDDDD
OOOOODDDDDDDDDDDDDDDDDDDD
OOOOODDDDDDDDDDDDDDDDDDDD
OOOOODDDDDDDDDDDDDDDDDDDD
NNNNNZZZMSSSSSSSSSSSSSSSS
RRRRRRRVVVLLLLLLLLLLLLLLL
HHWCFYPQQIIIIIIIIIIIIIIII
EEEEEEEETAXXXXXXXXXXXXXXX
GGGGUBBKKJJJJJJJJJJJJJJJJ
Case #82:
I
I
F
B
G
G
G
E
J
J
C
L
K
K
K
H
M
M
M
M
A
A
A
A
D
Case #83:
AAAAAAAAAAAAAAAAAAAAAAAAA
BBBBBBBBBBBBBBBBBBBBBBBBB
CCCCCCCCCCCCCCCCCCCCCCCCC
DDDDDDDDDDDDDDDDDDDDDDDDD
EEEEEEEEEEEEEEEEEEEEEEEEE
FFFFFFFFFFFFFFFFFFFFFFFFF
GGGGGGGGGGGGGGGGGGGGGGGGG
HHHHHHHHHHHHHHHHHHHHHHHHH
IIIIIIIIIIIIIIIIIIIIIIIII
JJJJJJJJJJJJJJJJJJJJJJJJJ
KKKKKKKKKKKKKKKKKKKKKKKKK
LLLLLLLLLLLLLLLLLLLLLLLLL
MMMMMMMMMMMMMMMMMMMMMMMMM
NNNNNNNNNNNNNNNNNNNNNNNNN
OOOOOOOOOOOOOOOOOOOOOOOOO
PPPPPPPPPPPPPPPPPPPPPPPPP
QQQQQQQQQQQQQQQQQQQQQQQQQ
RRRRRRRRRRRRRRRRRRRRRRRRR
SSSSSSSSSSSSSSSSSSSSSSSSS
TTTTTTTTTTTTTTTTTTTTTTTTT
UUUUUUUUUUUUUUUUUUUUUUUUU
VVVVVVVVVVVVVVVVVVVVVVVVV
WWWWWWWWWWWWWWWWWWWWWWWWW
XXXXXXXXXXXXXXXXXXXXXXXXX
YYYYYYYYYYYYYYYYYYYYYYYYY
Case #84:
AAA
AAA
AAA
AAA
AAA
Case #85:
CCCC
DDDD
BBAA
Case #86:
AAAAAAAAAAAAAAAAAAAAAAAAA
BBBBBBBBBBBBBBBBBBBBBBBBB
CCCCCCCCCCCCCCCCCCCCCCCCC
DDDDDDDDDDDDDDDDDDDDDDDDD
EEEEEEEEEEEEEEEEEEEEEEEEE
FFFFFFFFFFFFFFFFFFFFFFFFF
GGGGGGGGGGGGGGGGGGGGGGGGG
HHHHHHHHHHHHHHHHHHHHHHHHH
IIIIIIIIIIIIIIIIIIIIIIIII
JJJJJJJJJJJJJJJJJJJJJJJJJ
KKKKKKKKKKKKKKKKKKKKKKKKK
LLLLLLLLLLLLLLLLLLLLLLLLL
MMMMMMMMMMMMMMMMMMMMMMMMM
NNNNNNNNNNNNNNNNNNNNNNNNN
OOOOOOOOOOOOOOOOOOOOOOOOO
PPPPPPPPPPPPPPPPPPPPPPPPP
QQQQQQQQQQQQQQQQQQQQQQQQQ
RRRRRRRRRRRRRRRRRRRRRRRRR
SSSSSSSSSSSSSSSSSSSSSSSSS
TTTTTTTTTTTTTTTTTTTTTTTTT
UUUUUUUUUUUUUUUUUUUUUUUUU
VVVVVVVVVVVVVVVVVVVVVVVVV
WWWWWWWWWWWWWWWWWWWWWWWWW
XXXXXXXXXXXXXXXXXXXXXXXXX
YYYYYYYYYYYYYYYYYYYYYYYYY
Case #87:
MGLI
ABBK
ENHH
DJFC
Case #88:
AAAACCCCCCCCCCCCCCCCCCCCC
AAAACCCCCCCCCCCCCCCCCCCCC
AAAACCCCCCCCCCCCCCCCCCCCC
AAAACCCCCCCCCCCCCCCCCCCCC
AAAACCCCCCCCCCCCCCCCCCCCC
AAAACCCCCCCCCCCCCCCCCCCCC
AAAACCCCCCCCCCCCCCCCCCCCC
EEEEEEEEEEEEEEEEEEEEEEEEE
BBBBBDDDDDDDDDDDDDDDDDDDD
BBBBBDDDDDDDDDDDDDDDDDDDD
BBBBBDDDDDDDDDDDDDDDDDDDD
BBBBBDDDDDDDDDDDDDDDDDDDD
FFFFFFFFFFFFFFFFFFFFFFFFG
HHHHHHHHHHHHHHHHHHHHHHHHH
IIIIIIIIIIIIIIIIIIIIIIIII
JJJJJJJJJJJJJJJJJJJJJJJJJ
JJJJJJJJJJJJJJJJJJJJJJJJJ
JJJJJJJJJJJJJJJJJJJJJJJJJ
JJJJJJJJJJJJJJJJJJJJJJJJJ
JJJJJJJJJJJJJJJJJJJJJJJJJ
JJJJJJJJJJJJJJJJJJJJJJJJJ
JJJJJJJJJJJJJJJJJJJJJJJJJ
JJJJJJJJJJJJJJJJJJJJJJJJJ
JJJJJJJJJJJJJJJJJJJJJJJJJ
JJJJJJJJJJJJJJJJJJJJJJJJJ
Case #89:
AAAAAAAAACCCCCCCCCCCCCCCC
AAAAAAAAACCCCCCCCCCCCCCCC
AAAAAAAAACCCCCCCCCCCCCCCC
AAAAAAAAACCCCCCCCCCCCCCCC
AAAAAAAAACCCCCCCCCCCCCCCC
AAAAAAAAACCCCCCCCCCCCCCCC
AAAAAAAAACCCCCCCCCCCCCCCC
EEEEEEEEEEEEEEEEEEEEEEEEE
BBBBBBBBBBDDDDDDDDDDDDDDD
BBBBBBBBBBDDDDDDDDDDDDDDD
BBBBBBBBBBDDDDDDDDDDDDDDD
BBBBBBBBBBDDDDDDDDDDDDDDD
FFFFFFFFFFFFFFFFFFFFFFFGG
FFFFFFFFFFFFFFFFFFFFFFFGG
FFFFFFFFFFFFFFFFFFFFFFFGG
FFFFFFFFFFFFFFFFFFFFFFFGG
FFFFFFFFFFFFFFFFFFFFFFFGG
FFFFFFFFFFFFFFFFFFFFFFFGG
FFFFFFFFFFFFFFFFFFFFFFFGG
FFFFFFFFFFFFFFFFFFFFFFFGG
FFFFFFFFFFFFFFFFFFFFFFFGG
HHHHHHHHHHHHHHHHHHHHHHHHH
IIIIIIIIIIIIIIIIIIIIIIIII
JJJJJJJJJJJJJJJJJJJJJJJJJ
JJJJJJJJJJJJJJJJJJJJJJJJJ
Case #90:
ZZZZZZZZZZZZZZZZZZZZZZZZZ
ZZZZZZZZZZZZZZZZZZZZZZZZZ
ZZZZZZZZZZZZZZZZZZZZZZZZZ
ZZZZZZZZZZZZZZZZZZZZZZZZZ
ZZZZZZZZZZZZZZZZZZZZZZZZZ
ZZZZZZZZZZZZZZZZZZZZZZZZZ
SSSSSSSSSSSSSSSSSSSSSSSSS
MMMMMJJJJJJJJJJJJJJJJJJJJ
KKGGQQQQQQQQQQQQQQQQQQQQQ
BBBBBBAAAAAAAAAAAAAAAAAAA
WWWWWWWWWWWWWWWWWWWWWWWWW
IIIIIIIIUUUUUUUUUUUUUUUUU
FFFFEEEERRRRRRRRRRRRRRRRR
PPPLOODYHHHHHHHHHHHHHHHHH
PPPLOODYHHHHHHHHHHHHHHHHH
NNNNNNNNNNNNNNNNNNNNNNNNN
NNNNNNNNNNNNNNNNNNNNNNNNN
TTTTTTTTTTTTTTTTTTTTTTTTT
TTTTTTTTTTTTTTTTTTTTTTTTT
XVVVVVVVVVVVVVVVVVVVVVVVV
CCCCCCCCCCCCCCCCCCCCCCCCC
CCCCCCCCCCCCCCCCCCCCCCCCC
CCCCCCCCCCCCCCCCCCCCCCCCC
CCCCCCCCCCCCCCCCCCCCCCCCC
CCCCCCCCCCCCCCCCCCCCCCCCC
Case #91:
GGGGGGGUUUUUUUUUUUUUYYYYY
GGGGGGGUUUUUUUUUUUUUYYYYY
VVVVVVVVVVVVVVVLLLLLLLLLL
NNNNNNNNNNNNNNNNNNNNNNNNN
RRRRRRRRRRRRRRRRRRRRRRRRR
PPPPPPPPPPPPPPPPPPPPPPPPP
QQQQQQQQQQQQQQQQQQQQQQQQB
QQQQQQQQQQQQQQQQQQQQQQQQB
ZZAAAAAAAAAAAAHHHHHHHHHHH
ZZAAAAAAAAAAAAHHHHHHHHHHH
ZZAAAAAAAAAAAAHHHHHHHHHHH
ZZAAAAAAAAAAAAHHHHHHHHHHH
XXXXXXJJJJJJJJJJJJJJJJJJJ
XXXXXXJJJJJJJJJJJJJJJJJJJ
XXXXXXJJJJJJJJJJJJJJJJJJJ
DDDDDDDDDDDDDKKKKKKKKKKKK
FFFFFFFFFFFFFFFFOOOOOOOOO
SSSSSSSSSSSSSSSSSSSSSSSSS
SSSSSSSSSSSSSSSSSSSSSSSSS
SSSSSSSSSSSSSSSSSSSSSSSSS
SSSSSSSSSSSSSSSSSSSSSSSSS
SSSSSSSSSSSSSSSSSSSSSSSSS
WWWWWWWWWWWWWWWWWWWWWWWWW
EEEEEEEEEEEEEEEEEEEEEEEEE
CCCMMMMMMMIIIIIIIIIIIITTT
Case #92:
FFFFFFFFFFGTRRRRRRRRRRRRR
HHHHHHHSSSUUUKKKKKKKKKKKK
IIIIIIMVVZZZZAAAAAAAAAAAA
JJJJJJJDBYYYYEEEEEEEEEEEE
PPPPPPPPXWWWCCCCCCCCCCCCC
LLLLLLLLLOONNNNNNNNNNNNNN
QQQQQQQQQQQQQQQQQQQQQQQQQ
QQQQQQQQQQQQQQQQQQQQQQQQQ
QQQQQQQQQQQQQQQQQQQQQQQQQ
QQQQQQQQQQQQQQQQQQQQQQQQQ
QQQQQQQQQQQQQQQQQQQQQQQQQ
QQQQQQQQQQQQQQQQQQQQQQQQQ
QQQQQQQQQQQQQQQQQQQQQQQQQ
QQQQQQQQQQQQQQQQQQQQQQQQQ
QQQQQQQQQQQQQQQQQQQQQQQQQ
QQQQQQQQQQQQQQQQQQQQQQQQQ
QQQQQQQQQQQQQQQQQQQQQQQQQ
QQQQQQQQQQQQQQQQQQQQQQQQQ
QQQQQQQQQQQQQQQQQQQQQQQQQ
QQQQQQQQQQQQQQQQQQQQQQQQQ
QQQQQQQQQQQQQQQQQQQQQQQQQ
QQQQQQQQQQQQQQQQQQQQQQQQQ
QQQQQQQQQQQQQQQQQQQQQQQQQ
QQQQQQQQQQQQQQQQQQQQQQQQQ
QQQQQQQQQQQQQQQQQQQQQQQQQ
Case #93:
ABB
ABB
ABB
ABB
Case #94:
ABCDEFGHIJKLMNOPQRSTUVWXY
ABCDEFGHIJKLMNOPQRSTUVWXY
ABCDEFGHIJKLMNOPQRSTUVWXY
ABCDEFGHIJKLMNOPQRSTUVWXY
ABCDEFGHIJKLMNOPQRSTUVWXY
ABCDEFGHIJKLMNOPQRSTUVWXY
ABCDEFGHIJKLMNOPQRSTUVWXY
ABCDEFGHIJKLMNOPQRSTUVWXY
ABCDEFGHIJKLMNOPQRSTUVWXY
ABCDEFGHIJKLMNOPQRSTUVWXY
ABCDEFGHIJKLMNOPQRSTUVWXY
ABCDEFGHIJKLMNOPQRSTUVWXY
ABCDEFGHIJKLMNOPQRSTUVWXY
ABCDEFGHIJKLMNOPQRSTUVWXY
ABCDEFGHIJKLMNOPQRSTUVWXY
ABCDEFGHIJKLMNOPQRSTUVWXY
ABCDEFGHIJKLMNOPQRSTUVWXY
ABCDEFGHIJKLMNOPQRSTUVWXY
ABCDEFGHIJKLMNOPQRSTUVWXY
ABCDEFGHIJKLMNOPQRSTUVWXY
ABCDEFGHIJKLMNOPQRSTUVWXY
ABCDEFGHIJKLMNOPQRSTUVWXY
ABCDEFGHIJKLMNOPQRSTUVWXY
ABCDEFGHIJKLMNOPQRSTUVWXY
ABCDEFGHIJKLMNOPQRSTUVWXY
Case #95:
BBBB
BBBB
CCAD
CCAD
CCAD
CCAD
Case #96:
ZZZZZZZZZZZZZZPPPPPPPPPPP
HHHHHHHHHHHHHHHHHHHHHHHHH
HHHHHHHHHHHHHHHHHHHHHHHHH
HHHHHHHHHHHHHHHHHHHHHHHHH
UUUUUXXXXXXXXXXXXXXXXXXXX
EEEEEWWWWWWWWWWWWWWWWWWWW
EEEEEWWWWWWWWWWWWWWWWWWWW
GGGGGGGGGGGGGGGGGGGGGGGGG
GGGGGGGGGGGGGGGGGGGGGGGGG
DDDDDDDDDDDDDDDDDDDDDDDDD
DDDDDDDDDDDDDDDDDDDDDDDDD
SSSSSSSSSSSSSMMMMMMMMMMMM
QQQQQQQQQQQQQQQQQQQQQQQQQ
AAAAAAAAAAAAAAAAAAAAAAAAA
NNNNNNNNNNNNNNNNNNNNNNNNN
YYYYYYYYYYYYYYYYYYYYYYYYY
TTTTTTTTTTTTTTTTTTTTTTTTT
CCCCCCCCCCCCCCCKKKKKBVVVV
CCCCCCCCCCCCCCCKKKKKBVVVV
CCCCCCCCCCCCCCCKKKKKBVVVV
OOOOOOOOOOOOOOOOOOOOOOOOO
OOOOOOOOOOOOOOOOOOOOOOOOO
RRRRRFFFFFFFFFFFFFFFFFFFF
LLLLLLLLLLLLLLLJJJJJJJIII
LLLLLLLLLLLLLLLJJJJJJJIII
Case #97:
SSSSSSSSSSSSSSSSSSSSSSSSS
SSSSSSSSSSSSSSSSSSSSSSSSS
SSSSSSSSSSSSSSSSSSSSSSSSS
JJJJJJJJJJJJJJJJJJJJJJJJJ
GGGGGGGGGGGGGGGGGGGGGGGGG
GGGGGGGGGGGGGGGGGGGGGGGGG
GGGGGGGGGGGGGGGGGGGGGGGGG
RRRRRRRRRRRRRRRRRRRRRRRRR
RRRRRRRRRRRRRRRRRRRRRRRRR
AAAAAAAAAAAAAAAAXXXXCCCCC
BBBBBBBBBBBBBBBBBBBBBBBBB
BBBBBBBBBBBBBBBBBBBBBBBBB
WWWWWWWOOOOOOOOOOOOOOOOOO
IIIIIIIIIIIIIIIIIIDDDDDDD
NNNNNNNNNNNNNNNNNNNNNNNNN
KKKKKKKKKKKKKKKKKKKKKKKKK
VVVVVVVVVVVVVVVVVVVVVVVVV
VVVVVVVVVVVVVVVVVVVVVVVVV
VVVVVVVVVVVVVVVVVVVVVVVVV
HHHHHHHHHHHHHHHHHHHHHHHHH
LLLLLLLLLLLLLLLLLLLLLEEEE
LLLLLLLLLLLLLLLLLLLLLEEEE
TTTTTTTTTTTTTTTTTTTTTTTQQ
UUUUUUUUUUUUUUUUUUPPPPYYY
FFFFFFZZZZZZZZZZZMMMMMMMM
Case #98:
AAAAAAAAAAAAAACCCCCCCCCCC
AAAAAAAAAAAAAACCCCCCCCCCC
AAAAAAAAAAAAAACCCCCCCCCCC
AAAAAAAAAAAAAACCCCCCCCCCC
AAAAAAAAAAAAAACCCCCCCCCCC
AAAAAAAAAAAAAACCCCCCCCCCC
AAAAAAAAAAAAAACCCCCCCCCCC
AAAAAAAAAAAAAACCCCCCCCCCC
AAAAAAAAAAAAAACCCCCCCCCCC
AAAAAAAAAAAAAACCCCCCCCCCC
AAAAAAAAAAAAAACCCCCCCCCCC
AAAAAAAAAAAAAACCCCCCCCCCC
AAAAAAAAAAAAAACCCCCCCCCCC
AAAAAAAAAAAAAACCCCCCCCCCC
EEEEEEEEEEEEEEEEEEEEEEEEE
BBBBBBBBBBBBBBBDDDDDDDDDD
BBBBBBBBBBBBBBBDDDDDDDDDD
BBBBBBBBBBBBBBBDDDDDDDDDD
BBBBBBBBBBBBBBBDDDDDDDDDD
BBBBBBBBBBBBBBBDDDDDDDDDD
BBBBBBBBBBBBBBBDDDDDDDDDD
BBBBBBBBBBBBBBBDDDDDDDDDD
BBBBBBBBBBBBBBBDDDDDDDDDD
BBBBBBBBBBBBBBBDDDDDDDDDD
BBBBBBBBBBBBBBBDDDDDDDDDD
Case #99:
ABCDEFGHIJKLMNOPQRSTUVWXY
ABCDEFGHIJKLMNOPQRSTUVWXY
ABCDEFGHIJKLMNOPQRSTUVWXY
ABCDEFGHIJKLMNOPQRSTUVWXY
ABCDEFGHIJKLMNOPQRSTUVWXY
ABCDEFGHIJKLMNOPQRSTUVWXY
ABCDEFGHIJKLMNOPQRSTUVWXY
ABCDEFGHIJKLMNOPQRSTUVWXY
ABCDEFGHIJKLMNOPQRSTUVWXY
ABCDEFGHIJKLMNOPQRSTUVWXY
ABCDEFGHIJKLMNOPQRSTUVWXY
ABCDEFGHIJKLMNOPQRSTUVWXY
ABCDEFGHIJKLMNOPQRSTUVWXY
ABCDEFGHIJKLMNOPQRSTUVWXY
ABCDEFGHIJKLMNOPQRSTUVWXY
ABCDEFGHIJKLMNOPQRSTUVWXY
ABCDEFGHIJKLMNOPQRSTUVWXY
ABCDEFGHIJKLMNOPQRSTUVWXY
ABCDEFGHIJKLMNOPQRSTUVWXY
ABCDEFGHIJKLMNOPQRSTUVWXY
ABCDEFGHIJKLMNOPQRSTUVWXY
ABCDEFGHIJKLMNOPQRSTUVWXY
ABCDEFGHIJKLMNOPQRSTUVWXY
ABCDEFGHIJKLMNOPQRSTUVWXY
ABCDEFGHIJKLMNOPQRSTUVWXY
Case #100:
YYYYYYXXBDDDDDDDDDDDDDDDD
FFFFFFFGZZZZZZZZZZZZZZZZZ
HHHHHHHHHHHNNNNNNNNNNNNNN
VVVVVVIAAAPRRRRRRRRRRRRRR
OOOOOOJJJKUUUUUUUUUUUUUUU
QQQQQQQMSELLLLLLLLLLLLLLL
CCCCCCTTTTTTTTTTTTTTTTTTT
WWWWWWWWWWWWWWWWWWWWWWWWW
WWWWWWWWWWWWWWWWWWWWWWWWW
WWWWWWWWWWWWWWWWWWWWWWWWW
WWWWWWWWWWWWWWWWWWWWWWWWW
WWWWWWWWWWWWWWWWWWWWWWWWW
WWWWWWWWWWWWWWWWWWWWWWWWW
WWWWWWWWWWWWWWWWWWWWWWWWW
WWWWWWWWWWWWWWWWWWWWWWWWW
WWWWWWWWWWWWWWWWWWWWWWWWW
WWWWWWWWWWWWWWWWWWWWWWWWW
WWWWWWWWWWWWWWWWWWWWWWWWW
WWWWWWWWWWWWWWWWWWWWWWWWW
WWWWWWWWWWWWWWWWWWWWWWWWW
WWWWWWWWWWWWWWWWWWWWWWWWW
WWWWWWWWWWWWWWWWWWWWWWWWW
WWWWWWWWWWWWWWWWWWWWWWWWW
WWWWWWWWWWWWWWWWWWWWWWWWW
WWWWWWWWWWWWWWWWWWWWWWWWW
