Case #1:
GGG
CCC
JJJ
Case #2:
CODE
JJAM
JJAM
Case #3:
CA
KE
Case #4:
AAAA
BBBB
CCCC
Case #5:
EEE
DDD
FCA
BBB
Case #6:
CCC
DBF
EAA
EAA
Case #7:
EEE
AAA
CDD
BBB
Case #8:
LIEG
JCFK
DHAB
Case #9:
IIE
HHB
DGC
AAF
Case #10:
BCH
GDE
AFL
IJK
Case #11:
FFF
EAB
CCC
DDD
Case #12:
AB
Case #13:
DGE
ACL
FJH
KIB
Case #14:
BBBB
AAAA
Case #15:
ADGL
BKHF
EJIC
Case #16:
CCBD
AAAA
EEEE
Case #17:
AA
BB
CC
DD
EE
FF
Case #18:
DBB
FFE
CCA
CCA
Case #19:
AA
AA
Case #20:
CCCA
DDBB
EEEE
Case #21:
AAB
CCC
DDD
EEF
Case #22:
BBB
BBB
DEE
ACC
Case #23:
ABC
Case #24:
CCCC
BBBE
DDAA
Case #25:
AA
Case #26:
DAAC
BBBE
BBBE
Case #27:
FFF
FFF
CEE
ADB
Case #28:
AABE
CCCC
DDDD
Case #29:
ABCD
ABCD
ABCD
Case #30:
ABBC
EEEE
DDDD
Case #31:
AAA
Case #32:
III
DHH
FCA
EGB
Case #33:
GGHD
EEFB
AAAC
Case #34:
AA
CC
BE
BE
BE
DD
Case #35:
FFF
CCC
EEB
AAD
Case #36:
AAF
HHD
EIC
BBG
Case #37:
EEBB
AAAC
DDDD
Case #38:
AAAA
BBBB
CCCC
Case #39:
EBG
ADC
FFF
FFF
Case #40:
ADD
BBB
CCE
Case #41:
ADCE
JIKG
LBFH
Case #42:
EEDA
CCBB
CCBB
Case #43:
ACCB
EEEE
DDDD
Case #44:
CFFF
EABB
DDDD
Case #45:
BED
AGI
LJK
CFH
Case #46:
EEA
DFF
DFF
CCB
Case #47:
EDCA
FBJI
HHGK
Case #48:
A
Case #49:
EEE
FBC
DAA
DAA
Case #50:
DDAC
EEEB
EEEB
Case #51:
DA
BC
Case #52:
FFE
BBA
CCD
CCD
Case #53:
AAB
CCC
DDE
FFF
Case #54:
CBB
AAD
Case #55:
AAA
AAA
Case #56:
DDDD
BBBC
EEEA
Case #57:
A
B
B
C
C
D
D
E
E
F
F
F
Case #58:
BIJH
DGEF
AKCL
Case #59:
AAAA
CCEE
DDBB
Case #60:
EAAA
CCDD
BBBB
Case #61:
AAA
EEC
DDF
BBB
Case #62:
CCC
CCC
FAA
BED
Case #63:
ABC
DDD
EEE
Case #64:
A
B
Case #65:
AAA
CCC
BBD
EFF
Case #66:
ABCD
ABCD
ABCD
Case #67:
EDD
BBF
AAA
CCC
Case #68:
BA
BA
Case #69:
EEC
AAD
AAD
BBF
Case #70:
ABF
GED
HCC
HCC
Case #71:
AAHC
GBJD
IIFE
Case #72:
AAAA
BBBB
CCCC
Case #73:
CCJJ
CCJJ
CCJJ
Case #74:
ACCC
EEEE
BBDF
Case #75:
BC
AA
Case #76:
AABB
CCCD
EEFF
Case #77:
A
A
Case #78:
AAAA
BBBB
CCCC
Case #79:
EEF
DGC
BBA
BBA
Case #80:
AAA
FFF
DDD
EBC
Case #81:
BAA
Case #82:
ADL
HFE
CJI
BKG
Case #83:
EEBB
EEBB
AADC
Case #84:
BAA
BAA
Case #85:
AAA
CCB
Case #86:
FEJG
DCLB
KAHI
Case #87:
DFC
EAB
Case #88:
BDCE
FFAA
FFAA
Case #89:
AABBCC
DDDEEF
Case #90:
DDCC
EABB
EABB
Case #91:
CEB
DDA
Case #92:
DDF
GGC
HAE
BBI
Case #93:
ACE
DFF
BBB
BBB
Case #94:
ABCD
ABCD
ABCD
Case #95:
CFDE
AAAG
BBBB
Case #96:
AABBCCDDEEFF
Case #97:
AA
AA
BB
BB
Case #98:
EEEE
DACC
FBGG
Case #99:
AGHB
IJFD
CCEE
Case #100:
ADDD
EBFF
CCCC
