Case #1: 4 3
x 1 1
o 2 2
+ 2 1
Case #2: 2 0
Case #3: 6 2
x 1 2
o 2 3
Case #4: 265 165
+ 100 16
x 72 72
x 78 78
x 89 89
+ 100 56
x 69 69
x 100 100
x 91 91
x 20 20
+ 100 33
x 76 76
x 52 52
+ 100 7
+ 100 31
+ 41 99
x 59 59
+ 100 18
x 84 84
x 58 58
x 93 93
x 21 21
x 36 36
+ 76 100
x 14 14
+ 26 100
x 80 80
+ 100 81
+ 100 53
+ 100 70
+ 100 32
x 75 75
+ 100 25
+ 100 24
x 64 64
+ 100 19
x 7 7
x 83 83
x 47 47
+ 72 100
+ 46 100
+ 100 27
+ 100 30
x 49 49
+ 100 9
x 17 17
x 50 50
+ 100 8
x 19 19
+ 100 17
x 32 32
x 28 28
x 6 6
x 88 88
x 27 27
x 62 62
x 74 74
x 82 82
+ 87 100
+ 47 100
x 4 4
+ 100 23
+ 74 100
+ 100 12
x 10 10
x 65 65
x 31 31
+ 100 34
+ 100 2
+ 36 100
o 1 1
x 90 90
x 13 13
x 79 79
x 38 38
+ 100 39
+ 100 42
x 44 44
+ 100 35
x 37 37
x 77 77
+ 100 5
+ 100 4
x 33 33
x 60 60
+ 100 11
+ 100 3
+ 100 20
+ 23 99
+ 100 44
x 48 48
x 57 57
x 39 39
x 81 81
x 8 8
x 26 26
x 43 43
+ 100 6
x 97 97
x 23 23
x 40 40
+ 100 10
+ 100 14
x 15 15
+ 29 100
x 25 25
x 94 94
+ 100 41
x 66 66
+ 51 97
x 67 67
x 29 29
x 30 30
+ 45 100
x 54 54
x 99 99
+ 62 100
+ 100 49
x 53 53
x 56 56
x 11 11
x 2 2
x 5 5
x 16 16
+ 100 52
x 18 18
+ 100 71
+ 100 28
x 35 35
x 12 12
+ 100 37
+ 100 50
x 98 98
+ 38 100
x 51 51
x 24 24
x 34 34
x 68 68
+ 100 54
x 73 73
x 3 3
x 86 86
+ 77 100
x 46 46
x 61 61
+ 58 100
+ 73 100
+ 100 59
x 63 63
x 42 42
x 9 9
x 55 55
x 71 71
x 22 22
+ 100 13
x 41 41
+ 52 99
x 45 45
+ 100 15
x 96 96
x 92 92
x 87 87
x 95 95
x 70 70
x 85 85
+ 100 21
Case #5: 288 189
+ 100 51
+ 100 16
+ 1 58
+ 1 20
+ 1 71
+ 1 90
+ 1 93
+ 100 63
+ 1 5
x 17 12
+ 1 59
+ 100 33
+ 70 100
+ 100 7
+ 100 31
x 83 82
+ 100 72
+ 100 18
+ 1 94
+ 1 70
+ 100 48
+ 1 50
+ 1 47
+ 5 41
+ 1 99
o 100 81
+ 100 53
+ 100 83
+ 1 73
+ 100 32
+ 100 66
+ 1 44
+ 1 28
+ 100 25
+ 100 65
+ 100 24
+ 1 86
+ 1 38
+ 100 19
+ 1 35
+ 100 64
+ 100 27
+ 100 30
+ 100 9
+ 1 46
+ 79 100
+ 1 95
+ 100 8
+ 4 58
+ 1 92
+ 1 24
x 52 35
+ 100 17
+ 100 58
+ 1 84
+ 100 95
+ 1 74
+ 1 78
+ 1 57
+ 1 96
+ 100 62
+ 100 60
x 85 91
+ 94 100
+ 7 16
+ 56 100
+ 100 23
x 29 22
x 51 34
+ 86 100
+ 100 40
+ 100 12
+ 100 92
+ 1 89
+ 100 80
+ 100 29
+ 100 82
+ 100 78
+ 100 34
+ 1 19
+ 100 2
+ 100 57
+ 1 12
+ 1 42
x 12 9
+ 1 30
+ 100 76
+ 100 39
+ 100 42
x 62 53
+ 1 9
x 63 59
+ 1 91
+ 100 35
+ 100 1
x 15 10
+ 1 97
+ 100 5
+ 100 4
+ 100 84
+ 1 67
+ 100 98
+ 100 11
+ 100 3
+ 100 20
+ 100 44
+ 1 75
x 30 23
+ 1 79
+ 100 36
x 81 75
+ 1 27
+ 100 6
+ 100 75
+ 100 10
x 5 4
+ 100 14
+ 100 69
+ 1 82
x 19 16
x 94 94
+ 1 81
+ 1 54
+ 100 41
+ 100 77
+ 100 43
+ 100 55
+ 1 62
+ 1 76
+ 1 16
+ 100 93
+ 100 88
+ 1 68
+ 100 49
+ 1 87
+ 1 3
+ 100 52
+ 100 26
+ 100 47
+ 100 71
+ 1 72
+ 1 56
x 56 50
+ 100 68
+ 1 85
+ 1 66
+ 100 28
+ 1 65
+ 100 38
+ 100 91
+ 100 50
+ 1 39
+ 1 23
x 49 29
+ 1 17
+ 100 87
+ 100 67
+ 1 13
x 84 85
+ 100 54
+ 100 74
x 95 97
+ 100 46
+ 37 100
+ 100 96
x 87 92
+ 100 89
+ 3 16
+ 100 59
x 46 26
+ 1 33
+ 2 30
+ 100 22
+ 100 45
x 48 27
+ 100 85
+ 1 80
+ 100 13
+ 100 73
+ 1 34
+ 2 42
+ 100 15
+ 100 61
+ 1 88
+ 7 57
+ 1 53
+ 100 21
+ 6 31
+ 1 32
Case #6: 145 0
Case #7: 112 60
+ 1 8
x 8 10
x 24 30
x 18 19
+ 42 2
x 20 24
x 41 42
+ 23 1
+ 8 42
+ 30 1
+ 42 3
x 14 16
+ 2 34
x 13 15
+ 1 40
x 35 36
+ 1 18
x 6 9
+ 42 17
+ 40 42
+ 42 30
+ 1 12
+ 42 32
x 27 33
x 4 5
x 36 37
+ 42 36
x 39 39
x 40 41
x 22 27
+ 42 33
+ 42 22
+ 25 41
x 5 7
+ 17 41
+ 17 1
+ 33 1
+ 42 6
+ 42 1
+ 42 41
o 42 23
+ 1 37
x 11 13
+ 1 22
x 15 17
+ 34 42
+ 42 5
x 21 25
+ 1 7
o 1 2
+ 38 42
+ 29 1
+ 42 42
x 32 34
+ 1 34
x 17 18
+ 31 40
+ 4 16
x 12 14
+ 42 18
Case #8: 290 229
+ 100 51
+ 100 16
+ 1 71
+ 1 90
x 67 59
+ 100 63
+ 100 56
x 36 35
x 65 57
+ 1 59
+ 65 100
+ 100 33
x 94 96
+ 100 7
+ 100 31
x 55 51
+ 100 72
x 26 20
+ 1 41
+ 100 18
+ 1 94
+ 2 94
+ 1 45
+ 100 48
+ 1 21
+ 1 50
x 66 58
x 16 13
+ 1 47
x 5 2
+ 1 99
+ 100 83
+ 1 73
+ 100 70
+ 100 66
+ 1 44
x 20 15
+ 1 28
+ 100 25
+ 1 29
x 58 53
+ 100 24
x 61 55
+ 4 17
+ 1 86
+ 1 38
+ 100 19
+ 1 35
+ 95 99
x 14 11
x 86 81
x 68 61
x 50 45
+ 100 64
x 41 38
o 100 27
x 91 92
+ 100 30
+ 100 9
+ 100 8
+ 1 92
x 71 69
x 47 42
+ 100 17
+ 100 58
+ 53 100
+ 100 95
+ 1 74
+ 1 78
+ 1 57
+ 100 62
+ 100 60
+ 1 18
+ 81 100
+ 47 100
x 32 28
x 21 16
+ 100 23
+ 100 40
+ 100 12
+ 8 17
+ 1 89
+ 93 100
+ 1 11
+ 100 80
+ 100 29
+ 100 82
+ 100 78
+ 100 34
+ 1 19
+ 100 2
+ 1 55
+ 100 57
x 11 10
+ 1 12
+ 7 48
x 73 70
x 90 90
+ 100 76
x 7 3
x 53 49
+ 100 39
+ 100 90
+ 100 42
+ 1 64
+ 1 91
+ 100 35
+ 1 25
+ 100 1
+ 100 5
+ 100 4
x 39 37
x 92 93
+ 1 83
+ 100 84
+ 1 67
x 24 18
+ 100 11
x 34 33
+ 100 3
+ 6 75
+ 100 20
+ 2 31
+ 100 44
+ 1 75
x 22 17
+ 1 79
x 70 65
+ 100 36
x 37 36
x 15 12
+ 100 6
+ 100 75
+ 100 10
x 28 22
+ 100 14
+ 100 69
+ 1 82
+ 1 81
x 56 52
x 19 14
+ 97 100
x 87 82
x 95 98
x 9 7
+ 100 41
+ 100 43
x 59 54
+ 100 55
x 89 87
+ 1 62
+ 1 37
+ 1 76
+ 1 16
x 99 99
+ 100 88
+ 1 68
+ 100 49
x 75 72
x 69 63
+ 1 98
+ 100 52
+ 100 26
+ 100 71
+ 1 22
+ 1 72
x 46 41
x 79 76
+ 1 26
+ 100 68
+ 2 47
+ 7 45
x 45 40
+ 100 28
x 10 9
+ 1 65
+ 100 37
+ 100 38
+ 1 77
x 8 4
+ 100 91
+ 100 50
+ 1 23
+ 1 17
+ 100 87
x 31 25
+ 100 67
+ 1 13
x 88 86
+ 100 54
+ 100 74
+ 20 50
+ 100 46
+ 100 96
+ 36 96
x 80 77
x 62 56
+ 77 100
x 33 29
+ 100 89
+ 1 63
x 77 74
o 2 1
+ 100 59
+ 100 86
x 93 95
x 83 79
+ 2 59
+ 1 33
x 49 43
x 54 50
+ 100 22
+ 100 45
+ 100 85
+ 1 49
+ 100 13
+ 1 43
+ 100 73
+ 1 34
+ 100 15
+ 100 61
+ 92 100
x 74 71
+ 1 53
x 81 78
+ 100 21
+ 100 79
+ 1 52
x 51 46
Case #9: 76 0
Case #10: 74 40
+ 28 25
+ 1 5
x 21 23
+ 18 1
x 23 24
x 7 7
+ 27 1
x 19 21
x 20 22
x 28 28
x 6 6
+ 3 13
+ 28 9
x 4 4
+ 12 2
+ 28 14
+ 20 28
x 11 10
+ 22 28
x 12 11
+ 25 1
+ 1 3
x 2 2
x 14 15
+ 1 22
+ 28 27
+ 27 14
+ 24 1
x 3 3
+ 23 28
+ 1 2
x 25 27
x 9 9
x 13 14
x 17 18
x 18 20
+ 8 28
+ 16 28
+ 27 18
+ 28 24
Case #11: 285 263
+ 100 51
+ 100 16
+ 1 58
+ 1 20
+ 3 35
+ 1 8
x 72 72
x 78 78
x 89 89
+ 1 71
+ 1 5
+ 100 56
x 69 69
x 100 100
x 91 91
x 20 20
+ 100 33
x 76 76
x 52 52
+ 1 51
+ 100 7
+ 100 31
x 59 59
+ 1 41
+ 100 18
+ 1 94
x 84 84
x 58 58
+ 99 100
+ 1 70
+ 1 45
x 93 93
+ 100 48
+ 1 21
+ 64 100
x 21 21
+ 1 50
x 36 36
x 14 14
x 80 80
+ 1 99
+ 100 81
+ 100 53
+ 100 83
+ 100 70
+ 100 32
x 75 75
+ 100 66
+ 1 28
+ 100 25
+ 100 65
+ 100 24
x 64 64
+ 100 19
+ 1 35
x 7 7
x 83 83
x 47 47
+ 72 100
+ 100 27
+ 100 30
x 49 49
+ 100 9
x 17 17
x 50 50
+ 100 8
+ 1 92
+ 1 24
x 19 19
+ 100 17
x 32 32
x 28 28
+ 100 58
+ 1 84
x 6 6
x 88 88
+ 1 74
+ 1 40
+ 1 78
+ 1 57
+ 100 62
+ 100 60
x 27 27
+ 1 18
+ 1 69
x 62 62
x 74 74
x 82 82
x 4 4
+ 100 94
+ 100 23
+ 100 40
+ 100 12
+ 100 92
+ 1 89
x 10 10
+ 1 36
+ 100 80
x 65 65
x 31 31
+ 100 29
+ 100 82
+ 100 34
+ 100 2
+ 1 12
+ 1 42
o 1 1
+ 3 27
x 90 90
x 13 13
+ 100 76
x 79 79
x 38 38
+ 100 39
+ 100 90
+ 100 42
x 44 44
+ 1 91
+ 100 35
+ 100 1
x 37 37
+ 1 97
+ 1 31
x 77 77
+ 100 5
+ 100 4
+ 1 83
+ 71 100
+ 100 84
+ 1 67
x 33 33
x 60 60
+ 100 98
+ 100 11
+ 100 3
+ 100 20
+ 100 44
+ 1 75
x 48 48
x 57 57
x 39 39
x 81 81
x 8 8
x 26 26
+ 95 100
+ 1 79
+ 100 36
x 43 43
+ 1 27
+ 100 6
x 97 97
x 23 23
+ 100 75
x 40 40
+ 91 100
+ 100 10
+ 100 14
+ 69 100
x 15 15
+ 1 82
x 25 25
x 94 94
+ 1 81
+ 1 54
+ 100 41
+ 100 77
x 66 66
+ 100 43
x 67 67
x 29 29
+ 1 62
x 30 30
+ 1 76
+ 100 93
x 54 54
x 99 99
+ 100 88
+ 1 68
+ 100 49
x 53 53
x 56 56
+ 1 87
+ 1 3
x 11 11
x 2 2
x 5 5
+ 1 15
x 16 16
+ 100 52
x 18 18
+ 100 26
+ 100 47
+ 1 72
+ 1 56
+ 1 14
+ 57 100
+ 55 100
+ 1 26
+ 100 68
+ 1 85
+ 1 66
+ 100 28
x 35 35
+ 1 65
x 12 12
+ 100 37
+ 100 38
+ 1 77
+ 100 50
+ 1 39
x 98 98
x 51 51
+ 1 17
+ 100 87
x 24 24
+ 100 67
+ 1 13
x 34 34
x 68 68
+ 100 54
+ 100 74
x 73 73
+ 100 46
x 3 3
+ 100 96
x 86 86
+ 100 89
+ 1 63
x 46 46
x 61 61
+ 100 59
+ 5 51
+ 100 86
x 63 63
x 42 42
x 9 9
x 55 55
x 71 71
+ 100 22
+ 100 45
x 22 22
+ 100 85
+ 1 49
+ 1 80
+ 100 13
+ 1 43
x 41 41
+ 100 73
+ 1 34
x 45 45
+ 100 15
x 96 96
+ 100 61
+ 1 88
x 92 92
x 87 87
+ 1 53
x 95 95
x 70 70
+ 5 26
x 85 85
+ 100 21
+ 100 79
Case #12: 278 178
+ 100 51
+ 100 16
+ 1 58
x 29 42
+ 1 90
+ 1 93
+ 100 63
+ 1 5
x 26 34
+ 100 56
x 96 92
+ 1 59
x 46 56
+ 65 100
+ 100 33
+ 70 100
+ 100 7
x 55 58
+ 100 31
+ 100 72
+ 83 100
+ 100 18
+ 1 94
x 44 55
+ 100 48
+ 64 100
+ 1 47
+ 100 53
x 36 49
+ 100 32
+ 100 66
+ 1 44
+ 100 25
+ 1 29
x 70 75
x 69 72
+ 100 24
x 86 84
+ 1 38
+ 100 19
+ 2 51
x 88 85
x 23 33
x 41 52
x 28 39
+ 100 27
+ 100 30
+ 100 9
+ 1 46
+ 100 8
+ 4 58
+ 1 92
+ 100 17
+ 100 58
x 31 47
x 85 83
+ 1 78
+ 1 57
+ 1 96
x 81 80
+ 100 62
+ 100 60
x 21 32
+ 47 100
+ 100 94
+ 100 23
+ 74 100
+ 59 100
+ 100 12
x 5 17
+ 93 100
+ 1 11
+ 100 80
+ 100 29
+ 100 34
x 20 28
+ 100 2
+ 100 57
x 59 62
+ 1 30
+ 100 76
+ 3 34
+ 100 39
+ 100 90
+ 100 42
x 66 67
+ 1 91
+ 100 35
+ 1 25
+ 100 1
+ 1 97
x 78 76
x 67 68
+ 1 60
x 65 64
+ 100 5
+ 100 4
+ 1 83
+ 100 84
x 30 46
+ 100 11
+ 100 3
+ 100 20
+ 100 44
x 11 21
+ 1 79
+ 100 36
x 53 57
+ 100 6
+ 100 75
+ 100 10
+ 100 14
+ 100 69
+ 1 82
+ 1 81
+ 100 99
+ 100 41
+ 100 77
+ 100 43
+ 100 55
+ 1 62
+ 1 76
x 99 99
+ 1 68
x 6 19
+ 100 49
o 1 3
+ 1 15
+ 1 98
+ 100 52
+ 100 26
+ 100 71
x 82 81
+ 1 56
+ 100 68
+ 1 85
+ 1 66
+ 100 28
x 84 82
+ 1 65
o 100 37
+ 100 38
+ 1 77
+ 100 50
+ 1 39
x 95 90
x 98 96
+ 100 67
+ 100 54
+ 100 46
+ 100 97
+ 1 7
+ 100 96
x 80 77
+ 100 89
+ 1 63
+ 79 99
+ 100 86
x 17 27
x 58 59
+ 1 33
+ 100 22
+ 100 45
+ 100 85
+ 1 49
+ 100 13
+ 100 73
+ 100 15
+ 100 61
+ 1 88
+ 88 100
+ 2 25
x 4 16
+ 100 21
x 2 12
+ 100 79
+ 40 100
x 94 89
Case #13: 295 294
+ 1 58
+ 1 20
+ 1 8
x 72 72
x 78 78
+ 99 18
x 89 89
+ 1 71
+ 1 90
+ 1 93
+ 99 50
+ 1 5
x 69 69
x 91 91
+ 1 59
x 20 20
+ 99 93
x 76 76
x 52 52
+ 1 51
x 59 59
+ 1 41
+ 1 94
x 84 84
x 58 58
+ 1 70
+ 1 45
x 93 93
+ 1 21
x 21 21
+ 1 50
x 36 36
+ 99 98
x 14 14
+ 99 42
+ 1 47
+ 99 78
x 80 80
+ 99 85
+ 1 73
x 75 75
+ 1 44
+ 99 33
+ 1 28
+ 1 29
+ 1 48
+ 99 55
x 64 64
+ 1 86
+ 1 38
+ 1 35
x 7 7
+ 99 3
x 83 83
x 47 47
+ 99 62
+ 99 60
+ 99 12
+ 99 48
+ 99 24
+ 99 2
x 49 49
+ 1 46
x 17 17
+ 1 95
+ 99 79
x 50 50
+ 1 92
+ 1 24
x 19 19
+ 99 9
+ 99 87
x 32 32
x 28 28
+ 1 84
x 6 6
x 88 88
+ 99 56
+ 1 74
+ 1 40
+ 99 88
+ 1 78
+ 99 15
+ 1 57
+ 1 96
x 27 27
+ 99 81
+ 99 75
+ 1 18
+ 1 69
+ 99 41
x 62 62
+ 99 74
+ 99 8
x 74 74
x 82 82
+ 99 16
+ 99 23
x 4 4
+ 99 82
+ 99 96
+ 99 26
+ 99 66
+ 99 76
+ 99 69
+ 99 17
+ 1 89
x 10 10
+ 1 36
+ 1 6
+ 1 11
x 65 65
x 31 31
+ 1 19
+ 99 52
+ 99 25
+ 99 43
+ 1 55
+ 99 71
+ 99 35
+ 99 13
+ 1 12
+ 1 42
x 1 1
x 90 90
+ 99 47
+ 1 30
x 13 13
+ 99 94
+ 99 72
+ 99 65
+ 99 57
+ 99 59
+ 1 10
x 79 79
x 38 38
+ 99 84
+ 99 90
+ 1 64
x 44 44
+ 1 9
+ 1 91
+ 99 95
+ 1 25
x 37 37
+ 1 97
+ 1 4
+ 1 60
+ 99 86
+ 1 31
+ 99 46
x 77 77
+ 99 10
+ 99 44
+ 99 22
+ 1 83
+ 1 67
x 33 33
x 60 60
+ 99 21
+ 99 11
+ 1 75
x 48 48
x 57 57
+ 99 92
x 39 39
x 81 81
+ 99 91
x 8 8
x 26 26
+ 1 79
x 43 43
+ 99 63
+ 99 53
+ 1 27
x 97 97
+ 99 31
+ 99 68
x 23 23
x 40 40
+ 99 83
+ 99 6
x 15 15
+ 1 82
x 25 25
+ 99 97
x 94 94
+ 1 81
+ 99 27
+ 1 54
x 66 66
x 67 67
x 29 29
+ 1 62
x 30 30
+ 1 37
+ 1 76
+ 99 4
+ 1 16
x 54 54
o 99 99
+ 1 68
x 53 53
x 56 56
+ 1 87
+ 99 34
+ 1 3
x 11 11
x 2 2
x 5 5
+ 1 15
+ 1 98
x 16 16
x 18 18
+ 99 49
+ 1 22
+ 1 72
+ 99 38
+ 1 56
+ 1 14
+ 99 19
+ 99 77
+ 1 61
+ 1 26
+ 99 61
+ 1 85
+ 1 66
x 35 35
+ 1 65
x 12 12
+ 1 77
+ 99 7
+ 99 67
+ 1 39
x 98 98
+ 1 23
+ 99 5
x 51 51
+ 1 17
+ 99 39
x 24 24
+ 1 13
x 34 34
x 68 68
+ 99 73
+ 99 14
x 73 73
x 3 3
+ 99 64
+ 1 7
+ 99 1
x 86 86
+ 99 28
+ 1 63
x 46 46
x 61 61
+ 99 70
+ 1 2
+ 99 32
x 63 63
x 42 42
x 9 9
+ 99 29
+ 1 33
+ 99 51
x 55 55
x 71 71
x 22 22
+ 1 49
+ 99 45
+ 1 80
+ 1 43
x 41 41
+ 1 34
+ 99 58
+ 99 36
+ 99 20
x 45 45
+ 99 89
+ 99 80
x 96 96
+ 99 30
+ 1 88
x 92 92
x 87 87
+ 1 53
x 95 95
x 70 70
x 85 85
+ 1 52
+ 99 40
+ 1 32
+ 99 37
+ 99 54
Case #14: 298 232
+ 100 51
+ 100 16
+ 1 58
+ 1 20
x 15 7
+ 1 8
+ 1 71
+ 1 90
+ 1 93
+ 100 63
+ 1 5
+ 100 56
+ 100 100
+ 1 59
+ 100 33
x 40 35
x 69 71
+ 1 51
+ 100 7
+ 100 31
+ 100 72
+ 1 41
+ 100 18
+ 1 94
o 1 70
+ 1 45
+ 100 48
+ 1 21
x 87 98
+ 1 50
+ 1 47
x 83 93
+ 1 99
+ 100 81
+ 100 53
+ 100 83
+ 1 73
+ 100 70
+ 100 32
+ 100 66
+ 1 44
+ 1 28
+ 100 25
+ 1 29
+ 100 65
+ 1 48
+ 100 24
+ 1 86
+ 1 38
+ 100 19
+ 1 35
+ 100 64
x 56 63
+ 100 27
+ 100 30
+ 100 9
x 25 18
+ 1 46
+ 1 95
+ 100 8
+ 1 92
x 39 26
+ 1 24
+ 100 17
+ 100 58
+ 1 84
+ 100 95
+ 1 74
+ 1 40
+ 1 78
x 3 1
+ 1 57
+ 1 96
+ 100 62
+ 100 60
+ 1 18
+ 1 69
x 6 2
+ 100 94
+ 100 23
+ 100 40
+ 100 12
+ 100 92
+ 1 89
+ 1 36
+ 1 6
+ 1 11
+ 100 80
+ 100 29
+ 100 82
+ 100 78
+ 100 34
+ 1 19
+ 100 2
x 51 58
+ 1 55
+ 100 57
+ 1 12
+ 1 42
x 14 3
x 16 12
+ 1 30
+ 100 76
x 81 90
+ 1 10
+ 100 39
+ 100 90
x 76 84
+ 100 42
+ 1 64
+ 1 9
+ 1 91
+ 100 35
+ 1 25
+ 100 1
x 49 53
x 17 13
+ 1 97
+ 1 4
+ 1 60
+ 1 31
+ 100 5
+ 100 4
x 80 89
+ 1 83
+ 100 84
+ 1 67
+ 100 98
o 100 11
x 28 21
+ 100 3
+ 100 20
+ 100 44
+ 1 75
+ 1 79
+ 100 36
+ 1 27
+ 100 6
+ 100 75
+ 100 10
+ 100 14
+ 100 69
x 44 39
+ 1 82
+ 1 81
+ 100 99
+ 1 54
+ 100 41
+ 100 77
+ 100 43
+ 100 55
+ 1 62
+ 1 37
+ 1 76
+ 1 16
+ 100 93
+ 100 88
+ 1 68
+ 100 49
+ 1 87
+ 1 3
+ 1 15
+ 1 98
+ 100 52
+ 100 26
+ 100 47
+ 100 71
+ 1 22
+ 1 72
+ 1 56
+ 1 14
x 78 85
+ 1 61
+ 1 26
+ 100 68
x 59 64
+ 1 85
+ 1 66
+ 100 28
x 60 65
+ 1 65
+ 100 37
+ 100 38
+ 1 77
+ 100 91
+ 100 50
+ 1 39
+ 1 23
+ 1 17
+ 100 87
+ 100 67
x 33 22
+ 1 13
+ 100 54
+ 100 74
+ 100 46
x 45 41
+ 100 97
+ 1 7
x 62 68
+ 100 96
+ 100 89
+ 1 63
+ 1 2
+ 100 59
+ 100 86
x 38 23
+ 1 33
x 50 57
+ 100 22
+ 100 45
+ 100 85
+ 1 49
+ 1 80
+ 100 13
x 46 52
+ 1 43
+ 100 73
+ 1 34
+ 100 15
+ 100 61
x 72 74
x 67 69
+ 1 88
+ 1 53
x 73 83
+ 100 21
+ 100 79
+ 1 52
x 26 19
+ 1 32
x 24 16
Case #15: 293 247
+ 100 51
+ 100 16
+ 1 58
+ 1 20
x 51 53
x 28 25
+ 1 8
x 78 78
+ 1 71
+ 1 90
+ 1 93
+ 100 63
+ 1 5
+ 100 56
x 100 100
+ 1 59
x 37 32
+ 100 33
x 91 94
x 71 72
+ 1 51
+ 100 7
+ 100 31
+ 100 72
+ 1 41
+ 100 18
x 36 31
+ 1 94
+ 1 70
+ 1 45
+ 100 48
+ 1 21
x 85 88
x 55 56
+ 1 50
x 45 44
+ 1 47
x 80 80
+ 1 99
+ 100 81
+ 100 53
+ 100 83
+ 100 70
+ 100 32
+ 100 66
+ 1 44
+ 1 28
+ 100 25
+ 1 29
+ 100 65
+ 1 48
+ 100 24
+ 7 24
+ 1 38
+ 100 19
+ 1 35
x 14 11
x 88 90
x 83 83
x 42 40
+ 100 64
+ 100 27
x 89 93
+ 100 30
x 49 49
+ 100 9
+ 1 46
+ 1 95
x 50 50
x 72 73
+ 100 8
+ 1 92
+ 1 24
+ 100 17
+ 100 95
+ 1 74
+ 1 40
+ 1 96
+ 100 62
+ 100 60
+ 94 100
x 19 17
+ 4 40
+ 1 69
+ 4 60
x 31 30
+ 100 23
x 93 96
+ 100 40
+ 100 12
x 57 58
+ 100 92
+ 1 89
x 92 95
+ 1 36
+ 1 6
+ 100 80
x 77 75
+ 100 29
+ 100 82
+ 100 78
+ 100 34
+ 1 19
+ 100 2
+ 1 55
+ 100 57
x 47 46
x 27 24
+ 1 12
+ 1 42
o 1 1
x 53 54
x 16 12
x 3 5
+ 100 76
x 54 55
x 94 97
+ 100 39
x 73 74
+ 100 42
+ 1 64
x 9 8
+ 1 9
+ 1 91
+ 100 35
x 13 10
+ 100 1
+ 4 81
x 17 13
+ 1 97
+ 1 60
+ 1 31
x 20 19
+ 100 5
x 24 21
+ 100 4
+ 1 83
+ 100 84
+ 1 67
+ 100 98
+ 100 11
x 60 61
+ 100 3
+ 100 20
+ 100 44
+ 1 75
x 48 48
+ 1 79
+ 100 36
x 30 27
+ 1 27
+ 100 6
+ 100 75
+ 91 100
+ 100 10
x 41 39
x 29 26
+ 100 14
+ 100 69
+ 1 82
x 61 62
x 62 63
+ 1 81
+ 100 99
x 95 98
+ 1 54
+ 100 41
+ 100 77
+ 100 43
+ 100 55
+ 1 62
+ 1 76
+ 1 16
+ 100 93
x 99 99
+ 100 88
x 44 41
+ 1 68
+ 100 49
+ 1 3
+ 1 98
+ 100 52
+ 100 26
+ 100 47
+ 100 71
+ 1 22
+ 1 72
+ 1 56
+ 1 14
+ 1 61
+ 1 26
+ 100 68
+ 1 66
+ 100 28
x 10 9
+ 1 65
+ 100 37
+ 100 38
+ 1 77
x 59 60
x 68 69
+ 100 50
+ 1 39
+ 1 23
+ 1 17
+ 100 87
+ 100 67
x 23 20
+ 1 13
+ 100 54
+ 100 74
+ 100 46
x 63 66
+ 100 97
x 38 33
+ 100 96
x 2 3
x 46 45
x 56 57
+ 100 89
+ 58 100
+ 100 59
+ 100 86
x 58 59
+ 1 33
+ 100 22
+ 100 45
+ 100 85
+ 1 49
+ 1 80
+ 100 13
+ 100 73
+ 1 34
x 39 38
x 25 22
+ 100 15
x 84 86
+ 100 61
+ 1 88
x 5 6
x 64 67
+ 1 53
x 70 70
+ 100 21
+ 100 79
+ 1 52
+ 1 32
Case #16: 270 148
+ 1 8
+ 100 63
+ 100 100
x 44 24
x 36 18
+ 100 7
+ 100 18
+ 77 99
+ 99 100
+ 64 100
x 99 98
+ 23 1
+ 1 99
+ 1 73
+ 44 3
+ 2 10
+ 100 27
+ 2 50
x 87 91
x 85 84
+ 33 100
x 12 5
+ 32 1
x 61 41
+ 92 1
+ 1 84
x 60 38
+ 1 40
+ 90 100
+ 60 100
x 75 70
x 6 1
x 19 7
+ 87 100
+ 100 23
+ 86 100
+ 99 76
+ 100 12
+ 20 1
+ 100 92
+ 49 100
+ 1 89
+ 100 82
+ 1 19
+ 100 2
x 66 60
+ 100 57
x 47 28
+ 3 34
x 7 3
x 24 9
x 38 19
x 30 12
+ 100 42
x 84 83
+ 100 35
+ 100 1
+ 1 97
x 22 8
+ 8 100
+ 100 5
x 64 56
+ 100 4
x 92 93
+ 1 83
+ 1 67
x 82 76
+ 100 11
+ 100 3
+ 100 44
x 32 13
+ 66 100
x 81 75
+ 100 6
+ 100 14
x 59 35
x 100 99
x 69 67
+ 50 100
+ 100 41
x 68 65
+ 25 100
+ 77 1
x 98 97
+ 45 100
+ 100 93
+ 62 100
+ 100 88
x 29 11
+ 1 87
+ 2 21
+ 100 71
+ 55 100
+ 100 68
+ 47 96
+ 70 1
+ 100 28
+ 100 38
+ 34 4
x 8 4
+ 100 91
+ 100 67
+ 1 13
+ 75 1
x 45 25
+ 100 46
+ 100 96
x 34 17
x 41 23
+ 100 89
+ 1 63
x 67 63
+ 29 1
+ 91 1
x 83 79
+ 62 1
x 46 26
+ 1 33
x 62 45
+ 49 1
x 63 53
+ 100 13
x 79 72
x 54 29
+ 100 73
+ 1 34
+ 55 2
+ 16 100
+ 6 53
x 89 92
+ 100 15
+ 48 1
+ 2 65
+ 100 61
x 80 73
+ 1 88
x 65 58
x 55 30
+ 6 34
x 33 16
x 27 10
x 95 95
+ 43 1
x 58 33
+ 100 79
+ 81 1
+ 82 1
+ 54 100
Case #17: 264 173
+ 100 51
x 72 72
x 78 78
x 89 89
+ 100 63
+ 100 56
x 69 69
x 100 100
+ 67 100
x 91 91
x 20 20
+ 100 33
x 76 76
x 52 52
+ 100 7
+ 100 31
x 59 59
+ 100 72
+ 32 100
+ 100 18
x 84 84
x 58 58
x 93 93
x 21 21
x 36 36
+ 76 100
x 14 14
x 80 80
+ 100 53
+ 100 83
x 75 75
+ 100 25
+ 100 24
x 64 64
+ 100 19
x 7 7
x 83 83
x 47 47
+ 100 64
+ 100 27
+ 100 30
x 49 49
+ 100 9
x 17 17
x 50 50
+ 100 8
x 19 19
+ 100 17
x 32 32
x 28 28
x 6 6
x 88 88
+ 60 100
x 27 27
x 62 62
x 74 74
x 82 82
x 4 4
+ 100 23
+ 100 40
+ 100 12
+ 49 100
x 10 10
+ 100 80
x 65 65
+ 20 100
x 31 31
+ 100 82
+ 100 34
+ 100 2
+ 100 57
x 1 1
x 90 90
x 13 13
x 79 79
x 38 38
+ 100 39
+ 100 42
x 44 44
+ 100 35
x 37 37
x 77 77
+ 100 5
+ 76 99
+ 100 4
+ 100 84
x 33 33
x 60 60
+ 100 11
+ 100 3
+ 100 44
x 48 48
x 57 57
x 39 39
x 81 81
x 8 8
x 26 26
+ 100 36
x 43 43
+ 66 100
+ 100 6
x 97 97
x 23 23
x 40 40
+ 100 10
+ 100 14
x 15 15
+ 29 100
x 25 25
x 94 94
+ 53 97
+ 100 41
+ 100 77
x 66 66
x 67 67
x 29 29
x 30 30
x 54 54
x 99 99
x 53 53
x 56 56
x 11 11
+ 52 100
x 2 2
x 5 5
o 16 16
x 18 18
+ 100 26
+ 100 47
+ 55 100
+ 100 68
+ 100 28
x 35 35
x 12 12
+ 100 37
+ 100 38
x 98 98
x 51 51
x 24 24
+ 71 99
x 34 34
x 68 68
+ 100 74
x 73 73
+ 100 46
x 3 3
x 86 86
x 46 46
x 61 61
+ 13 100
+ 73 100
x 63 63
x 42 42
x 9 9
x 55 55
x 71 71
+ 100 22
+ 100 45
x 22 22
+ 43 100
x 41 41
+ 16 100
+ 68 94
x 45 45
+ 100 15
x 96 96
x 92 92
x 87 87
x 95 95
x 70 70
x 85 85
+ 100 21
+ 54 100
Case #18: 7 6
+ 3 1
x 1 1
+ 3 2
x 2 2
o 3 3
+ 1 2
Case #19: 272 172
+ 100 16
+ 2 58
+ 1 71
+ 1 93
+ 58 99
+ 100 63
+ 100 56
x 100 100
+ 67 100
+ 42 100
x 11 7
x 37 32
+ 100 33
+ 100 7
+ 100 31
o 1 41
+ 100 18
x 36 31
+ 1 94
x 40 39
+ 1 21
x 44 43
x 14 14
+ 1 99
+ 100 81
x 90 88
+ 100 32
+ 100 66
x 84 81
x 71 68
+ 100 25
+ 100 65
+ 100 24
+ 39 100
x 86 84
+ 100 19
+ 100 64
x 51 50
x 53 52
x 88 85
+ 100 27
+ 4 48
+ 8 46
+ 100 30
x 49 49
+ 100 9
+ 100 8
x 75 71
+ 100 17
x 35 30
+ 100 58
x 57 55
+ 100 95
+ 1 74
+ 1 40
+ 100 62
+ 100 60
x 77 73
+ 53 99
+ 51 100
+ 47 100
x 39 36
x 70 67
x 96 93
+ 100 23
+ 100 12
x 18 17
+ 100 80
x 81 79
x 26 23
x 82 80
+ 100 29
+ 100 82
+ 100 78
+ 100 34
+ 100 2
x 79 77
x 13 13
+ 100 76
x 16 15
x 93 91
x 29 24
x 56 54
+ 1 91
+ 100 35
x 41 40
+ 1 97
+ 100 5
x 24 21
+ 100 4
+ 1 83
x 78 74
+ 100 11
x 33 28
+ 100 3
+ 100 20
+ 100 44
+ 1 79
+ 100 36
+ 1 27
+ 100 6
+ 85 100
x 12 11
x 67 65
+ 100 75
+ 100 10
+ 100 14
+ 69 100
+ 1 81
+ 100 41
+ 100 77
+ 100 43
+ 100 55
o 3 2
x 98 97
x 38 34
x 32 26
+ 1 37
+ 1 76
x 99 99
+ 100 49
x 91 89
+ 100 26
+ 1 26
x 72 69
+ 100 68
+ 1 66
+ 100 28
+ 100 37
+ 100 38
x 69 66
x 9 6
x 59 60
+ 100 91
+ 100 50
x 19 18
x 31 25
x 43 42
x 34 29
+ 100 54
+ 100 74
x 52 51
+ 100 46
x 63 61
+ 48 100
x 47 48
+ 54 99
x 46 46
+ 73 100
x 2 1
+ 100 59
x 76 72
x 58 59
x 4 3
+ 1 33
+ 100 22
+ 100 45
x 8 5
x 94 92
+ 100 13
x 22 19
x 45 45
+ 100 15
x 74 70
+ 84 100
+ 100 61
+ 100 21
+ 1 52
x 85 82
x 17 16
+ 40 100
x 89 86
Case #20: 86 47
x 7 5
x 11 7
x 19 25
+ 28 33
o 33 26
+ 11 1
+ 21 1
+ 33 12
x 25 29
+ 33 31
x 12 10
+ 33 3
+ 32 1
x 17 20
+ 33 24
+ 33 7
+ 33 21
x 4 4
+ 33 10
+ 33 20
+ 25 33
x 22 28
+ 1 31
+ 33 5
+ 33 33
+ 33 11
+ 1 27
+ 25 1
x 15 16
x 30 30
x 2 2
x 14 15
+ 1 22
x 32 31
+ 1 14
+ 1 26
x 16 19
x 3 3
+ 19 1
+ 33 32
+ 23 32
+ 29 33
x 18 21
x 13 14
x 8 6
x 20 27
+ 2 12
Case #21: 267 170
+ 100 51
x 72 72
x 78 78
x 89 89
x 69 69
x 100 100
+ 51 98
x 91 91
x 20 20
+ 100 33
x 76 76
x 52 52
+ 100 7
+ 100 31
x 59 59
+ 100 72
+ 100 18
x 84 84
x 58 58
x 93 93
+ 100 48
+ 30 100
x 21 21
x 36 36
x 14 14
x 80 80
+ 63 100
+ 100 53
+ 100 32
x 75 75
+ 100 66
+ 100 25
+ 100 24
x 64 64
+ 100 19
x 7 7
x 83 83
x 47 47
+ 100 64
+ 100 27
x 49 49
+ 100 9
x 17 17
x 50 50
+ 100 8
x 19 19
+ 100 17
x 32 32
x 28 28
+ 100 58
x 6 6
x 88 88
+ 100 62
+ 100 60
x 27 27
+ 81 100
x 62 62
x 74 74
x 82 82
x 4 4
+ 56 100
+ 100 23
+ 100 40
+ 100 12
x 10 10
x 65 65
x 31 31
+ 100 78
+ 100 34
+ 100 2
+ 36 100
o 1 1
x 90 90
x 13 13
x 79 79
x 38 38
+ 100 39
+ 100 42
x 44 44
+ 100 35
x 37 37
x 77 77
+ 100 5
+ 100 4
+ 71 100
x 33 33
x 60 60
+ 100 11
+ 100 3
+ 100 20
+ 100 44
x 48 48
x 57 57
x 39 39
x 81 81
x 8 8
x 26 26
x 43 43
+ 100 6
x 97 97
x 23 23
+ 100 75
x 40 40
+ 100 10
+ 100 14
x 15 15
+ 100 69
+ 29 100
x 25 25
x 94 94
+ 100 77
x 66 66
x 67 67
x 29 29
x 30 30
+ 41 100
x 54 54
x 99 99
x 53 53
x 56 56
x 11 11
x 2 2
x 5 5
x 16 16
x 18 18
+ 100 26
+ 57 100
+ 100 28
x 35 35
x 12 12
+ 100 37
+ 100 50
x 98 98
+ 38 100
x 51 51
x 24 24
x 34 34
x 68 68
+ 100 54
x 73 73
+ 100 46
x 3 3
x 86 86
x 46 46
x 61 61
x 63 63
x 42 42
x 9 9
x 55 55
x 71 71
+ 100 22
+ 100 45
x 22 22
+ 100 13
+ 43 100
x 41 41
+ 100 73
+ 16 100
x 45 45
+ 57 95
+ 100 15
x 96 96
+ 100 61
x 92 92
x 87 87
x 95 95
x 70 70
x 85 85
+ 100 21
+ 100 79
Case #22: 233 134
x 43 37
+ 87 73
x 7 9
+ 87 13
+ 87 9
x 73 69
x 37 32
+ 87 62
x 36 31
+ 87 57
+ 87 36
x 68 63
+ 68 87
+ 87 48
x 44 38
+ 87 20
x 6 4
+ 87 52
+ 87 7
+ 34 1
+ 4 36
+ 87 72
x 30 28
+ 87 40
x 55 43
+ 87 10
+ 41 87
+ 30 84
+ 87 63
+ 87 58
+ 87 8
+ 1 84
+ 85 31
+ 1 40
+ 1 78
+ 1 57
+ 76 1
+ 87 44
+ 87 81
+ 63 85
x 70 67
x 8 11
+ 86 1
x 75 74
+ 28 1
+ 1 42
+ 87 55
+ 87 17
+ 3 36
+ 1 30
+ 1 10
+ 87 79
+ 87 31
+ 1 64
+ 56 1
+ 87 19
+ 1 25
+ 87 1
+ 85 87
+ 87 6
+ 85 1
x 72 68
x 82 83
x 81 82
+ 87 16
x 15 12
+ 87 83
x 80 81
x 29 26
+ 1 82
+ 87 23
+ 87 42
+ 1 81
+ 87 82
+ 2 70
x 57 53
x 31 29
x 34 30
+ 46 86
+ 1 68
+ 87 5
+ 87 28
+ 1 15
x 16 16
x 58 55
x 56 46
+ 51 2
+ 1 22
+ 1 14
x 69 65
+ 1 26
+ 2 47
+ 67 1
+ 1 66
x 77 79
+ 71 86
+ 37 1
+ 87 22
x 5 3
+ 87 86
x 21 19
x 84 85
+ 87 50
+ 87 66
+ 87 84
x 38 33
+ 87 4
+ 1 7
x 48 41
+ 87 24
+ 1 2
x 63 57
+ 50 86
x 65 61
+ 87 47
+ 2 59
x 76 77
+ 49 1
+ 64 87
+ 87 25
x 42 35
x 46 39
x 49 42
x 17 18
x 25 22
x 74 70
+ 87 74
+ 87 78
+ 87 46
x 61 56
o 87 87
+ 87 53
+ 69 87
x 28 24
Case #23: 28 0
Case #24: 267 170
+ 100 51
+ 100 16
+ 61 100
x 72 72
x 78 78
x 89 89
+ 100 56
x 69 69
x 100 100
x 91 91
x 20 20
x 76 76
x 52 52
+ 100 31
x 59 59
+ 100 72
+ 100 18
x 84 84
x 58 58
x 93 93
+ 100 48
+ 11 100
x 21 21
+ 80 100
x 36 36
x 14 14
x 80 80
+ 100 70
+ 100 32
x 75 75
+ 100 66
+ 78 100
+ 100 25
+ 100 65
+ 100 24
x 64 64
+ 39 100
+ 100 19
x 7 7
x 83 83
x 47 47
+ 100 27
+ 100 30
x 49 49
+ 100 9
x 17 17
x 50 50
+ 100 8
x 19 19
+ 100 17
x 32 32
x 28 28
x 6 6
x 88 88
+ 68 99
+ 100 60
x 27 27
x 62 62
x 74 74
x 82 82
+ 47 100
x 4 4
+ 100 40
+ 100 12
x 10 10
x 65 65
x 31 31
+ 100 29
+ 100 34
+ 100 2
+ 100 57
o 1 1
x 90 90
x 13 13
x 79 79
x 38 38
+ 100 42
x 44 44
+ 100 35
x 37 37
+ 7 100
x 77 77
+ 100 5
+ 100 4
x 33 33
x 60 60
+ 100 3
+ 100 20
+ 100 44
x 48 48
x 57 57
x 39 39
x 81 81
x 8 8
x 26 26
+ 100 36
x 43 43
+ 100 6
x 97 97
x 23 23
x 40 40
+ 100 10
+ 100 14
x 15 15
+ 100 69
x 25 25
x 94 94
+ 50 100
+ 100 41
x 66 66
+ 100 43
x 67 67
+ 100 55
x 29 29
x 30 30
x 54 54
x 99 99
+ 100 49
x 53 53
x 56 56
x 11 11
x 2 2
x 5 5
x 16 16
+ 100 52
x 18 18
+ 100 26
+ 100 28
x 35 35
x 12 12
+ 100 37
+ 100 38
+ 70 98
x 98 98
x 51 51
x 24 24
+ 55 99
x 34 34
x 68 68
x 73 73
+ 100 46
x 3 3
x 86 86
+ 54 99
x 46 46
x 61 61
+ 73 100
+ 23 100
+ 100 59
x 63 63
x 42 42
x 9 9
+ 35 98
x 55 55
x 71 71
+ 100 22
+ 100 45
x 22 22
+ 100 13
x 41 41
x 45 45
+ 100 15
x 96 96
x 92 92
+ 64 99
x 87 87
x 95 95
x 70 70
x 85 85
+ 100 21
Case #25: 246 135
+ 1 20
+ 92 82
x 38 48
x 26 34
+ 60 1
+ 1 59
x 73 69
+ 92 19
x 80 78
x 39 50
+ 92 52
+ 92 50
+ 1 41
+ 49 92
+ 92 72
x 48 53
+ 92 89
+ 1 21
x 20 24
+ 80 1
+ 55 92
+ 57 1
+ 92 29
+ 1 47
+ 1 73
+ 2 35
+ 1 28
x 16 20
+ 92 4
+ 34 1
+ 92 64
+ 92 21
+ 92 90
x 24 27
+ 32 1
+ 92 1
x 42 51
+ 1 84
+ 1 78
+ 76 1
x 70 67
+ 58 92
x 52 54
x 76 73
+ 86 1
+ 46 90
+ 92 46
+ 1 89
x 77 75
+ 92 74
x 19 22
+ 88 92
+ 23 92
+ 92 9
x 68 64
+ 92 20
+ 92 6
x 64 62
x 54 56
+ 79 92
+ 71 92
+ 92 3
+ 75 92
+ 1 25
+ 83 1
o 50 1
+ 92 63
+ 1 67
+ 38 92
+ 85 92
+ 53 1
+ 70 92
+ 33 1
+ 76 92
+ 39 92
x 81 83
+ 92 5
+ 86 92
+ 1 16
+ 18 92
x 27 36
+ 1 68
+ 69 1
+ 1 3
x 75 72
x 5 5
+ 1 15
x 2 4
+ 1 72
x 69 65
x 79 76
+ 92 81
+ 1 65
x 29 40
+ 61 1
+ 1 77
x 31 41
+ 92 42
+ 1 13
+ 54 3
x 87 84
+ 92 25
x 63 61
+ 92 80
+ 92 77
x 36 46
+ 87 92
+ 92 14
x 88 91
+ 92 84
+ 1 63
o 1 2
x 9 9
+ 2 30
+ 92 69
+ 92 26
x 18 21
x 46 52
+ 1 43
x 89 92
x 11 12
x 58 57
x 32 42
x 74 70
x 8 6
+ 71 1
+ 92 91
x 13 16
+ 92 78
x 22 25
+ 53 92
+ 57 92
+ 92 30
x 62 58
+ 47 92
Case #26: 298 236
+ 100 51
+ 100 16
+ 1 58
+ 1 20
+ 1 8
+ 1 71
+ 1 90
+ 1 93
+ 100 63
o 1 5
+ 100 56
x 69 69
+ 100 100
+ 1 59
x 16 21
+ 100 33
+ 1 51
x 41 54
+ 100 7
x 31 49
+ 100 31
+ 100 72
x 85 81
+ 1 41
+ 100 18
+ 1 94
+ 1 70
+ 1 45
+ 100 48
+ 1 21
+ 1 50
+ 1 47
+ 1 99
+ 100 81
+ 100 53
+ 100 83
+ 1 73
+ 100 70
+ 100 32
+ 100 66
+ 1 44
+ 1 28
+ 100 25
+ 1 29
+ 100 65
+ 1 48
+ 100 24
+ 1 86
+ 1 38
+ 100 19
+ 1 35
x 66 65
+ 100 64
+ 100 27
+ 100 30
+ 100 9
+ 1 46
+ 1 95
+ 100 8
+ 1 92
+ 1 24
x 20 22
+ 100 17
+ 100 58
+ 1 84
x 88 88
x 27 37
+ 100 95
x 24 32
+ 1 74
+ 1 40
+ 1 78
+ 1 57
+ 1 96
x 86 85
+ 100 62
+ 100 60
+ 1 18
x 21 24
+ 1 69
x 29 46
+ 100 94
+ 100 23
+ 100 40
+ 100 12
x 46 57
+ 100 92
+ 1 89
+ 1 36
+ 1 6
+ 1 11
+ 100 80
x 81 79
+ 100 29
+ 100 82
+ 100 78
+ 100 34
+ 1 19
+ 100 2
+ 1 55
+ 100 57
+ 1 12
+ 1 42
x 73 70
x 48 59
+ 1 30
+ 100 76
+ 1 10
x 94 97
+ 100 39
x 51 61
+ 100 90
+ 100 42
+ 1 64
+ 1 9
+ 1 91
+ 100 35
+ 1 25
+ 100 1
+ 1 97
+ 1 4
+ 1 60
+ 1 31
+ 100 5
+ 100 4
+ 1 83
+ 100 84
x 79 78
+ 1 67
o 100 98
+ 100 11
+ 100 3
+ 100 20
+ 100 44
+ 1 75
+ 1 79
+ 100 36
+ 1 27
+ 100 6
+ 100 75
+ 100 10
+ 100 14
+ 100 69
+ 1 82
+ 1 81
+ 100 99
+ 1 54
+ 100 41
+ 100 77
+ 100 43
+ 100 55
+ 1 62
+ 1 37
+ 1 76
+ 1 16
+ 100 93
+ 100 88
+ 1 68
+ 100 49
+ 1 87
+ 1 3
+ 1 15
x 4 8
+ 1 98
+ 100 52
x 25 35
+ 100 26
+ 100 47
+ 100 71
+ 1 22
+ 1 72
x 3 7
+ 1 56
+ 1 14
+ 1 61
+ 1 26
+ 100 68
x 11 18
x 12 19
+ 1 85
x 30 48
+ 1 66
+ 100 28
x 49 60
+ 1 65
+ 100 37
+ 100 38
+ 1 77
+ 100 91
+ 100 50
x 43 55
+ 1 39
+ 1 23
+ 1 17
+ 100 87
+ 100 67
+ 1 13
x 68 68
+ 100 54
x 22 29
+ 100 74
+ 100 46
+ 100 97
+ 1 7
+ 100 96
x 77 76
+ 100 89
+ 1 63
+ 1 2
+ 100 59
x 83 80
+ 100 86
+ 1 33
+ 100 22
+ 100 45
+ 100 85
+ 1 49
+ 1 80
+ 100 13
x 28 40
+ 1 43
+ 100 73
+ 1 34
+ 100 15
+ 100 61
x 32 53
+ 1 88
x 91 90
+ 1 53
x 58 63
+ 100 21
+ 100 79
+ 1 52
x 52 62
x 8 14
+ 1 32
Case #27: 272 172
+ 100 16
x 51 53
x 7 6
x 72 72
x 89 89
+ 100 63
x 28 30
+ 100 56
x 69 69
x 9 10
+ 35 99
x 20 20
+ 2 76
+ 100 33
+ 100 7
+ 100 31
+ 32 100
+ 100 18
+ 4 41
x 84 84
x 99 100
x 47 50
+ 100 48
x 21 21
+ 80 100
x 30 32
x 59 58
x 80 80
+ 2 60
x 96 94
+ 100 53
+ 100 66
+ 78 100
+ 100 25
+ 100 65
+ 1 48
x 43 45
x 64 64
x 6 4
+ 1 86
+ 100 19
x 76 75
x 83 83
+ 72 100
+ 100 64
+ 58 93
+ 100 27
x 87 88
+ 100 30
o 100 9
x 17 17
+ 79 100
+ 100 8
x 26 27
x 24 26
x 19 19
+ 100 17
+ 1 74
+ 1 78
x 3 1
x 74 73
+ 21 100
+ 100 60
x 82 82
x 44 46
x 52 54
x 29 31
+ 100 23
x 38 41
x 36 38
x 95 93
x 34 35
+ 100 12
x 65 65
+ 100 29
x 32 33
x 58 56
+ 100 2
x 75 74
+ 3 28
+ 100 76
x 54 55
x 79 79
+ 100 39
x 62 61
+ 24 100
+ 100 42
+ 100 35
+ 1 25
x 27 28
+ 100 5
+ 100 4
+ 71 100
+ 100 11
x 61 60
+ 100 3
+ 100 20
x 78 77
+ 100 44
x 81 81
x 37 40
x 48 51
+ 100 36
+ 100 6
+ 3 78
x 23 23
+ 100 75
+ 100 10
+ 100 14
+ 100 69
+ 2 53
+ 100 41
x 67 67
+ 3 55
+ 100 55
+ 1 62
x 39 42
+ 100 49
x 11 11
+ 52 100
+ 1 98
x 16 16
x 14 15
+ 100 26
x 60 59
x 4 2
x 45 47
+ 100 47
+ 57 100
+ 2 36
+ 100 28
x 12 12
+ 100 38
+ 100 50
x 98 96
x 5 3
+ 100 67
+ 100 74
+ 100 46
+ 37 100
x 86 86
+ 77 100
x 93 92
x 77 76
+ 100 59
+ 72 98
x 46 49
+ 100 86
x 8 7
x 33 34
x 63 62
x 71 71
+ 100 22
+ 100 45
+ 100 13
+ 43 100
x 49 52
+ 100 73
x 13 14
+ 100 15
+ 100 61
x 92 91
+ 3 58
x 91 90
x 97 95
x 40 43
x 70 70
x 41 44
x 85 85
x 35 37
+ 40 100
+ 54 100
Case #28: 216 112
+ 1 58
x 54 42
+ 81 67
x 43 35
+ 65 81
x 68 56
+ 81 6
x 8 10
x 37 32
x 50 40
+ 81 26
+ 33 81
+ 81 3
x 18 19
+ 81 73
+ 59 1
+ 81 38
x 79 73
+ 47 79
+ 18 1
+ 1 48
x 56 48
x 14 16
+ 1 35
x 52 41
+ 59 81
+ 68 1
+ 81 77
+ 48 2
+ 81 31
+ 1 24
x 35 26
+ 81 47
x 69 59
o 81 76
x 31 24
x 77 71
x 29 23
+ 81 58
+ 81 8
+ 81 2
+ 81 22
+ 81 79
+ 39 2
x 60 52
+ 81 28
x 3 5
+ 81 13
x 39 33
+ 1 9
+ 1 25
+ 1 4
+ 1 60
x 55 45
+ 81 81
+ 1 79
+ 20 81
+ 81 52
+ 81 75
+ 42 81
+ 53 1
+ 42 80
+ 33 1
x 74 63
+ 81 69
+ 37 6
x 19 20
x 10 14
+ 81 43
+ 81 39
+ 1 3
x 47 39
x 58 51
+ 1 56
+ 1 61
x 15 17
+ 1 66
+ 81 60
+ 72 81
x 80 74
+ 1 13
+ 75 1
x 70 60
+ 81 30
x 2 3
x 25 21
+ 77 44
+ 1 63
+ 71 81
x 75 66
+ 46 1
+ 80 26
+ 81 56
+ 61 81
+ 1 43
x 17 18
x 42 34
x 46 37
x 76 69
+ 78 1
+ 63 81
x 5 6
+ 81 78
+ 3 20
+ 37 81
x 72 61
+ 81 57
x 67 54
x 78 72
+ 81 54
+ 74 81
x 9 11
Case #29: 266 170
+ 100 51
+ 61 100
x 72 72
x 78 78
x 89 89
+ 100 63
+ 100 56
x 69 69
x 100 100
+ 67 100
x 91 91
x 20 20
+ 65 100
+ 100 33
x 76 76
x 52 52
+ 100 7
+ 100 31
x 59 59
+ 100 18
x 84 84
x 58 58
x 93 93
+ 100 48
+ 48 95
+ 64 100
x 21 21
x 36 36
x 14 14
x 80 80
+ 100 53
+ 100 32
x 75 75
+ 100 25
+ 100 24
x 64 64
x 7 7
x 83 83
x 47 47
+ 46 100
+ 100 27
+ 100 30
x 49 49
+ 100 9
x 17 17
x 50 50
+ 100 8
x 19 19
+ 100 17
x 32 32
x 28 28
+ 100 58
x 6 6
x 88 88
+ 100 60
x 27 27
+ 44 100
x 62 62
x 74 74
x 82 82
x 4 4
+ 50 99
+ 100 12
x 10 10
x 65 65
x 31 31
+ 100 34
+ 100 2
+ 100 57
o 1 1
x 90 90
x 13 13
x 79 79
x 38 38
+ 100 39
+ 100 42
x 44 44
x 37 37
x 77 77
+ 100 5
+ 100 4
x 33 33
x 60 60
+ 100 11
+ 100 3
+ 100 20
+ 35 100
x 48 48
x 57 57
x 39 39
x 81 81
x 8 8
x 26 26
+ 100 36
x 43 43
+ 66 100
+ 100 6
x 97 97
x 23 23
x 40 40
+ 100 10
+ 100 14
x 15 15
+ 100 69
+ 29 100
x 25 25
x 94 94
+ 100 41
+ 100 77
x 66 66
x 67 67
+ 100 55
x 29 29
x 30 30
+ 19 100
x 54 54
x 99 99
x 53 53
+ 51 99
x 56 56
x 11 11
x 2 2
x 5 5
x 16 16
+ 100 52
x 18 18
+ 100 26
+ 100 47
+ 56 98
x 35 35
x 12 12
+ 100 37
+ 100 38
x 98 98
x 51 51
x 24 24
x 34 34
x 68 68
x 73 73
x 3 3
x 86 86
+ 46 99
x 46 46
x 61 61
+ 73 100
+ 23 100
+ 100 59
+ 68 100
+ 100 86
x 63 63
x 42 42
x 9 9
x 55 55
+ 17 99
+ 28 100
x 71 71
+ 100 22
x 22 22
+ 100 13
x 41 41
x 45 45
+ 100 15
x 96 96
x 92 92
x 87 87
x 95 95
x 70 70
x 85 85
+ 100 21
+ 40 100
Case #30: 223 119
+ 1 58
+ 83 62
+ 1 5
+ 83 76
+ 83 37
x 23 17
x 71 72
x 55 58
x 83 82
+ 83 67
+ 83 54
+ 59 3
+ 59 1
x 56 60
+ 83 4
x 80 80
+ 83 15
+ 1 73
x 7 4
x 75 75
x 40 29
+ 83 81
+ 83 78
+ 83 32
x 68 70
x 60 64
x 57 62
x 32 19
x 12 5
x 52 56
+ 15 1
+ 83 72
+ 72 1
+ 83 71
x 15 8
+ 4 60
+ 83 26
x 28 18
x 45 43
+ 67 3
+ 83 28
x 37 26
+ 20 1
+ 83 14
+ 2 45
+ 83 5
x 16 9
x 33 23
+ 1 55
+ 39 2
+ 28 1
x 1 1
+ 49 82
+ 83 40
x 79 79
+ 83 70
+ 83 51
x 73 74
+ 83 1
+ 83 16
+ 1 4
+ 1 60
+ 2 31
+ 82 83
+ 65 83
+ 1 79
x 34 24
x 50 52
x 44 39
+ 83 57
+ 45 83
+ 55 83
+ 54 1
+ 1 16
+ 1 68
+ 1 3
+ 50 3
+ 2 7
x 48 50
+ 17 83
+ 1 56
+ 1 14
x 43 38
x 41 30
x 35 25
+ 41 83
+ 39 3
+ 83 29
+ 63 2
x 5 3
+ 83 21
+ 43 83
x 65 67
x 70 71
+ 83 11
+ 83 68
+ 74 1
x 77 76
x 46 46
+ 83 80
+ 7 37
+ 83 50
+ 83 79
+ 83 24
+ 83 20
+ 1 33
+ 35 1
+ 49 1
+ 1 80
x 22 13
x 17 11
+ 83 42
+ 83 73
+ 78 1
x 62 66
+ 83 8
x 47 49
+ 24 82
x 20 12
Case #31: 201 0
Case #32: 280 219
+ 100 51
+ 100 16
+ 1 20
+ 61 100
x 89 89
+ 2 56
+ 1 71
+ 1 93
+ 100 63
+ 100 56
x 69 69
x 100 100
x 95 94
+ 3 67
+ 67 100
x 9 10
x 91 91
x 64 65
+ 1 59
+ 100 33
x 73 72
x 80 79
x 72 71
+ 100 7
+ 100 31
x 83 82
+ 100 72
x 6 7
x 8 9
+ 100 18
+ 1 94
x 40 39
+ 99 100
x 93 93
+ 100 48
x 44 43
x 55 56
+ 1 50
x 36 36
x 45 44
x 14 14
x 25 26
+ 1 99
+ 100 81
+ 100 53
+ 3 25
+ 100 83
+ 100 32
+ 1 44
+ 1 28
+ 100 25
+ 100 65
+ 1 48
+ 100 24
x 3 4
x 22 23
x 24 25
+ 1 86
+ 100 19
x 23 24
x 76 75
+ 100 64
+ 100 27
x 85 84
+ 100 30
+ 100 9
x 65 66
x 17 17
+ 1 95
+ 100 8
+ 1 92
+ 1 24
x 26 27
x 49 50
x 19 19
+ 100 17
+ 100 58
+ 1 84
+ 100 95
x 7 8
+ 1 74
+ 1 78
x 74 73
x 86 85
x 46 47
x 81 80
+ 100 62
+ 100 60
+ 44 100
+ 53 99
x 48 49
+ 100 23
+ 74 100
+ 100 40
+ 100 12
x 57 58
+ 1 36
+ 100 80
+ 100 78
+ 100 2
x 75 74
+ 100 57
x 29 30
x 53 54
x 90 90
+ 1 30
x 13 13
+ 100 76
x 54 55
+ 4 29
x 38 38
x 31 32
+ 100 39
x 88 87
+ 100 42
x 50 51
x 84 83
+ 100 35
x 41 40
+ 1 25
+ 100 1
x 27 28
x 4 5
x 37 37
+ 1 97
+ 100 5
+ 100 4
+ 1 83
x 79 78
x 33 33
+ 100 11
x 60 61
+ 100 3
+ 100 20
x 63 64
x 78 77
+ 1 75
+ 100 36
+ 66 100
+ 100 6
+ 100 75
+ 100 10
+ 2 39
+ 100 14
x 15 15
+ 100 69
+ 29 100
+ 1 82
x 61 62
x 62 63
+ 100 41
+ 100 77
+ 100 43
x 42 41
x 67 67
+ 1 62
+ 1 37
x 21 22
+ 100 93
x 99 99
+ 100 49
x 10 11
x 16 16
x 18 18
+ 100 26
+ 100 47
+ 9 26
+ 100 71
x 82 81
+ 1 22
+ 1 14
+ 55 100
+ 100 68
+ 100 28
x 35 35
x 12 12
+ 100 37
+ 34 100
+ 100 38
x 20 21
+ 1 77
x 59 60
x 52 53
x 30 31
+ 100 50
x 98 98
x 51 52
+ 100 87
x 87 86
+ 2 52
x 43 42
x 34 34
x 68 68
+ 100 54
+ 100 46
x 47 48
x 56 57
x 77 76
+ 100 89
x 2 1
+ 100 59
x 58 59
+ 100 22
x 28 29
+ 1 80
+ 3 44
+ 100 13
+ 100 73
+ 100 15
x 96 96
+ 84 100
o 1 88
+ 92 100
x 92 92
x 5 6
x 70 70
+ 100 21
+ 100 79
+ 1 52
Case #33: 298 207
+ 100 51
+ 100 16
+ 1 58
+ 1 20
+ 1 8
+ 1 71
+ 1 90
+ 1 93
+ 100 63
+ 1 5
+ 100 56
+ 100 100
+ 1 59
+ 100 33
x 4 12
+ 1 51
x 94 96
+ 100 7
+ 100 31
+ 100 72
x 78 95
+ 1 41
+ 100 18
+ 1 94
+ 1 70
+ 1 45
+ 100 48
+ 1 21
+ 1 50
+ 1 47
+ 1 99
+ 100 81
+ 100 53
+ 100 83
+ 1 73
+ 100 70
+ 100 32
+ 100 66
+ 1 44
+ 1 28
+ 100 25
+ 1 29
+ 100 65
+ 1 48
+ 100 24
+ 1 86
+ 1 38
+ 100 19
+ 1 35
+ 100 64
+ 100 27
+ 100 30
+ 100 9
+ 1 46
+ 1 95
+ 100 8
+ 1 92
+ 1 24
+ 100 17
+ 100 58
+ 1 84
+ 100 95
+ 1 74
+ 1 40
+ 1 78
+ 1 57
+ 1 96
+ 100 62
+ 100 60
+ 1 18
+ 1 69
+ 100 94
+ 100 23
+ 100 40
+ 100 12
+ 100 92
+ 1 89
+ 1 36
+ 1 6
+ 1 11
+ 100 80
+ 100 29
+ 100 82
+ 100 78
+ 100 34
+ 1 19
+ 100 2
+ 1 55
+ 100 57
+ 1 12
+ 1 42
+ 1 30
+ 100 76
+ 1 10
+ 100 39
+ 100 90
+ 100 42
+ 1 64
o 1 9
+ 1 91
+ 100 35
+ 1 25
+ 100 1
+ 1 97
+ 1 4
+ 1 60
+ 1 31
+ 100 5
+ 100 4
+ 1 83
+ 100 84
+ 1 67
+ 100 98
+ 100 11
+ 100 3
+ 100 20
+ 100 44
+ 1 75
+ 1 79
+ 100 36
+ 1 27
+ 100 6
+ 100 75
+ 100 10
+ 100 14
+ 100 69
+ 1 82
+ 1 81
+ 100 99
+ 1 54
+ 100 41
+ 100 77
+ 100 43
x 19 20
+ 100 55
x 73 90
+ 1 62
+ 1 37
+ 1 76
+ 1 16
+ 100 93
+ 100 88
+ 1 68
+ 100 49
+ 1 87
+ 1 3
+ 1 15
+ 1 98
+ 100 52
+ 100 26
+ 100 47
+ 100 71
+ 1 22
+ 1 72
+ 1 56
+ 1 14
+ 1 61
+ 1 26
+ 100 68
+ 1 85
x 64 55
x 30 22
+ 1 66
+ 100 28
+ 1 65
+ 100 37
+ 100 38
+ 1 77
+ 100 91
+ 100 50
+ 1 39
+ 1 23
+ 1 17
+ 100 87
+ 100 67
+ 1 13
+ 100 54
+ 100 74
x 45 25
+ 100 46
+ 100 97
+ 1 7
+ 100 96
+ 100 89
+ 1 63
+ 1 2
+ 100 59
x 58 36
+ 100 86
+ 1 33
+ 100 22
+ 100 45
o 100 85
+ 1 49
+ 1 80
+ 100 13
+ 1 43
+ 100 73
+ 1 34
+ 100 15
+ 100 61
+ 1 88
+ 1 53
+ 100 21
+ 100 79
+ 1 52
+ 1 32
Case #34: 266 169
+ 100 51
+ 100 16
x 72 72
x 78 78
x 89 89
+ 100 63
+ 100 56
x 69 69
x 100 100
x 91 91
x 20 20
+ 100 33
x 76 76
x 52 52
+ 100 7
+ 100 31
x 59 59
x 84 84
x 58 58
x 93 93
+ 30 100
+ 54 98
x 21 21
x 36 36
+ 76 100
x 14 14
x 80 80
+ 100 32
x 75 75
+ 100 66
+ 100 25
+ 100 65
+ 43 99
+ 100 24
x 64 64
+ 100 19
x 7 7
x 83 83
x 47 47
+ 100 27
x 49 49
+ 100 9
x 17 17
x 50 50
+ 26 97
+ 100 8
x 19 19
+ 100 17
x 32 32
x 28 28
+ 100 58
x 6 6
x 88 88
+ 53 100
+ 18 100
+ 100 60
x 27 27
x 62 62
x 74 74
x 82 82
+ 47 100
x 4 4
+ 100 12
x 10 10
x 65 65
x 31 31
+ 100 29
+ 100 82
+ 100 78
+ 49 99
+ 100 34
+ 100 2
o 1 1
x 90 90
x 13 13
x 79 79
x 38 38
+ 100 39
x 44 44
+ 100 35
+ 81 99
x 37 37
x 77 77
+ 100 5
+ 100 4
x 33 33
x 60 60
+ 100 11
+ 100 3
+ 100 20
+ 100 44
x 48 48
x 57 57
x 39 39
x 81 81
x 8 8
x 26 26
+ 100 36
x 43 43
+ 100 6
x 97 97
x 23 23
+ 100 75
x 40 40
+ 100 10
+ 100 14
+ 69 100
x 15 15
x 25 25
x 94 94
x 66 66
+ 100 43
x 67 67
+ 100 55
x 29 29
x 30 30
+ 41 100
x 54 54
x 99 99
+ 100 49
x 53 53
x 56 56
x 11 11
x 2 2
x 5 5
x 16 16
x 18 18
+ 100 26
+ 63 98
+ 100 28
x 35 35
x 12 12
+ 100 37
+ 100 38
+ 100 50
x 98 98
x 51 51
x 24 24
x 34 34
x 68 68
+ 100 54
x 73 73
+ 100 46
x 3 3
x 86 86
x 46 46
x 61 61
+ 73 100
+ 68 100
x 63 63
x 42 42
x 9 9
x 55 55
x 71 71
+ 100 22
+ 100 45
x 22 22
+ 100 13
x 41 41
x 45 45
+ 100 15
x 96 96
x 92 92
x 87 87
x 95 95
x 70 70
x 85 85
+ 100 21
+ 40 100
Case #35: 275 175
+ 100 51
+ 100 16
+ 1 90
+ 1 93
+ 100 56
x 100 100
+ 1 59
+ 65 100
+ 100 33
+ 2 17
+ 1 51
+ 100 7
+ 100 31
+ 100 72
+ 100 18
+ 1 94
+ 1 70
+ 100 48
+ 1 21
+ 1 50
+ 3 32
+ 1 47
x 20 14
+ 1 99
+ 100 81
+ 63 100
+ 100 53
+ 100 83
+ 1 73
+ 100 70
+ 100 32
+ 1 44
+ 100 25
+ 100 24
x 83 78
+ 2 81
+ 1 86
x 68 61
+ 100 64
x 88 85
+ 100 27
+ 100 30
+ 100 9
+ 100 8
x 24 26
+ 100 17
+ 1 84
+ 100 95
+ 1 96
+ 100 62
+ 100 60
+ 1 69
x 72 67
o 44 46
+ 100 94
+ 74 100
x 36 38
+ 100 12
x 37 39
+ 2 77
+ 100 80
+ 100 29
+ 100 82
+ 100 78
+ 100 34
+ 100 2
x 79 77
x 66 60
+ 100 57
+ 1 42
o 1 1
+ 100 76
+ 1 10
+ 100 39
x 42 43
+ 100 90
+ 100 42
+ 1 64
+ 100 35
x 33 35
+ 100 1
x 89 88
x 27 28
x 54 58
+ 1 60
+ 100 5
+ 100 4
x 92 93
+ 1 83
+ 1 67
+ 100 11
+ 100 3
+ 100 20
+ 100 44
x 48 51
x 19 10
x 70 65
+ 100 36
+ 66 100
+ 100 6
x 86 79
+ 100 10
x 21 15
x 50 52
+ 100 14
+ 100 69
+ 3 47
+ 100 99
+ 100 41
+ 100 43
x 69 64
+ 100 55
+ 19 100
+ 100 93
+ 1 68
+ 100 49
+ 22 100
+ 1 87
+ 2 7
+ 100 52
+ 100 26
x 45 47
+ 100 47
+ 100 71
+ 1 56
x 18 3
+ 100 68
+ 100 28
+ 100 37
x 78 73
+ 100 38
+ 1 77
+ 100 91
+ 100 50
+ 1 39
+ 1 23
x 73 68
+ 100 67
+ 100 54
x 87 84
+ 100 46
+ 100 97
x 61 59
+ 100 96
x 23 25
+ 77 100
+ 100 89
+ 1 63
+ 58 100
x 25 27
+ 23 100
+ 100 59
x 43 44
+ 75 100
x 31 33
x 22 20
+ 100 45
x 32 34
x 52 55
+ 100 85
+ 100 13
+ 100 73
x 90 89
+ 100 15
+ 84 100
+ 100 61
+ 88 100
+ 92 100
x 74 71
x 91 90
x 95 95
x 9 2
+ 100 21
+ 100 79
+ 40 100
Case #36: 133 70
+ 28 50
+ 36 50
x 20 20
x 11 7
+ 1 21
x 21 21
x 14 14
+ 1 47
x 42 46
+ 50 5
+ 1 44
+ 1 28
+ 18 1
+ 50 38
+ 50 23
+ 34 1
x 12 10
+ 50 45
+ 27 1
+ 50 13
+ 3 33
x 50 50
+ 49 50
x 6 6
+ 29 50
x 30 26
x 48 49
+ 50 4
+ 32 49
+ 48 18
x 26 23
x 37 42
+ 21 3
+ 50 30
x 32 33
x 27 24
x 1 1
+ 1 30
+ 16 49
x 36 39
+ 43 50
x 33 35
+ 34 50
+ 33 5
+ 45 1
+ 19 4
+ 2 39
+ 50 27
x 19 16
+ 33 1
+ 42 1
x 43 47
x 18 15
+ 48 50
x 29 25
+ 12 50
+ 1 26
x 24 22
+ 50 19
x 31 28
x 47 48
+ 41 1
+ 50 46
+ 50 26
x 39 45
+ 50 44
+ 50 25
+ 43 1
+ 1 32
+ 50 7
Case #37: 73 40
x 7 6
+ 2 5
+ 16 27
+ 15 27
+ 14 1
x 3 4
+ 21 1
+ 27 1
+ 1 24
x 26 27
x 19 21
x 17 20
x 20 22
+ 27 5
+ 3 1
+ 1 18
x 21 24
+ 23 27
+ 20 1
x 13 11
+ 1 11
+ 27 24
+ 6 8
x 14 13
+ 1 9
+ 4 13
x 11 8
+ 27 21
x 23 26
+ 27 17
+ 27 11
+ 27 6
+ 1 23
+ 27 22
o 1 7
x 15 18
+ 27 3
+ 27 19
+ 20 27
+ 27 18
Case #38: 73 0
Case #39: 294 273
+ 100 51
+ 100 16
+ 1 58
+ 1 8
+ 1 90
+ 1 93
x 53 51
+ 1 5
+ 100 56
x 100 100
x 52 49
x 95 94
+ 67 100
x 9 10
x 23 21
+ 1 59
+ 100 33
x 73 72
x 72 71
x 80 78
+ 1 51
x 51 47
+ 100 7
+ 100 31
+ 100 72
x 85 81
x 36 33
+ 1 41
+ 100 18
+ 1 94
+ 1 70
+ 1 45
+ 100 48
+ 1 21
x 20 18
+ 1 50
x 99 98
x 15 14
x 59 58
+ 1 47
x 25 23
x 47 43
+ 1 99
+ 63 100
+ 100 53
+ 100 83
+ 100 70
+ 100 32
+ 100 66
+ 1 44
x 54 52
+ 100 25
+ 1 29
+ 100 65
+ 1 48
+ 100 24
+ 1 86
x 86 84
+ 100 19
+ 1 35
x 66 65
x 7 7
+ 100 64
x 76 74
x 30 28
x 41 38
+ 100 27
+ 100 30
+ 100 9
x 92 90
+ 1 46
+ 1 95
+ 100 8
+ 1 92
+ 1 24
+ 100 17
x 37 34
+ 100 58
x 6 6
x 57 55
+ 100 95
+ 1 74
+ 1 40
+ 1 78
x 74 73
+ 1 57
+ 1 96
+ 100 62
+ 100 60
x 71 70
x 67 66
+ 1 18
+ 1 69
+ 81 100
+ 87 100
x 39 36
+ 100 94
+ 100 23
x 55 53
+ 100 40
+ 100 12
x 35 32
+ 100 92
+ 1 89
+ 1 6
+ 1 11
x 18 17
+ 100 80
x 77 75
+ 100 29
+ 100 82
+ 100 78
+ 100 34
+ 1 19
x 38 35
+ 100 2
x 79 77
+ 1 55
+ 100 57
+ 1 42
x 13 13
+ 100 76
+ 1 10
x 82 79
+ 100 39
x 16 15
x 62 61
+ 100 90
x 93 91
+ 100 42
+ 1 64
x 56 54
+ 1 9
+ 1 91
+ 100 35
+ 1 25
+ 100 1
x 28 26
+ 1 97
x 78 76
+ 1 4
+ 1 60
x 68 67
+ 1 31
x 65 64
+ 100 5
+ 100 4
+ 1 83
+ 100 84
+ 1 67
+ 100 98
+ 100 11
x 61 60
+ 100 3
+ 100 20
+ 100 44
x 46 42
+ 1 75
x 8 8
+ 1 79
x 94 93
x 33 30
+ 100 36
+ 1 27
+ 100 6
+ 100 75
+ 100 10
x 5 4
+ 100 14
+ 100 69
o 1 82
x 27 25
+ 1 81
+ 100 99
+ 1 54
+ 100 41
+ 100 77
+ 100 43
+ 100 55
x 3 2
x 98 97
+ 1 62
x 31 29
+ 1 37
+ 1 76
+ 1 16
x 69 68
+ 100 93
+ 100 88
+ 1 68
+ 100 49
x 34 31
+ 1 87
+ 1 3
+ 1 15
+ 1 98
x 10 11
+ 100 52
+ 100 26
x 60 59
+ 100 47
+ 100 71
+ 1 22
x 64 63
+ 1 72
+ 1 56
+ 1 61
+ 1 26
+ 100 68
+ 1 85
x 29 27
+ 1 66
+ 100 28
x 96 95
+ 1 65
+ 2 37
+ 100 37
+ 100 38
x 42 39
+ 1 77
+ 100 91
+ 100 50
+ 1 39
+ 1 23
x 91 88
x 84 80
+ 1 17
x 21 19
x 44 40
+ 1 13
+ 100 54
x 70 69
+ 100 74
+ 100 46
x 45 41
+ 100 97
x 40 37
+ 1 7
+ 100 96
+ 1 63
x 50 46
x 2 1
+ 100 59
x 87 85
+ 100 86
x 26 24
x 4 3
+ 89 100
+ 1 33
x 90 87
x 22 20
x 63 62
+ 100 22
+ 100 45
+ 100 85
+ 1 49
+ 1 80
+ 100 13
+ 1 43
+ 100 73
x 11 12
x 58 57
+ 100 15
+ 100 61
+ 1 88
+ 1 53
+ 100 21
+ 100 79
+ 1 52
x 17 16
+ 1 32
x 48 44
x 89 86
Case #40: 296 249
+ 100 51
+ 100 16
+ 1 58
+ 1 20
+ 1 8
x 7 6
x 49 51
+ 1 71
+ 1 90
+ 1 93
x 55 54
+ 100 63
+ 1 5
+ 100 56
x 100 100
+ 1 59
x 16 21
x 25 28
+ 100 33
x 90 86
x 57 59
+ 1 51
+ 100 7
+ 100 31
+ 100 72
+ 1 41
+ 100 18
+ 1 94
+ 1 70
+ 1 45
+ 100 48
+ 1 21
x 20 24
+ 1 50
+ 1 47
x 42 46
+ 1 99
+ 100 81
+ 100 53
+ 100 83
+ 1 73
+ 100 70
+ 100 32
+ 100 66
+ 1 44
+ 1 28
+ 100 25
+ 1 29
x 56 58
+ 100 65
+ 1 48
x 83 81
+ 100 24
x 3 4
x 86 84
+ 1 38
+ 100 19
+ 1 35
x 66 65
+ 100 64
+ 100 27
+ 100 30
+ 100 9
+ 1 46
+ 1 95
+ 100 8
+ 1 92
+ 1 24
x 13 15
+ 100 17
+ 100 58
+ 1 84
x 18 22
+ 100 95
+ 1 74
+ 1 40
x 85 83
x 91 87
+ 1 57
+ 100 62
+ 100 60
+ 1 18
+ 1 69
x 19 23
x 23 27
+ 100 94
+ 100 40
+ 100 12
+ 100 92
+ 1 89
+ 1 36
+ 1 6
+ 1 11
+ 100 80
x 81 79
x 54 53
x 82 80
+ 100 29
+ 100 82
+ 100 78
+ 100 34
+ 1 19
+ 100 2
+ 1 55
+ 100 57
x 11 10
+ 1 12
+ 1 42
+ 1 30
+ 100 76
+ 1 10
+ 100 39
+ 100 90
x 71 67
+ 100 42
+ 1 64
+ 1 9
+ 1 91
+ 100 35
+ 1 25
+ 100 1
+ 1 97
+ 1 4
+ 1 60
+ 1 31
+ 100 5
+ 100 4
+ 1 83
+ 100 84
x 79 78
+ 1 67
x 77 72
+ 100 98
+ 100 11
x 60 61
x 72 68
+ 100 3
+ 100 20
x 78 77
+ 100 44
+ 1 75
+ 1 79
+ 100 36
x 41 43
+ 1 27
x 73 71
+ 100 6
+ 100 75
+ 100 10
x 12 13
+ 100 14
x 44 49
+ 100 69
+ 1 82
+ 1 81
+ 100 99
x 93 88
+ 1 54
+ 100 41
+ 100 77
+ 100 43
+ 100 55
x 98 97
+ 1 62
+ 1 37
+ 1 76
+ 1 16
+ 100 93
x 99 99
+ 100 88
+ 1 68
+ 100 49
+ 1 87
+ 1 3
+ 1 15
+ 1 98
x 68 66
x 27 30
+ 100 52
+ 100 26
+ 100 47
x 28 31
+ 100 71
+ 1 22
+ 1 72
x 48 50
+ 1 56
+ 1 14
+ 1 61
+ 1 26
+ 100 68
+ 1 85
+ 1 66
+ 100 28
x 96 95
+ 1 65
+ 100 37
+ 100 38
+ 1 77
x 59 60
+ 100 91
+ 100 50
+ 1 39
+ 1 23
x 51 52
+ 1 17
+ 100 87
+ 100 67
+ 1 13
+ 100 54
+ 100 74
x 21 25
+ 100 46
+ 15 100
+ 100 97
+ 1 7
+ 100 96
x 2 3
+ 100 89
+ 1 63
o 1 2
x 15 18
x 38 42
+ 23 100
+ 100 59
+ 100 86
x 14 17
x 8 7
+ 1 33
x 31 33
+ 100 22
x 65 62
+ 100 45
+ 100 85
+ 1 49
+ 1 80
+ 100 13
+ 1 43
+ 100 73
+ 1 34
x 10 8
+ 100 61
+ 1 53
+ 100 21
+ 100 79
+ 1 52
x 35 37
+ 1 32
x 94 89
Case #41: 143 0
Case #42: 12 5
x 2 5
+ 3 1
+ 1 4
+ 5 4
x 1 3
Case #43: 287 195
+ 100 51
+ 100 16
+ 1 58
+ 1 90
+ 100 63
+ 100 56
+ 100 33
+ 100 7
+ 100 31
+ 100 18
+ 1 94
+ 1 70
x 47 44
+ 1 45
+ 100 48
+ 1 21
+ 1 50
+ 1 47
+ 1 99
+ 100 83
+ 100 70
+ 100 32
+ 100 66
+ 1 44
x 84 81
+ 100 25
+ 100 65
+ 100 24
+ 1 86
+ 100 19
+ 1 35
x 20 17
+ 72 100
+ 100 64
x 4 7
+ 100 27
+ 100 30
+ 100 9
+ 1 46
+ 1 95
+ 100 8
+ 1 92
x 53 45
+ 100 17
+ 100 58
+ 1 84
+ 53 100
+ 100 95
x 7 8
+ 1 74
+ 96 100
+ 1 57
+ 60 100
x 60 53
+ 1 96
+ 100 62
x 71 70
x 31 22
+ 1 18
+ 1 69
+ 87 100
x 63 65
+ 100 94
+ 100 23
x 76 73
+ 74 100
+ 100 40
+ 100 12
+ 100 92
+ 1 36
+ 1 6
+ 1 11
+ 100 80
+ 100 29
+ 100 82
+ 100 78
+ 100 34
+ 1 19
+ 100 2
+ 1 55
+ 100 57
+ 1 12
+ 1 42
+ 1 30
+ 100 76
+ 1 10
+ 100 39
+ 100 90
+ 100 42
+ 1 91
+ 100 35
+ 1 25
+ 100 1
+ 1 97
+ 1 31
+ 100 5
+ 100 4
+ 1 83
+ 3 62
x 38 29
+ 100 98
+ 100 11
+ 100 3
x 17 14
+ 100 20
+ 100 44
x 46 42
+ 1 75
+ 1 79
+ 100 36
x 73 71
+ 100 6
x 64 66
x 41 33
+ 100 75
+ 100 10
+ 8 45
x 57 51
+ 100 14
x 35 27
+ 100 69
+ 1 82
+ 1 81
o 100 99
+ 50 100
+ 100 41
+ 100 77
+ 100 43
+ 100 55
+ 1 62
+ 1 37
+ 1 16
x 11 9
+ 100 88
x 44 41
+ 100 49
+ 1 87
+ 1 3
+ 1 98
+ 100 52
+ 100 26
+ 100 47
+ 100 71
+ 1 22
+ 1 72
x 62 57
+ 1 56
x 56 50
x 43 38
+ 1 26
+ 100 68
+ 1 85
+ 5 44
+ 1 66
+ 100 28
+ 1 65
x 98 95
+ 100 38
+ 1 77
x 94 87
+ 100 91
+ 1 39
+ 100 67
+ 1 13
x 83 75
x 40 32
x 68 68
+ 100 54
+ 100 46
+ 100 97
+ 37 100
x 2 3
+ 100 89
+ 1 63
+ 100 59
+ 100 86
x 96 89
+ 1 33
+ 100 22
+ 100 45
+ 100 85
+ 1 80
+ 100 13
+ 1 43
+ 100 73
+ 1 34
x 54 46
+ 100 15
+ 84 100
+ 100 61
+ 1 88
x 27 18
+ 1 53
+ 100 21
+ 100 79
Case #44: 198 107
+ 1 20
+ 61 75
x 51 54
+ 1 71
+ 1 5
+ 75 30
x 15 27
x 52 60
x 71 72
x 30 36
+ 64 75
x 28 33
x 49 46
+ 62 75
+ 1 45
+ 2 27
x 45 44
x 47 45
+ 75 22
+ 36 75
+ 75 75
+ 1 44
+ 26 1
+ 75 57
x 43 40
x 50 48
+ 39 75
x 57 62
+ 1 46
x 34 37
+ 48 2
+ 75 14
+ 75 71
+ 75 2
+ 1 74
+ 75 3
x 6 9
+ 75 58
+ 75 63
+ 36 73
+ 75 55
x 12 18
x 37 39
+ 47 75
+ 75 5
+ 75 74
+ 1 10
+ 1 64
x 66 67
+ 4 39
x 68 71
x 4 5
+ 75 18
+ 75 4
+ 53 75
+ 75 11
+ 43 74
+ 55 1
x 64 66
+ 75 60
+ 75 59
x 21 29
+ 1 54
+ 1 62
+ 75 65
x 7 10
x 44 41
+ 1 3
x 27 30
+ 75 9
+ 75 35
x 2 4
+ 75 43
+ 75 28
+ 70 1
+ 54 75
+ 1 66
x 35 38
+ 15 75
+ 75 19
+ 24 1
+ 75 10
+ 75 32
+ 2 20
x 13 20
x 11 15
+ 27 75
+ 48 75
x 29 35
+ 1 33
+ 63 1
+ 75 66
+ 75 68
+ 51 1
+ 75 7
+ 75 12
+ 75 26
x 73 75
x 72 74
x 67 69
x 19 28
+ 36 1
x 5 6
+ 32 3
+ 75 56
x 14 26
x 9 11
Case #45: 179 98
+ 1 58
x 2 5
x 24 31
+ 2 17
x 21 30
x 16 24
+ 1 51
x 42 53
+ 66 53
x 15 21
+ 59 1
+ 66 34
+ 57 1
+ 66 58
+ 1 47
x 39 52
x 13 19
x 36 49
+ 30 1
+ 52 1
+ 1 35
+ 66 65
+ 66 59
+ 66 23
+ 66 43
+ 32 1
+ 1 24
x 26 35
x 47 57
+ 66 30
+ 3 1
+ 66 56
x 5 9
x 32 47
x 28 37
+ 66 1
+ 65 27
x 54 61
x 19 29
+ 66 40
+ 66 57
x 30 43
+ 2 45
x 53 60
+ 1 55
+ 41 63
+ 66 27
+ 19 3
+ 16 1
x 31 46
+ 66 49
+ 56 1
+ 66 44
+ 66 45
+ 1 25
+ 8 24
+ 66 5
+ 1 60
+ 2 40
x 10 13
+ 66 3
+ 7 43
+ 66 17
x 60 63
x 63 64
+ 45 1
+ 66 9
+ 1 27
+ 53 1
+ 1 54
+ 66 46
x 1 3
x 33 48
+ 55 66
+ 66 16
+ 1 14
x 38 50
x 48 58
+ 20 64
x 18 27
+ 61 66
x 29 40
+ 61 1
+ 66 12
+ 66 13
+ 54 66
+ 19 1
x 25 34
x 44 54
x 11 15
+ 1 2
+ 3 38
+ 1 33
x 50 59
+ 48 1
x 3 8
+ 62 66
x 9 11
Case #46: 266 170
+ 100 16
+ 61 100
x 72 72
x 78 78
x 89 89
x 69 69
x 100 100
x 91 91
x 20 20
+ 100 33
+ 70 100
x 76 76
x 52 52
+ 100 7
x 59 59
+ 100 18
x 84 84
x 58 58
x 93 93
+ 100 48
+ 64 100
x 21 21
x 36 36
+ 76 100
x 14 14
+ 26 100
x 80 80
+ 57 99
+ 100 53
+ 100 32
x 75 75
+ 100 25
+ 100 24
x 64 64
x 7 7
x 83 83
x 47 47
+ 72 100
+ 100 30
x 49 49
+ 100 9
x 17 17
+ 79 100
x 50 50
+ 100 8
x 19 19
+ 100 17
x 32 32
x 28 28
+ 100 58
x 6 6
x 88 88
+ 100 62
+ 100 60
x 27 27
x 62 62
x 74 74
x 82 82
+ 51 100
+ 47 100
x 4 4
+ 100 23
+ 100 40
+ 100 12
x 10 10
x 65 65
x 31 31
+ 100 29
+ 100 34
+ 100 2
o 1 1
x 90 90
x 13 13
x 79 79
x 38 38
+ 100 39
x 44 44
+ 100 35
+ 28 99
x 37 37
x 77 77
+ 100 5
+ 100 4
x 33 33
x 60 60
+ 100 11
+ 100 3
+ 100 20
+ 23 99
x 48 48
x 57 57
x 39 39
x 81 81
x 8 8
x 26 26
+ 100 36
x 43 43
+ 100 6
+ 31 100
x 97 97
x 23 23
x 40 40
+ 100 10
+ 66 99
+ 100 14
+ 69 100
x 15 15
x 25 25
x 94 94
+ 100 41
x 66 66
+ 46 98
+ 100 43
x 67 67
x 29 29
x 30 30
+ 19 100
x 54 54
x 99 99
+ 100 49
x 53 53
x 56 56
x 11 11
+ 52 100
x 2 2
x 5 5
x 16 16
x 18 18
+ 100 71
+ 57 100
+ 55 100
+ 100 28
x 35 35
x 12 12
+ 100 37
+ 100 50
x 98 98
+ 38 100
x 51 51
x 24 24
+ 100 67
x 34 34
x 68 68
+ 100 74
x 73 73
+ 100 46
x 3 3
x 86 86
x 46 46
x 61 61
+ 100 59
x 63 63
x 42 42
x 9 9
x 55 55
x 71 71
+ 100 45
x 22 22
+ 100 13
x 41 41
x 45 45
+ 100 15
x 96 96
x 92 92
x 87 87
x 95 95
x 70 70
x 85 85
+ 100 21
+ 54 100
Case #47: 76 39
x 21 23
+ 29 12
x 4 10
+ 21 1
x 24 25
x 22 24
x 26 27
+ 15 1
+ 17 29
+ 29 3
+ 1 18
+ 7 29
+ 1 11
+ 29 2
+ 29 4
+ 10 29
o 1 4
+ 17 4
+ 1 27
+ 29 26
+ 29 28
x 7 11
x 19 20
x 29 29
+ 29 11
+ 24 29
+ 1 3
+ 29 25
x 3 7
+ 1 26
x 11 18
x 9 17
+ 29 27
x 15 19
+ 24 1
+ 22 29
+ 18 2
+ 1 2
+ 14 29
Case #48: 289 269
+ 100 16
+ 1 58
+ 1 20
+ 1 8
+ 2 5
x 72 72
x 78 78
x 89 89
+ 1 71
+ 1 90
+ 1 93
+ 100 63
+ 1 5
+ 100 56
x 69 69
x 100 100
x 91 91
+ 1 59
x 20 20
+ 65 100
+ 100 33
+ 5 100
x 76 76
x 52 52
+ 1 51
+ 100 7
+ 100 31
x 59 59
+ 100 72
+ 1 41
+ 100 18
x 84 84
x 58 58
+ 1 70
+ 1 45
x 93 93
+ 100 48
+ 2 27
x 21 21
x 36 36
x 14 14
x 80 80
+ 1 99
+ 100 81
+ 100 53
+ 100 83
+ 1 73
+ 100 70
+ 100 32
x 75 75
+ 100 66
+ 100 25
+ 1 29
+ 1 48
+ 100 24
x 64 64
+ 1 86
+ 1 38
+ 100 19
x 7 7
x 83 83
x 47 47
+ 100 64
+ 100 27
+ 100 30
x 49 49
+ 100 9
+ 1 46
x 17 17
x 50 50
+ 100 8
+ 1 92
+ 1 24
x 19 19
+ 100 17
x 32 32
x 28 28
+ 100 58
+ 1 84
x 6 6
x 88 88
+ 1 74
+ 1 40
+ 1 57
+ 100 62
+ 100 60
x 27 27
+ 1 18
+ 1 69
x 62 62
x 74 74
x 82 82
+ 51 100
x 4 4
+ 5 56
+ 100 94
+ 100 23
+ 100 40
+ 100 12
+ 100 92
x 10 10
+ 100 80
x 65 65
x 31 31
+ 100 29
+ 100 82
+ 100 78
+ 100 34
+ 100 2
+ 1 55
+ 100 57
o 1 1
x 90 90
+ 1 30
x 13 13
+ 100 76
+ 1 10
x 79 79
x 38 38
+ 100 39
+ 100 90
+ 100 42
+ 1 64
x 44 44
+ 1 9
+ 1 91
+ 100 35
+ 1 25
+ 100 1
x 37 37
+ 1 97
+ 1 31
x 77 77
+ 100 4
+ 1 83
+ 100 84
+ 1 67
x 33 33
x 60 60
+ 100 11
+ 100 3
+ 100 20
+ 100 44
+ 1 75
x 48 48
x 57 57
x 39 39
x 81 81
x 8 8
x 26 26
+ 95 100
+ 1 79
+ 100 36
x 43 43
+ 1 27
+ 100 6
+ 85 100
x 97 97
x 23 23
+ 100 75
x 40 40
+ 100 10
+ 100 14
x 15 15
+ 100 69
+ 1 82
x 25 25
x 94 94
+ 100 99
+ 1 54
+ 100 77
x 66 66
+ 100 43
x 67 67
+ 100 55
x 29 29
+ 1 62
x 30 30
+ 41 100
+ 1 76
+ 100 93
x 54 54
x 99 99
+ 4 47
+ 100 49
x 53 53
x 56 56
+ 1 87
x 11 11
x 2 2
x 5 5
+ 1 15
+ 1 98
x 16 16
+ 100 52
x 18 18
+ 100 26
+ 100 47
+ 100 71
+ 1 22
+ 1 72
+ 1 56
+ 1 14
+ 1 61
+ 1 85
+ 100 28
x 35 35
+ 1 65
x 12 12
+ 100 37
+ 100 38
+ 1 77
+ 100 91
+ 100 50
+ 1 39
x 98 98
x 51 51
+ 100 87
x 24 24
+ 100 67
x 34 34
x 68 68
+ 100 54
+ 100 74
x 73 73
+ 100 46
x 3 3
+ 100 97
+ 1 7
+ 100 96
x 86 86
+ 1 63
x 46 46
x 61 61
+ 2 20
+ 73 100
+ 100 59
+ 68 100
+ 100 86
x 63 63
x 42 42
x 9 9
+ 89 100
x 55 55
x 71 71
+ 100 22
+ 100 45
x 22 22
+ 1 49
+ 1 80
+ 100 13
x 41 41
+ 1 34
x 45 45
+ 100 15
x 96 96
+ 100 61
+ 1 88
+ 98 100
+ 88 100
x 92 92
x 87 87
+ 1 53
x 95 95
x 70 70
x 85 85
+ 100 21
+ 100 79
+ 1 32
Case #49: 43 22
+ 17 12
+ 17 9
+ 17 2
x 5 2
o 17 17
+ 13 1
+ 8 1
x 12 9
x 8 3
+ 1 9
x 11 8
+ 17 7
+ 17 1
+ 11 17
+ 16 17
x 16 16
x 14 15
+ 1 14
+ 15 17
+ 17 3
x 2 1
x 9 4
Case #50: 269 174
+ 100 16
x 72 72
x 78 78
x 89 89
+ 60 99
+ 100 63
x 69 69
x 100 100
x 91 91
x 20 20
+ 100 33
x 76 76
x 52 52
+ 100 7
+ 100 31
+ 41 99
x 59 59
+ 100 18
x 84 84
x 58 58
x 93 93
x 21 21
x 36 36
+ 76 100
x 14 14
+ 26 100
x 80 80
+ 32 98
+ 100 32
x 75 75
+ 100 66
+ 100 25
+ 100 65
+ 14 100
+ 100 24
x 64 64
+ 39 100
+ 100 19
x 7 7
x 83 83
x 47 47
+ 72 100
+ 100 64
+ 100 27
x 49 49
+ 100 9
x 17 17
x 50 50
+ 100 8
x 19 19
+ 100 17
x 32 32
x 28 28
x 6 6
x 88 88
+ 60 100
+ 100 62
x 27 27
x 62 62
x 74 74
x 82 82
+ 51 100
x 4 4
+ 100 23
+ 74 100
+ 56 99
+ 100 12
+ 59 94
x 10 10
x 65 65
+ 20 100
x 31 31
+ 100 29
+ 100 34
+ 100 2
+ 100 57
o 1 1
+ 59 97
x 90 90
x 13 13
x 79 79
x 38 38
+ 100 90
+ 100 42
x 44 44
x 37 37
x 77 77
+ 100 5
+ 100 4
x 33 33
x 60 60
+ 100 11
+ 100 3
+ 35 100
+ 100 44
x 48 48
x 57 57
x 39 39
x 81 81
x 8 8
x 26 26
+ 100 36
x 43 43
+ 100 6
x 97 97
x 23 23
x 40 40
+ 100 10
+ 69 100
x 15 15
x 25 25
x 94 94
+ 100 41
x 66 66
+ 100 43
x 67 67
x 29 29
x 30 30
x 54 54
x 99 99
x 53 53
x 56 56
x 11 11
x 2 2
x 5 5
x 16 16
+ 100 52
x 18 18
+ 100 47
+ 100 71
+ 50 98
+ 100 28
x 35 35
x 12 12
+ 100 38
+ 82 100
+ 100 50
x 98 98
x 51 51
x 24 24
+ 100 67
x 34 34
x 68 68
x 73 73
+ 100 46
x 3 3
+ 37 100
x 86 86
x 46 46
x 61 61
+ 58 100
+ 13 100
x 63 63
x 42 42
x 9 9
x 55 55
+ 61 88
x 71 71
+ 100 22
+ 100 45
x 22 22
x 41 41
+ 100 73
x 45 45
+ 100 15
x 96 96
+ 100 61
x 92 92
x 87 87
x 95 95
x 70 70
x 85 85
+ 100 21
+ 54 100
Case #51: 292 260
+ 100 51
+ 100 16
+ 1 58
+ 1 20
x 49 51
+ 1 71
+ 1 90
+ 1 93
x 71 76
+ 100 63
+ 1 5
+ 100 56
x 100 100
x 91 91
+ 1 59
x 8 10
+ 100 33
+ 1 51
+ 100 7
+ 100 31
+ 100 72
x 53 56
+ 100 18
+ 1 94
x 37 38
+ 1 70
+ 1 45
x 93 93
+ 100 48
+ 1 21
x 20 18
x 75 81
+ 1 50
x 15 14
+ 1 47
+ 1 99
+ 100 81
+ 100 53
+ 100 83
+ 1 73
+ 100 70
+ 100 32
+ 100 66
x 85 86
+ 1 28
+ 100 25
+ 1 29
x 70 75
+ 100 65
x 51 55
+ 1 48
+ 100 24
x 13 12
+ 1 86
x 27 29
+ 1 38
+ 100 19
+ 1 35
x 7 7
x 77 83
x 68 72
+ 100 64
+ 100 27
x 87 88
+ 100 30
+ 100 9
+ 1 46
+ 1 95
+ 100 8
+ 1 24
+ 100 17
+ 100 58
+ 1 84
x 6 6
+ 100 95
+ 1 74
+ 1 40
+ 1 57
+ 1 96
+ 100 62
+ 100 60
x 19 17
x 35 36
+ 1 18
+ 1 69
x 88 89
x 86 87
x 44 46
x 4 4
+ 100 94
+ 100 23
x 40 42
x 39 40
+ 86 100
+ 100 40
+ 100 12
+ 100 92
+ 1 36
+ 1 6
x 30 33
+ 100 80
+ 100 29
+ 100 82
+ 100 78
x 61 63
+ 100 34
+ 1 19
+ 100 2
+ 1 55
+ 100 57
+ 1 12
x 90 90
+ 1 30
+ 100 76
+ 1 10
+ 100 39
x 16 15
x 14 13
x 83 84
+ 100 90
+ 100 42
+ 1 64
+ 1 9
+ 1 91
+ 100 35
x 33 35
+ 1 25
+ 100 1
+ 1 97
x 36 37
+ 1 4
+ 1 60
+ 1 31
+ 100 5
+ 100 4
+ 100 84
+ 1 67
+ 100 98
+ 100 11
x 60 61
+ 100 3
+ 100 20
+ 100 44
+ 1 75
x 26 26
+ 1 79
+ 100 36
x 42 45
+ 1 27
+ 100 6
x 12 11
x 97 97
x 23 23
+ 100 75
+ 100 10
+ 100 14
+ 100 69
+ 1 82
x 25 25
x 94 94
+ 1 81
+ 100 99
x 31 34
+ 1 54
+ 100 41
+ 100 77
x 73 78
+ 100 43
x 76 82
x 72 77
+ 100 55
+ 1 62
+ 1 76
+ 1 16
+ 100 93
x 99 99
+ 1 68
+ 100 49
x 66 69
+ 1 87
x 29 32
+ 1 3
x 5 5
x 69 73
+ 1 98
+ 100 52
+ 100 26
x 45 47
+ 100 47
x 28 31
+ 100 71
+ 1 72
x 48 50
+ 1 56
+ 1 14
+ 1 61
+ 1 26
+ 100 68
+ 1 85
+ 1 66
+ 100 28
+ 1 65
+ 100 37
+ 100 38
+ 1 77
x 59 60
+ 100 91
+ 100 50
+ 1 23
x 50 54
+ 1 17
+ 100 87
x 54 57
x 24 24
x 21 19
+ 100 67
x 84 85
+ 100 54
+ 100 74
+ 100 46
x 38 39
x 63 66
+ 100 97
+ 1 7
x 62 65
+ 100 96
x 2 3
+ 100 89
+ 1 63
o 1 2
+ 100 59
+ 1 33
+ 100 22
+ 100 45
x 22 22
+ 100 85
+ 1 49
+ 1 80
+ 100 13
+ 1 43
+ 100 73
+ 1 34
x 67 70
+ 100 15
x 96 96
+ 100 61
+ 1 88
+ 88 100
x 92 92
x 64 67
+ 1 53
x 18 16
x 95 95
x 41 44
+ 100 21
+ 100 79
+ 1 52
+ 1 32
x 74 79
x 55 59
Case #52: 108 57
+ 42 15
x 7 5
x 30 25
+ 30 41
+ 42 12
+ 12 1
x 37 41
+ 21 1
x 6 4
x 33 31
+ 42 40
+ 27 1
+ 42 28
x 19 17
+ 1 18
x 31 30
+ 42 14
+ 37 42
x 12 9
x 1 1
+ 1 10
x 29 24
+ 42 9
+ 1 25
+ 42 36
+ 42 4
+ 2 31
x 14 12
+ 42 33
x 15 13
+ 42 41
+ 22 1
x 3 2
x 28 23
+ 1 3
x 23 19
+ 2 36
+ 42 13
+ 34 42
+ 1 39
+ 1 23
x 34 34
+ 6 42
x 27 22
+ 42 8
+ 11 42
x 8 7
+ 42 25
x 17 15
+ 1 34
+ 30 42
x 10 8
+ 42 27
+ 35 42
+ 2 25
x 18 16
x 36 40
Case #53: 294 278
+ 100 51
+ 100 16
+ 1 58
+ 1 20
x 51 53
+ 1 8
x 49 51
+ 1 71
+ 1 90
+ 1 93
+ 100 63
+ 1 5
+ 100 56
x 100 100
+ 100 33
x 71 72
+ 1 51
+ 100 7
+ 100 31
+ 100 72
+ 1 41
+ 100 18
+ 1 94
+ 1 70
+ 1 45
+ 9 73
x 80 82
+ 100 48
+ 1 21
x 21 23
+ 1 50
+ 1 47
x 95 96
+ 1 99
+ 100 81
+ 100 53
x 26 28
x 53 55
+ 100 83
+ 1 73
+ 100 70
+ 100 32
+ 100 66
+ 1 44
+ 1 28
+ 100 25
+ 1 29
+ 100 65
+ 1 48
+ 100 24
x 3 4
x 22 24
+ 1 86
x 27 29
+ 1 38
+ 100 19
x 13 17
+ 1 35
x 39 41
+ 100 64
+ 100 27
x 91 92
+ 100 30
+ 100 9
+ 1 46
+ 1 95
x 72 73
+ 100 8
+ 1 92
+ 1 24
x 17 20
x 24 26
+ 100 17
+ 100 58
+ 1 84
+ 100 95
+ 18 40
+ 1 40
+ 1 78
+ 1 96
+ 100 62
+ 100 60
+ 94 100
x 94 95
x 61 64
+ 44 100
+ 1 69
x 88 89
x 6 9
x 46 48
x 74 75
x 52 54
x 8 11
+ 100 23
x 36 38
x 40 42
x 79 81
x 75 77
+ 100 40
+ 100 12
+ 100 92
x 37 39
+ 1 36
x 55 57
+ 1 6
+ 1 11
+ 100 80
x 89 90
+ 20 100
+ 100 29
+ 100 82
+ 100 78
x 19 22
+ 100 34
+ 1 19
+ 100 2
+ 1 55
+ 100 57
x 78 80
+ 1 12
+ 1 42
x 59 62
o 1 1
+ 1 30
+ 100 76
+ 1 10
x 54 56
+ 100 39
x 73 74
+ 100 90
+ 100 42
+ 1 64
+ 1 9
x 56 59
+ 1 91
+ 100 35
x 33 35
+ 1 25
+ 100 1
x 58 61
x 4 5
+ 1 97
x 67 68
x 85 87
+ 1 4
+ 1 60
+ 1 31
x 12 16
+ 100 5
+ 100 4
x 92 93
x 10 13
+ 1 83
+ 100 84
+ 1 67
+ 100 98
x 57 60
+ 100 11
+ 100 3
x 60 63
+ 1 75
+ 1 79
+ 100 36
x 42 45
x 41 43
+ 1 27
+ 100 6
x 64 66
x 97 97
x 38 40
+ 100 75
+ 100 10
x 50 52
+ 100 14
+ 100 69
+ 1 82
x 90 91
+ 100 99
+ 1 54
+ 100 41
x 81 83
+ 100 77
+ 100 43
+ 100 55
+ 1 62
x 86 88
+ 1 37
+ 1 76
+ 1 16
+ 100 93
x 7 10
x 99 99
+ 100 88
+ 1 68
+ 100 49
x 29 32
+ 1 3
x 2 2
+ 100 52
+ 100 26
x 45 47
+ 100 47
x 28 31
+ 100 71
+ 1 22
+ 1 72
x 48 50
+ 1 56
+ 1 14
+ 1 61
+ 1 26
+ 100 68
x 34 36
+ 1 85
+ 1 66
+ 100 28
x 77 79
x 16 19
+ 100 37
+ 100 38
+ 1 77
x 68 69
+ 100 91
+ 100 50
+ 1 39
x 98 98
+ 1 17
+ 100 87
+ 100 67
x 83 85
+ 1 13
x 65 67
+ 100 54
+ 100 74
+ 100 46
+ 100 97
x 69 70
x 70 71
x 62 65
+ 100 96
x 23 25
x 93 94
+ 100 89
+ 1 63
x 11 15
+ 1 2
x 15 18
x 25 27
+ 100 59
+ 100 86
x 82 84
+ 1 33
x 31 33
x 43 46
+ 100 22
+ 100 45
x 32 34
+ 100 85
+ 1 49
x 18 21
+ 1 80
+ 100 13
+ 1 43
+ 100 73
+ 1 34
x 9 12
+ 100 15
x 84 86
+ 100 61
+ 1 88
x 5 6
x 76 78
+ 1 53
x 47 49
+ 100 21
+ 100 79
+ 1 52
x 35 37
Case #54: 277 177
+ 100 51
+ 100 16
+ 1 20
x 49 51
+ 1 90
+ 1 93
+ 100 63
+ 1 5
+ 100 56
x 17 26
+ 1 59
+ 100 33
x 24 30
+ 1 51
+ 100 7
+ 100 31
+ 100 72
+ 100 18
+ 1 94
x 99 100
+ 1 45
+ 100 48
x 76 71
+ 64 100
+ 1 50
+ 76 100
x 41 42
x 13 19
+ 1 99
+ 100 81
+ 100 53
+ 100 83
+ 1 73
+ 100 32
+ 100 66
+ 1 44
x 40 38
+ 78 100
+ 100 25
+ 1 29
+ 100 65
+ 1 86
+ 39 100
+ 100 19
+ 1 35
+ 100 27
+ 100 30
+ 100 9
x 65 66
x 39 34
+ 1 46
+ 100 8
+ 1 92
o 100 17
+ 1 74
+ 1 40
x 3 1
+ 1 96
x 86 85
+ 100 62
+ 100 60
+ 94 100
x 61 64
x 11 14
+ 100 23
+ 86 100
+ 100 40
+ 100 12
+ 100 92
+ 1 89
x 90 92
+ 1 36
+ 100 80
+ 100 29
+ 100 82
+ 100 34
+ 100 2
+ 100 57
+ 1 42
x 52 58
x 4 6
+ 24 100
+ 100 90
+ 100 42
+ 100 35
+ 100 1
+ 1 97
+ 100 5
+ 100 4
+ 1 83
+ 100 84
+ 1 67
x 60 60
+ 100 98
+ 100 11
+ 100 3
+ 100 20
+ 100 44
+ 1 75
+ 95 100
+ 100 36
x 12 15
+ 1 27
+ 100 6
+ 100 75
+ 100 10
+ 100 14
+ 100 69
+ 1 54
+ 100 41
+ 100 77
+ 100 55
x 92 96
x 89 87
x 69 68
+ 100 88
+ 100 49
+ 1 87
+ 2 61
+ 1 98
x 10 11
+ 100 52
+ 100 26
+ 100 47
+ 100 71
+ 1 72
+ 1 56
+ 1 61
+ 1 26
+ 100 68
+ 1 66
x 96 98
+ 100 28
+ 1 65
x 15 23
+ 100 37
+ 100 38
+ 2 22
+ 100 50
+ 1 39
+ 1 17
+ 100 87
+ 100 67
x 81 72
+ 100 54
+ 100 74
x 95 97
+ 100 46
+ 100 97
x 54 59
+ 100 96
x 47 48
+ 100 89
x 46 46
+ 58 100
+ 100 59
x 16 25
x 82 84
x 21 27
x 8 7
+ 100 22
+ 100 45
+ 100 13
x 42 44
+ 43 100
+ 100 73
+ 6 53
x 14 21
x 34 32
+ 100 15
+ 100 61
+ 1 88
x 44 45
x 70 70
+ 100 21
+ 100 79
+ 1 52
Case #55: 265 173
+ 100 16
+ 61 100
x 72 72
x 78 78
x 89 89
+ 4 100
+ 100 56
x 69 69
x 100 100
+ 67 100
x 91 91
x 20 20
+ 100 33
x 76 76
x 52 52
+ 100 7
+ 100 31
x 59 59
+ 100 72
+ 100 18
x 84 84
x 58 58
x 93 93
+ 64 100
x 21 21
x 36 36
x 14 14
+ 26 100
x 80 80
+ 29 99
+ 100 32
x 75 75
+ 100 66
+ 100 24
x 64 64
x 7 7
+ 20 99
x 83 83
x 47 47
+ 100 30
x 49 49
+ 100 9
+ 4 73
x 17 17
x 50 50
+ 100 8
x 19 19
+ 100 17
x 32 32
x 28 28
x 6 6
x 88 88
+ 53 100
+ 100 60
x 27 27
+ 81 100
x 62 62
x 74 74
x 82 82
+ 51 100
x 4 4
+ 100 23
+ 59 100
+ 100 40
+ 100 12
x 10 10
x 65 65
x 31 31
+ 100 29
+ 100 82
+ 100 34
+ 100 2
+ 100 57
o 1 1
x 90 90
x 13 13
x 79 79
x 38 38
+ 100 39
+ 100 42
x 44 44
+ 1 91
+ 100 35
x 37 37
x 77 77
+ 100 5
x 33 33
x 60 60
+ 100 11
+ 100 3
+ 100 20
+ 100 44
x 48 48
+ 27 98
x 57 57
x 39 39
x 81 81
x 8 8
x 26 26
+ 100 36
x 43 43
+ 100 6
x 97 97
x 23 23
x 40 40
+ 100 10
+ 100 14
+ 69 100
x 15 15
x 25 25
x 94 94
+ 100 41
+ 100 77
x 66 66
+ 100 43
x 67 67
+ 100 55
x 29 29
x 30 30
x 54 54
x 99 99
+ 100 49
x 53 53
x 56 56
x 11 11
x 2 2
x 5 5
x 16 16
+ 100 52
x 18 18
+ 100 47
x 35 35
+ 64 98
x 12 12
+ 100 37
+ 100 38
+ 100 50
x 98 98
x 51 51
x 24 24
x 34 34
x 68 68
x 73 73
+ 100 46
x 3 3
+ 48 100
x 86 86
x 46 46
x 61 61
+ 58 100
+ 68 100
x 63 63
x 42 42
x 9 9
x 55 55
x 71 71
+ 100 22
+ 100 45
x 22 22
+ 100 13
x 41 41
+ 100 73
x 45 45
+ 100 15
x 96 96
+ 88 100
x 92 92
x 87 87
x 95 95
+ 27 100
x 70 70
x 85 85
+ 100 21
Case #56: 298 243
+ 100 51
+ 100 16
+ 1 58
+ 1 20
x 7 5
x 91 98
+ 1 8
x 72 72
+ 1 71
+ 1 90
+ 1 93
+ 100 63
x 28 30
+ 1 5
+ 100 56
+ 100 100
+ 1 59
+ 100 33
+ 1 51
+ 100 7
+ 100 31
+ 100 72
x 89 96
+ 1 41
+ 100 18
+ 1 94
+ 1 70
+ 1 45
+ 100 48
+ 1 21
x 21 23
+ 1 50
+ 1 47
+ 1 99
+ 100 81
+ 100 53
+ 100 83
+ 1 73
+ 100 70
+ 100 32
+ 100 66
+ 1 44
+ 1 28
+ 100 25
+ 1 29
+ 100 65
+ 1 48
+ 100 24
x 24 25
x 6 4
x 22 24
+ 1 86
x 48 42
+ 1 38
+ 100 19
+ 1 35
x 25 29
x 63 58
+ 100 64
+ 100 27
+ 100 30
+ 100 9
+ 1 46
+ 1 95
+ 100 8
+ 1 92
+ 1 24
x 53 45
x 47 40
x 20 22
+ 100 17
+ 100 58
+ 1 84
+ 100 95
+ 1 74
+ 1 40
+ 1 78
x 3 1
+ 1 57
x 60 53
+ 1 96
+ 100 62
+ 100 60
+ 1 18
+ 1 69
+ 100 94
+ 100 23
+ 100 40
+ 100 12
+ 100 92
+ 1 89
+ 1 36
+ 1 6
+ 1 11
+ 100 80
+ 100 29
+ 100 82
+ 100 78
+ 100 34
+ 1 19
+ 100 2
+ 1 55
+ 100 57
+ 1 12
+ 1 42
x 12 9
x 64 61
+ 1 30
+ 100 76
+ 1 10
x 16 10
+ 100 39
+ 100 90
x 76 84
+ 100 42
+ 1 64
x 10 7
+ 1 9
+ 1 91
+ 100 35
+ 1 25
+ 100 1
x 88 93
x 36 34
+ 1 97
+ 1 4
+ 1 60
+ 1 31
+ 100 5
+ 100 4
x 39 37
+ 1 83
+ 100 84
+ 1 67
+ 100 98
+ 100 11
+ 100 3
+ 100 20
x 82 89
+ 100 44
+ 1 75
+ 1 79
+ 100 36
x 18 11
+ 1 27
+ 100 6
+ 100 75
+ 100 10
+ 100 14
+ 100 69
+ 1 82
+ 1 81
x 19 14
+ 100 99
x 80 86
+ 1 54
+ 100 41
+ 100 77
+ 100 43
+ 100 55
+ 1 62
+ 1 37
+ 1 76
+ 1 16
+ 100 93
x 54 48
+ 100 88
+ 1 68
+ 100 49
+ 1 87
+ 1 3
+ 1 15
+ 1 98
+ 100 52
+ 100 26
x 4 2
+ 100 47
x 84 91
+ 100 71
+ 1 22
+ 1 72
x 32 31
+ 1 56
x 46 38
+ 1 14
+ 1 61
+ 1 26
+ 100 68
+ 1 85
x 52 44
+ 1 66
+ 100 28
o 1 65
+ 100 37
+ 100 38
x 9 6
+ 1 77
+ 100 91
x 73 79
+ 100 50
+ 1 39
+ 1 23
+ 1 17
+ 100 87
x 83 90
o 100 67
+ 1 13
+ 100 54
+ 100 74
x 55 49
+ 100 46
+ 100 97
+ 1 7
+ 100 96
+ 100 89
+ 1 63
+ 1 2
+ 100 59
+ 100 86
+ 1 33
x 62 54
+ 100 22
+ 100 45
+ 100 85
+ 1 49
+ 1 80
+ 100 13
+ 1 43
+ 100 73
+ 1 34
x 34 32
+ 100 15
x 65 68
+ 100 61
+ 1 88
x 98 100
+ 1 53
x 70 70
+ 100 21
+ 100 79
+ 1 52
+ 1 32
x 74 81
Case #57: 135 70
+ 51 23
x 18 23
+ 2 17
x 45 46
+ 1 50
+ 51 12
+ 30 1
+ 30 51
x 47 47
+ 1 46
+ 1 24
+ 51 42
+ 51 3
x 19 24
+ 51 40
+ 31 1
+ 51 17
+ 51 34
+ 20 1
+ 32 48
+ 1 36
x 30 33
x 3 6
x 37 42
+ 1 42
+ 51 28
+ 16 1
+ 50 51
+ 1 9
+ 51 37
+ 51 27
+ 45 1
x 48 48
x 25 30
+ 51 20
x 23 26
x 14 7
x 35 40
+ 2 21
x 31 36
x 28 31
+ 51 2
+ 1 14
+ 51 18
x 15 19
+ 37 1
+ 38 1
+ 51 16
o 51 51
+ 2 11
+ 25 51
+ 19 1
+ 51 6
x 2 3
+ 2 20
x 34 39
+ 51 19
+ 2 26
+ 51 13
+ 1 49
x 42 44
+ 51 43
+ 1 34
+ 51 1
+ 50 25
x 33 37
x 22 25
+ 51 4
x 40 43
+ 51 39
Case #58: 275 175
+ 100 51
+ 100 16
+ 1 58
x 7 5
+ 61 100
+ 100 56
x 23 17
+ 100 33
+ 70 100
+ 100 7
+ 100 31
+ 100 72
x 36 33
+ 100 18
x 78 71
+ 1 45
x 95 91
+ 100 48
+ 1 21
+ 76 100
+ 26 100
+ 1 99
+ 100 53
+ 1 73
+ 100 32
x 20 15
+ 100 25
+ 100 65
+ 100 24
+ 39 100
x 14 10
+ 100 19
x 74 69
+ 100 64
x 41 38
+ 100 27
+ 2 50
+ 100 30
+ 100 9
x 18 12
x 25 18
x 39 34
x 47 42
+ 100 58
+ 100 95
+ 90 100
+ 100 60
+ 44 100
x 21 16
x 70 67
x 96 93
+ 59 100
+ 100 40
+ 100 12
+ 49 100
+ 1 89
+ 1 6
+ 93 100
+ 100 80
+ 2 45
+ 2 92
+ 100 29
+ 100 82
+ 100 78
+ 100 2
+ 100 57
x 12 9
x 68 64
x 60 52
x 53 49
x 92 88
+ 100 42
x 62 53
x 29 24
x 10 7
+ 100 35
x 91 85
+ 100 1
x 11 8
x 48 43
+ 8 100
+ 1 60
+ 100 5
x 64 56
+ 100 4
x 82 76
+ 100 11
x 97 94
+ 100 3
+ 100 20
x 49 44
+ 17 100
+ 1 79
+ 100 36
x 81 75
+ 100 6
x 76 70
x 86 79
+ 100 75
+ 91 100
x 87 83
+ 100 10
x 66 61
x 5 4
+ 100 14
+ 100 99
+ 97 100
+ 50 100
+ 100 41
+ 100 43
x 3 2
+ 1 37
+ 1 76
+ 62 100
x 57 50
x 34 31
+ 84 99
x 58 51
+ 100 52
+ 100 47
x 46 41
+ 1 56
x 69 65
+ 1 61
+ 55 100
+ 100 68
+ 69 97
+ 100 28
+ 1 65
+ 100 38
x 42 39
x 9 6
+ 1 77
+ 1 23
x 73 68
x 51 45
+ 100 87
+ 100 67
x 44 40
+ 100 54
+ 100 46
x 27 22
x 40 37
+ 37 100
+ 77 100
+ 4 22
x 33 29
x 67 63
x 16 11
+ 23 100
x 2 1
x 52 47
x 4 3
x 31 27
+ 100 22
+ 100 45
+ 100 85
+ 100 13
x 79 72
+ 100 15
+ 84 100
x 80 73
+ 88 100
x 65 58
x 90 84
+ 92 100
x 84 77
+ 64 99
+ 3 73
x 63 55
+ 1 53
+ 38 96
+ 100 21
x 26 19
x 94 89
Case #59: 259 142
+ 97 96
x 81 67
+ 1 5
+ 97 39
+ 97 26
x 96 92
x 17 9
+ 2 64
+ 63 97
+ 97 7
x 58 47
+ 1 41
+ 1 94
x 22 21
+ 97 32
+ 49 92
x 93 89
x 20 18
+ 3 85
+ 80 1
+ 97 27
+ 97 85
+ 1 47
+ 97 4
x 59 48
x 25 26
+ 97 9
x 86 74
+ 97 47
+ 1 28
+ 21 1
x 24 25
x 79 64
+ 1 86
+ 1 38
x 52 41
+ 97 75
x 76 62
+ 88 1
+ 32 1
+ 1 92
+ 97 82
+ 97 83
x 3 1
x 51 40
x 27 27
+ 97 2
x 11 4
+ 1 18
x 6 2
+ 97 37
+ 97 51
+ 1 89
+ 95 1
+ 33 97
x 42 32
+ 97 49
+ 94 97
x 8 3
x 53 43
+ 72 97
+ 97 92
x 14 5
+ 64 1
x 97 94
+ 97 15
x 80 65
x 75 61
+ 45 1
+ 97 20
x 87 75
x 54 45
+ 97 11
+ 97 97
+ 96 49
+ 97 54
+ 97 86
x 19 16
+ 43 97
+ 97 58
x 84 70
+ 3 55
x 78 63
x 89 87
+ 1 76
+ 1 16
x 34 30
+ 69 1
+ 97 80
+ 97 61
x 56 46
+ 54 2
x 18 15
+ 1 22
x 45 34
x 46 38
+ 1 14
+ 97 70
+ 39 1
+ 67 1
+ 1 85
+ 69 97
+ 97 14
+ 97 88
+ 97 21
+ 97 36
+ 1 23
x 95 90
x 91 88
x 21 19
x 88 86
+ 97 93
+ 75 1
+ 2 16
+ 11 49
x 83 68
x 31 28
+ 97 22
+ 97 38
x 69 54
+ 97 1
+ 58 1
x 15 6
+ 28 97
+ 97 84
x 67 49
+ 97 74
+ 78 97
+ 97 42
+ 62 97
+ 97 6
x 16 7
+ 1 49
+ 79 97
x 44 33
x 37 31
+ 73 97
x 74 55
x 68 50
+ 97 95
+ 43 1
+ 3 23
Case #60: 39 22
x 7 6
+ 16 8
+ 16 13
+ 12 1
+ 15 1
+ 13 1
+ 16 9
x 11 10
x 1 1
x 6 3
+ 16 1
+ 16 15
+ 1 9
+ 1 4
x 15 15
x 2 2
+ 16 16
+ 16 11
+ 16 7
x 13 14
o 10 8
+ 16 3
Case #61: 59 34
+ 23 21
x 8 10
+ 18 23
+ 13 23
+ 1 21
x 21 23
+ 2 19
x 6 4
+ 7 23
x 20 22
+ 17 23
x 7 8
+ 23 22
x 16 18
+ 20 23
+ 23 14
+ 13 22
+ 23 6
x 12 13
x 15 16
+ 22 1
+ 1 3
x 2 2
+ 23 19
+ 4 23
x 10 11
x 14 15
+ 1 14
+ 23 3
+ 19 1
+ 1 2
x 4 3
x 18 21
x 11 12
Case #62: 212 109
+ 32 80
x 20 16
+ 1 5
x 17 12
+ 80 2
+ 1 51
x 78 71
+ 1 21
+ 80 64
+ 57 1
+ 80 80
+ 80 58
+ 1 73
+ 80 60
x 56 58
+ 80 61
+ 80 6
+ 80 10
+ 1 38
+ 52 1
+ 1 35
+ 80 40
+ 80 3
x 33 31
+ 55 80
+ 80 35
+ 27 1
x 41 38
+ 1 24
+ 80 18
x 49 50
+ 1 78
+ 76 1
x 30 26
x 48 49
+ 66 80
x 74 68
+ 10 34
x 21 17
+ 80 30
x 79 74
+ 7 35
+ 78 80
+ 1 12
x 42 43
+ 80 69
x 39 33
+ 64 1
+ 72 80
x 4 5
x 70 66
+ 1 60
+ 1 31
+ 47 1
+ 80 19
+ 80 50
+ 33 5
x 59 61
+ 1 75
+ 80 42
+ 80 7
+ 1 79
+ 55 1
+ 80 21
+ 22 80
+ 25 1
+ 1 54
x 69 64
x 18 14
+ 53 80
x 29 25
+ 67 1
+ 79 38
+ 74 80
+ 61 1
x 24 23
+ 1 39
+ 1 23
+ 80 63
+ 80 27
+ 80 76
x 23 20
+ 80 75
+ 25 80
+ 3 54
x 5 8
x 3 3
+ 80 8
+ 19 1
x 31 28
+ 80 11
+ 1 63
x 46 46
x 43 44
+ 80 12
+ 80 4
x 58 59
x 9 9
+ 1 33
x 22 18
+ 44 5
+ 80 46
+ 80 9
x 52 55
x 19 15
+ 36 77
+ 80 73
+ 80 28
x 28 24
Case #63: 158 87
+ 1 5
x 9 10
+ 62 25
x 35 33
+ 1 51
x 6 7
x 8 9
x 53 56
x 48 53
+ 36 62
+ 1 47
+ 53 62
+ 1 29
+ 1 48
x 22 23
+ 1 38
x 33 31
+ 41 62
x 19 21
x 17 20
x 20 22
x 7 8
+ 1 57
x 52 54
x 31 30
+ 19 2
x 16 18
+ 62 43
+ 62 21
+ 62 20
+ 62 15
o 59 62
x 1 1
+ 62 19
+ 62 61
+ 56 3
x 36 34
x 37 37
+ 50 1
x 54 58
+ 45 1
x 30 27
x 41 43
+ 55 1
+ 62 5
x 25 24
x 15 16
+ 55 62
x 39 42
+ 62 16
x 2 2
x 5 5
x 10 11
+ 31 61
+ 1 56
+ 62 50
+ 39 1
+ 62 52
+ 62 44
x 27 26
+ 62 42
+ 1 17
+ 1 13
x 38 39
x 3 3
+ 1 7
+ 62 27
+ 41 1
+ 62 56
+ 62 40
+ 1 2
x 57 61
x 47 52
+ 62 1
+ 46 1
+ 1 49
x 42 44
x 13 14
x 34 32
x 46 51
x 44 47
+ 1 53
+ 62 7
+ 62 34
+ 1 52
+ 62 58
x 55 59
Case #64: 236 136
x 2 5
x 16 22
x 19 27
+ 60 1
x 8 10
+ 88 82
+ 88 34
+ 88 15
x 57 63
x 24 30
+ 1 51
o 30 36
+ 88 60
+ 86 49
+ 88 2
x 45 46
+ 1 21
+ 77 88
x 85 88
+ 88 23
+ 1 47
x 39 44
x 69 79
+ 1 28
+ 26 1
+ 1 29
+ 88 72
+ 1 35
+ 88 9
+ 66 88
+ 88 85
x 67 77
+ 88 1
+ 3 40
+ 1 24
+ 1 84
+ 88 25
+ 88 88
+ 55 88
+ 80 88
+ 1 74
+ 1 40
x 34 38
+ 88 61
x 5 9
x 21 28
+ 88 28
x 26 31
+ 88 54
x 65 75
+ 86 1
x 66 76
x 9 13
+ 1 11
x 3 6
x 75 83
+ 2 45
+ 30 88
+ 1 19
+ 1 55
+ 88 74
x 47 51
+ 1 30
+ 88 70
x 53 58
+ 88 87
+ 1 64
+ 88 7
x 72 80
+ 88 21
+ 1 4
+ 85 1
+ 88 38
+ 88 59
+ 88 26
+ 1 79
+ 56 4
x 28 32
+ 88 73
+ 88 32
x 10 16
+ 1 82
+ 25 1
x 51 56
x 80 86
+ 1 54
+ 88 35
+ 81 88
x 61 68
+ 88 78
+ 86 88
+ 1 76
+ 1 16
x 55 62
+ 1 68
+ 88 5
+ 1 87
+ 88 24
+ 1 15
x 4 8
+ 88 65
+ 56 88
x 78 85
+ 1 61
x 59 64
+ 67 1
+ 88 69
x 17 24
+ 1 77
x 64 74
+ 1 39
+ 88 45
+ 88 76
+ 52 88
+ 57 88
+ 43 88
+ 1 63
o 1 2
+ 58 1
x 29 33
+ 87 38
+ 88 13
x 14 17
+ 49 1
+ 88 46
x 82 87
x 49 52
x 15 20
+ 88 12
x 18 26
x 33 37
x 73 81
+ 71 1
+ 88 68
x 36 40
+ 81 1
Case #65: 273 173
+ 100 51
+ 100 16
+ 61 100
x 20 16
+ 100 63
+ 100 56
x 100 100
x 11 7
+ 100 33
x 73 72
x 72 71
+ 100 7
+ 100 31
+ 100 72
+ 100 18
x 80 82
+ 100 48
+ 11 100
x 96 99
x 25 26
x 18 13
+ 2 19
+ 100 83
+ 1 73
+ 100 70
+ 100 32
+ 100 66
+ 78 100
+ 100 25
+ 100 65
+ 100 24
x 64 64
x 6 4
+ 1 86
+ 100 19
+ 100 64
+ 46 100
+ 100 27
x 91 92
+ 2 50
+ 100 30
x 81 84
+ 100 9
+ 79 100
+ 1 95
+ 100 8
+ 100 17
x 28 28
+ 100 58
+ 53 100
+ 100 60
x 71 70
x 27 27
x 78 81
x 94 95
x 67 66
+ 81 100
+ 87 100
x 74 75
x 29 31
+ 100 23
x 38 41
x 36 38
x 42 48
x 75 77
+ 100 40
+ 100 12
+ 1 89
x 37 39
+ 1 36
+ 100 80
x 21 17
x 65 65
+ 100 29
+ 100 82
x 16 9
+ 100 34
+ 100 2
o 1 1
+ 100 76
+ 4 63
x 31 32
+ 100 39
+ 100 42
+ 1 64
+ 1 91
+ 100 35
+ 1 25
+ 1 97
x 54 58
x 68 67
+ 100 5
+ 100 4
x 61 60
+ 100 3
+ 100 20
+ 100 44
x 48 51
+ 1 27
+ 100 6
+ 100 10
+ 100 14
+ 69 100
+ 1 82
x 62 63
x 51 56
x 95 98
+ 1 54
+ 100 41
+ 100 77
+ 100 43
+ 1 62
x 10 6
x 69 68
x 39 42
+ 100 49
+ 1 87
x 2 2
+ 100 52
+ 100 26
+ 100 47
+ 1 61
+ 57 100
+ 55 100
x 34 36
+ 1 85
x 24 22
+ 100 28
x 77 79
+ 42 94
+ 100 37
x 52 57
+ 100 91
+ 100 50
+ 38 100
x 5 3
+ 100 67
x 83 85
+ 100 54
x 70 69
+ 100 74
+ 5 25
+ 100 96
x 93 94
x 86 86
+ 3 61
+ 73 100
+ 100 59
+ 68 100
x 58 59
+ 75 100
x 90 87
+ 3 72
+ 100 22
+ 100 45
+ 100 13
x 22 19
x 49 52
+ 63 99
+ 2 42
x 17 11
x 9 5
+ 100 15
x 19 15
x 13 8
x 76 78
+ 2 25
x 47 49
x 40 43
+ 100 21
+ 1 52
x 35 37
x 41 47
Case #66: 57 34
+ 1 5
x 20 20
+ 22 14
+ 22 16
+ 22 21
o 22 15
x 15 14
+ 22 11
x 17 17
+ 22 4
x 19 19
+ 3 13
x 6 3
+ 22 12
+ 17 22
+ 17 1
x 21 22
+ 22 2
x 10 11
x 16 16
x 12 12
x 8 4
+ 8 22
+ 1 13
+ 1 7
o 1 2
x 9 9
+ 22 18
+ 22 10
+ 22 3
+ 22 20
+ 22 22
+ 22 13
+ 22 19
Case #67: 228 127
+ 1 20
+ 81 86
+ 76 86
+ 1 8
+ 2 58
+ 1 5
x 10 5
+ 86 78
+ 58 86
x 76 76
x 11 6
+ 86 40
+ 77 86
+ 86 59
+ 86 54
+ 86 49
+ 1 41
x 37 38
+ 1 45
x 36 36
x 14 14
+ 57 1
+ 14 1
+ 1 73
+ 86 74
x 40 47
+ 1 28
+ 3 50
+ 86 9
+ 86 8
x 22 24
+ 86 25
+ 34 1
x 85 84
+ 1 46
x 72 73
x 71 69
x 20 22
x 4 1
+ 86 23
+ 86 57
+ 52 86
x 38 41
+ 86 46
+ 52 85
+ 86 1
+ 71 84
+ 36 85
x 45 49
+ 72 86
x 66 64
x 60 62
+ 86 18
+ 1 30
+ 86 15
+ 86 42
+ 64 86
+ 1 9
x 13 10
x 58 61
+ 86 67
+ 1 60
x 77 77
+ 1 83
x 26 25
+ 85 1
+ 86 50
+ 86 28
+ 29 86
x 12 8
+ 86 4
+ 86 79
+ 63 86
x 62 63
x 41 48
x 81 83
x 67 67
+ 86 75
+ 77 1
+ 1 62
+ 54 1
+ 1 16
x 34 30
+ 86 82
+ 1 68
x 39 43
+ 1 56
x 15 17
+ 67 1
+ 45 86
x 48 56
+ 68 86
x 16 19
x 79 82
+ 86 71
x 27 26
+ 45 3
+ 2 52
x 68 68
+ 18 2
+ 62 86
+ 86 14
+ 86 56
x 31 28
x 33 29
+ 86 37
+ 86 27
+ 86 39
+ 84 19
x 49 58
+ 86 55
+ 86 65
+ 26 86
x 9 3
+ 51 1
x 54 60
+ 86 5
+ 84 86
x 18 20
+ 86 24
x 73 75
x 46 51
+ 48 85
+ 86 32
+ 86 41
+ 1 32
+ 2 68
Case #68: 220 0
Case #69: 191 0
Case #70: 66 0
Case #71: 186 0
Case #72: 298 198
+ 100 51
+ 100 16
+ 1 58
+ 1 20
+ 1 8
+ 1 71
+ 1 90
+ 1 93
+ 100 63
+ 1 5
+ 100 56
+ 100 100
+ 1 59
+ 100 33
+ 1 51
+ 100 7
+ 100 31
+ 100 72
+ 1 41
+ 100 18
+ 1 94
+ 1 70
+ 1 45
+ 100 48
+ 1 21
+ 1 50
+ 1 47
+ 1 99
+ 100 81
+ 100 53
+ 100 83
+ 1 73
+ 100 70
+ 100 32
+ 100 66
+ 1 44
+ 1 28
+ 100 25
+ 1 29
+ 100 65
+ 1 48
+ 100 24
+ 1 86
+ 1 38
+ 100 19
+ 1 35
+ 100 64
+ 100 27
+ 100 30
+ 100 9
+ 1 46
+ 1 95
+ 100 8
+ 1 92
+ 1 24
+ 100 17
+ 100 58
+ 1 84
+ 100 95
+ 1 74
+ 1 40
+ 1 78
+ 1 57
+ 1 96
+ 100 62
+ 100 60
o 1 18
+ 1 69
+ 100 94
+ 100 23
+ 100 40
+ 100 12
o 100 92
+ 1 89
+ 1 36
+ 1 6
+ 1 11
+ 100 80
+ 100 29
+ 100 82
+ 100 78
+ 100 34
+ 1 19
+ 100 2
+ 1 55
+ 100 57
+ 1 12
+ 1 42
+ 1 30
+ 100 76
+ 1 10
+ 100 39
+ 100 90
+ 100 42
+ 1 64
+ 1 9
+ 1 91
+ 100 35
+ 1 25
+ 100 1
+ 1 97
+ 1 4
+ 1 60
+ 1 31
+ 100 5
+ 100 4
+ 1 83
+ 100 84
+ 1 67
+ 100 98
+ 100 11
+ 100 3
+ 100 20
+ 100 44
+ 1 75
+ 1 79
+ 100 36
+ 1 27
+ 100 6
+ 100 75
+ 100 10
+ 100 14
+ 100 69
+ 1 82
+ 1 81
+ 100 99
+ 1 54
+ 100 41
+ 100 77
+ 100 43
+ 100 55
+ 1 62
+ 1 37
+ 1 76
+ 1 16
+ 100 93
+ 100 88
+ 1 68
+ 100 49
+ 1 87
+ 1 3
+ 1 15
+ 1 98
+ 100 52
+ 100 26
+ 100 47
+ 100 71
+ 1 22
+ 1 72
+ 1 56
+ 1 14
+ 1 61
+ 1 26
+ 100 68
+ 1 85
+ 1 66
+ 100 28
+ 1 65
+ 100 37
+ 100 38
+ 1 77
+ 100 91
+ 100 50
+ 1 39
+ 1 23
+ 1 17
+ 100 87
+ 100 67
+ 1 13
+ 100 54
+ 100 74
+ 100 46
+ 100 97
+ 1 7
+ 100 96
+ 100 89
+ 1 63
+ 1 2
+ 100 59
+ 100 86
+ 1 33
+ 100 22
+ 100 45
+ 100 85
+ 1 49
+ 1 80
+ 100 13
+ 1 43
+ 100 73
+ 1 34
+ 100 15
+ 100 61
+ 1 88
+ 1 53
+ 100 21
+ 100 79
+ 1 52
+ 1 32
Case #73: 287 222
+ 100 51
+ 100 16
+ 1 58
+ 1 20
+ 1 90
+ 1 93
x 73 64
+ 100 63
+ 100 56
+ 67 100
+ 1 59
x 18 23
+ 100 33
+ 1 51
+ 100 7
+ 100 31
+ 100 72
+ 100 18
+ 1 94
+ 1 70
+ 1 45
+ 100 48
+ 1 21
x 84 76
+ 1 50
+ 1 47
+ 3 10
+ 1 99
+ 100 81
+ 100 53
+ 100 83
+ 1 73
+ 100 70
+ 100 32
+ 100 66
+ 100 25
x 16 20
+ 100 65
+ 100 24
+ 1 86
+ 100 19
+ 1 35
x 91 83
+ 100 64
+ 100 27
+ 100 30
+ 100 9
+ 1 46
+ 100 8
o 1 92
+ 100 17
+ 100 58
+ 1 84
+ 100 95
+ 1 74
+ 1 40
+ 1 78
+ 1 57
x 85 78
+ 1 96
+ 100 62
+ 100 60
+ 94 100
x 60 50
+ 1 18
x 51 38
x 57 45
+ 1 69
x 11 14
x 90 82
x 72 59
x 39 31
x 96 93
+ 100 23
+ 86 100
x 54 43
+ 100 40
+ 100 12
+ 100 92
+ 1 89
x 5 10
x 9 13
+ 1 6
+ 1 11
x 66 57
+ 100 80
x 41 32
+ 100 29
+ 100 82
+ 100 78
+ 100 34
+ 100 2
+ 1 55
+ 1 42
x 6 11
+ 1 30
+ 100 76
+ 1 10
x 71 58
+ 100 39
+ 100 90
+ 100 42
x 58 48
+ 1 9
+ 1 91
+ 100 35
+ 1 25
+ 100 1
+ 2 15
x 28 26
+ 1 97
+ 100 5
+ 100 4
x 52 42
+ 1 83
+ 100 84
x 35 29
+ 1 67
x 100 98
+ 100 11
x 97 94
x 33 28
+ 100 3
+ 100 20
+ 100 44
+ 1 75
x 37 30
+ 1 79
+ 100 36
x 12 15
x 62 51
+ 1 27
+ 100 6
x 86 79
+ 100 75
+ 100 10
+ 100 14
+ 1 82
x 27 25
x 25 24
x 89 80
+ 1 81
+ 100 99
x 93 88
+ 1 54
+ 100 41
+ 100 77
+ 74 95
x 74 65
+ 100 43
+ 100 55
+ 1 62
+ 1 37
+ 1 76
+ 100 93
+ 100 49
+ 1 87
+ 1 98
+ 100 52
+ 100 26
+ 100 47
x 2 4
+ 100 71
+ 1 72
x 3 7
+ 1 56
+ 1 61
+ 57 100
+ 1 26
+ 100 68
+ 1 85
+ 1 66
+ 100 28
+ 1 65
+ 100 37
x 98 95
+ 100 38
+ 100 91
+ 100 50
+ 1 39
+ 1 23
x 95 90
+ 100 87
x 45 37
x 77 69
x 83 75
+ 100 54
+ 100 74
+ 100 46
+ 100 97
+ 100 96
x 65 56
x 56 44
+ 1 63
x 15 18
+ 100 59
x 8 12
x 78 70
x 14 17
+ 89 100
+ 1 33
x 31 27
x 75 66
+ 2 30
+ 100 22
+ 3 26
+ 100 45
+ 100 85
x 63 53
+ 1 80
+ 100 13
x 44 33
+ 100 73
+ 100 15
x 82 73
+ 100 61
+ 1 88
+ 98 100
+ 100 21
+ 100 79
+ 2 18
x 94 89
Case #74: 95 52
+ 36 23
x 10 3
+ 36 35
+ 32 36
+ 26 36
x 16 13
x 25 23
+ 1 28
+ 1 35
+ 36 22
+ 2 10
+ 36 15
+ 19 35
+ 32 1
+ 9 1
+ 36 8
+ 36 6
+ 36 9
x 35 32
x 14 6
+ 1 10
+ 36 14
x 15 10
o 36 34
x 24 21
x 26 25
x 33 27
x 17 14
+ 1 27
+ 17 1
x 19 16
+ 36 27
x 32 26
x 34 31
+ 1 3
x 4 2
x 18 15
+ 36 11
+ 1 26
+ 36 17
+ 36 16
x 12 4
+ 36 3
+ 36 29
+ 36 10
+ 1 2
+ 36 30
x 22 20
+ 36 25
+ 36 2
+ 36 1
+ 24 36
Case #75: 75 43
x 20 16
x 15 14
+ 29 12
+ 23 1
x 21 18
+ 27 29
+ 27 1
+ 27 13
+ 1 18
+ 29 20
+ 8 1
+ 29 23
+ 29 8
+ 1 6
x 1 1
x 13 13
x 7 3
+ 29 4
x 16 15
+ 29 24
+ 1 9
+ 1 4
+ 2 9
+ 29 26
+ 25 1
+ 29 10
+ 13 29
o 29 29
x 11 11
x 4 2
+ 1 22
+ 1 26
x 12 12
x 27 26
x 28 27
x 8 4
+ 24 1
x 23 20
+ 29 1
x 9 9
+ 28 29
x 25 22
+ 16 29
Case #76: 262 166
+ 100 16
x 72 72
x 78 78
x 89 89
+ 100 56
x 69 69
x 100 100
x 91 91
x 20 20
+ 100 33
x 76 76
x 52 52
+ 100 7
+ 100 31
x 59 59
+ 100 18
x 84 84
x 58 58
x 93 93
x 21 21
x 36 36
x 14 14
x 80 80
+ 63 100
+ 100 53
+ 100 70
+ 100 32
x 75 75
+ 14 100
+ 100 24
x 64 64
+ 100 19
x 7 7
x 83 83
x 47 47
+ 100 27
+ 100 30
x 49 49
+ 100 9
x 17 17
x 50 50
x 19 19
+ 100 17
x 32 32
x 28 28
+ 100 58
x 6 6
x 88 88
+ 100 60
x 27 27
x 62 62
x 74 74
x 82 82
+ 51 100
x 4 4
+ 59 100
+ 100 12
+ 49 100
x 10 10
+ 100 80
x 65 65
x 31 31
+ 100 29
+ 100 34
+ 100 2
o 1 1
x 90 90
x 13 13
+ 100 76
x 79 79
x 38 38
+ 100 39
+ 100 42
x 44 44
x 37 37
+ 8 100
x 77 77
+ 100 5
+ 100 4
x 33 33
x 60 60
+ 100 11
+ 100 3
+ 100 20
+ 35 100
+ 100 44
x 48 48
x 57 57
x 39 39
x 81 81
x 8 8
x 26 26
+ 100 36
x 43 43
+ 100 6
x 97 97
x 23 23
+ 100 75
x 40 40
+ 100 10
+ 66 99
x 15 15
x 25 25
x 94 94
x 66 66
+ 100 43
x 67 67
x 29 29
+ 25 100
x 30 30
+ 41 100
x 54 54
x 99 99
+ 22 100
x 53 53
x 56 56
x 11 11
+ 52 100
x 2 2
x 5 5
x 16 16
x 18 18
+ 100 26
+ 100 47
+ 100 71
+ 55 100
+ 100 28
x 35 35
x 12 12
+ 100 37
+ 100 38
+ 100 50
x 98 98
x 51 51
x 24 24
+ 100 67
x 34 34
x 68 68
+ 100 54
x 73 73
+ 100 46
x 3 3
+ 48 100
x 86 86
x 46 46
x 61 61
+ 23 100
x 63 63
x 42 42
x 9 9
x 55 55
x 71 71
+ 100 45
x 22 22
+ 100 13
x 41 41
x 45 45
+ 100 15
x 96 96
x 92 92
x 87 87
x 95 95
x 70 70
x 85 85
+ 100 21
+ 40 100
Case #77: 220 0
Case #78: 186 99
+ 30 72
x 72 72
+ 72 23
x 8 10
+ 72 71
+ 70 36
x 51 47
+ 72 45
+ 72 39
+ 72 3
+ 1 21
+ 59 1
x 44 37
+ 72 6
x 59 57
+ 40 72
+ 72 52
+ 68 72
x 50 45
x 52 48
+ 48 2
+ 72 5
x 35 26
x 33 24
+ 72 33
+ 72 67
+ 66 1
x 29 22
+ 72 24
+ 72 70
x 65 65
+ 72 64
x 6 8
x 1 1
x 3 5
x 53 49
+ 1 10
+ 72 62
+ 42 72
x 62 61
+ 72 17
+ 72 63
+ 1 9
+ 1 25
+ 64 1
+ 32 72
x 61 60
x 63 64
x 30 23
+ 72 58
+ 72 55
x 5 7
x 57 51
+ 59 72
+ 2 49
+ 2 39
x 69 67
+ 3 37
x 66 66
x 38 31
+ 1 16
x 45 39
+ 1 3
+ 1 22
x 46 41
x 56 50
+ 72 69
x 15 17
+ 65 1
x 58 52
+ 72 35
x 37 27
+ 72 48
+ 72 57
+ 72 16
x 40 32
x 70 69
+ 72 36
x 34 25
x 2 3
x 25 21
+ 1 2
+ 3 31
x 71 71
+ 51 1
x 11 12
x 18 20
+ 48 1
x 17 19
+ 72 4
+ 30 71
+ 72 51
+ 53 72
+ 56 72
+ 2 25
+ 47 72
+ 72 49
+ 72 2
x 48 44
Case #79: 2 1
o 1 1
Case #80: 298 0
Case #81: 292 272
+ 100 51
+ 100 16
+ 1 58
x 51 53
+ 1 8
x 49 51
x 89 89
+ 1 71
+ 1 90
+ 1 93
+ 100 63
x 28 30
+ 100 56
x 100 100
x 9 10
x 91 91
+ 1 59
+ 100 33
x 57 59
+ 1 51
+ 100 7
+ 100 31
x 6 7
x 8 9
+ 1 41
+ 100 18
+ 1 94
x 18 19
+ 1 70
+ 1 45
x 93 93
+ 100 48
+ 1 21
+ 1 50
x 30 32
+ 1 47
x 25 26
+ 1 99
+ 100 81
+ 100 53
x 26 28
x 53 55
+ 100 83
+ 1 73
+ 100 70
+ 100 32
+ 100 66
+ 1 44
x 85 86
+ 1 28
x 69 72
x 56 58
+ 100 65
+ 1 48
+ 100 24
x 3 4
x 43 45
+ 1 86
x 27 29
+ 1 38
+ 100 19
+ 72 100
+ 100 64
+ 100 27
x 87 88
+ 100 30
+ 100 9
+ 1 46
+ 1 95
+ 100 8
+ 1 92
+ 1 24
x 74 76
+ 100 17
+ 100 58
+ 100 95
x 7 8
+ 1 74
+ 90 100
+ 1 78
+ 1 57
+ 1 96
+ 100 62
+ 100 60
+ 3 70
x 61 64
+ 1 18
x 86 87
+ 47 100
x 44 46
x 46 48
x 52 54
x 29 31
+ 100 94
+ 100 23
x 38 41
x 75 77
+ 100 40
+ 100 12
+ 100 92
+ 1 89
+ 1 36
x 55 57
+ 1 6
+ 100 80
+ 100 78
+ 100 34
+ 100 2
+ 1 55
+ 100 57
+ 1 12
+ 1 42
o 1 1
x 90 90
+ 1 30
+ 100 76
+ 1 10
x 36 39
x 54 56
+ 100 39
x 83 84
+ 100 42
+ 1 64
x 68 71
+ 1 9
+ 1 91
+ 100 35
x 33 35
+ 1 25
x 4 5
+ 1 97
+ 1 4
+ 1 60
+ 1 31
+ 100 5
+ 100 4
+ 1 67
+ 100 98
+ 100 11
+ 100 3
+ 100 20
x 60 63
x 59 61
x 82 83
+ 100 44
+ 1 75
x 81 82
x 37 40
x 71 73
+ 1 79
+ 100 36
x 79 80
+ 1 27
+ 100 6
x 97 97
x 23 23
+ 100 75
+ 100 10
x 80 81
x 12 13
x 50 52
+ 100 14
x 58 60
+ 100 69
+ 29 100
+ 1 82
x 94 94
x 15 16
+ 1 81
+ 100 99
+ 100 41
+ 100 77
+ 100 43
x 19 20
+ 100 55
+ 25 100
+ 1 62
+ 1 37
+ 100 93
x 39 42
x 99 99
+ 100 88
x 16 17
+ 100 49
x 66 69
+ 1 87
x 2 2
+ 1 15
+ 1 98
x 10 11
+ 100 52
x 14 15
+ 100 26
x 45 47
+ 100 71
+ 1 22
x 48 50
+ 1 56
+ 1 14
+ 1 26
+ 100 68
+ 3 15
x 34 36
+ 1 85
+ 1 66
+ 100 28
x 77 79
x 96 95
+ 1 65
+ 100 37
+ 100 38
x 20 21
+ 1 77
+ 100 91
+ 100 50
+ 1 39
x 98 98
+ 1 23
+ 100 87
x 24 24
+ 100 67
x 84 85
+ 100 54
+ 100 74
+ 100 46
x 63 66
+ 100 97
x 62 65
+ 100 96
+ 100 89
+ 1 63
+ 1 2
+ 100 59
+ 100 86
+ 18 37
+ 1 33
x 31 33
+ 100 22
+ 100 45
x 22 22
x 32 34
+ 100 85
+ 1 49
+ 1 80
+ 100 13
+ 1 43
+ 100 73
+ 1 34
x 13 14
x 67 70
x 17 18
x 11 12
+ 100 15
x 65 68
+ 84 100
x 73 75
+ 100 61
x 72 74
+ 1 88
x 92 92
x 5 6
x 64 67
x 76 78
+ 1 53
x 47 49
x 40 43
x 41 44
+ 100 21
+ 100 79
+ 1 52
x 35 37
+ 1 32
Case #82: 296 285
+ 100 51
+ 100 16
+ 1 58
+ 1 20
+ 1 8
x 78 78
x 89 89
+ 1 71
+ 1 90
+ 1 93
+ 100 63
x 28 30
+ 1 5
+ 100 56
x 100 100
x 91 91
+ 1 59
+ 100 33
x 71 72
+ 1 51
+ 100 7
+ 100 31
x 59 59
+ 100 72
+ 1 41
+ 100 18
x 84 84
x 58 58
+ 99 100
x 18 19
+ 1 70
+ 1 45
x 93 93
x 45 46
+ 100 48
+ 1 21
+ 1 50
x 36 36
x 30 32
x 14 14
+ 1 47
x 80 80
x 25 26
+ 1 99
+ 100 81
+ 100 53
+ 100 83
+ 1 73
+ 100 70
+ 100 32
+ 100 66
+ 1 44
+ 1 28
+ 100 25
+ 1 29
+ 100 65
+ 1 48
+ 100 24
+ 1 86
+ 39 100
x 27 29
+ 1 38
+ 100 19
+ 1 35
x 7 7
x 83 83
+ 100 64
+ 100 27
+ 100 30
+ 100 9
+ 1 46
+ 1 95
x 72 73
+ 100 8
+ 1 92
+ 1 24
x 26 27
x 49 50
+ 100 17
+ 100 58
x 6 6
x 88 88
+ 100 95
+ 1 74
+ 1 40
+ 1 78
+ 1 57
+ 1 96
x 46 47
+ 100 62
+ 100 60
+ 1 18
+ 1 69
x 82 82
x 4 4
x 74 75
x 29 31
+ 100 94
+ 100 23
x 75 76
+ 100 40
+ 100 12
+ 100 92
+ 1 89
+ 1 36
+ 1 6
+ 1 11
+ 100 80
x 65 65
+ 100 29
+ 100 82
+ 100 78
+ 100 34
+ 1 19
+ 100 2
+ 1 55
+ 100 57
+ 1 12
+ 1 42
o 1 1
x 90 90
+ 1 30
x 13 13
+ 100 76
+ 1 10
x 79 79
x 38 38
x 73 74
+ 100 90
+ 100 42
x 50 51
+ 1 64
+ 1 9
+ 1 91
+ 100 35
+ 1 25
+ 100 1
x 37 37
+ 1 97
x 67 68
+ 1 4
+ 1 60
+ 1 31
+ 100 5
+ 100 4
+ 1 83
+ 100 84
+ 1 67
x 60 60
+ 100 98
+ 100 11
+ 100 3
+ 100 20
+ 100 44
+ 1 75
x 48 48
x 57 57
x 39 39
x 81 81
x 8 8
+ 1 79
+ 100 36
+ 1 27
+ 100 6
x 97 97
x 23 23
+ 100 75
x 40 40
+ 100 10
+ 100 14
x 15 15
+ 100 69
+ 1 82
x 94 94
+ 1 81
+ 1 54
+ 100 41
+ 100 77
x 66 66
+ 100 43
x 19 20
+ 100 55
+ 1 37
+ 1 76
+ 1 16
x 21 22
+ 100 93
x 54 54
x 99 99
+ 100 88
x 16 17
+ 1 68
+ 100 49
x 56 56
+ 1 87
+ 1 3
x 2 2
x 5 5
+ 1 15
+ 1 98
x 10 11
+ 100 52
+ 100 26
+ 100 47
+ 100 71
+ 1 22
x 64 63
+ 1 72
+ 1 56
+ 1 14
+ 1 61
+ 1 26
+ 100 68
+ 1 85
+ 1 66
+ 100 28
x 35 35
+ 1 65
+ 100 37
+ 100 38
x 20 21
+ 1 77
x 68 69
x 52 53
+ 100 91
+ 100 50
+ 1 39
x 98 98
+ 1 23
x 51 52
+ 1 17
+ 100 87
x 24 24
+ 100 67
+ 1 13
+ 100 54
+ 100 74
+ 100 46
x 3 3
+ 100 97
+ 1 7
x 69 70
x 70 71
+ 100 96
x 86 86
+ 100 89
+ 1 63
x 61 61
+ 100 59
x 43 44
+ 100 86
x 42 42
x 9 9
+ 1 33
x 31 33
x 76 77
x 55 55
x 63 62
+ 100 22
+ 100 45
x 32 34
+ 100 85
+ 1 49
+ 1 80
+ 100 13
+ 1 43
x 41 41
+ 100 73
+ 1 34
x 17 18
x 11 12
+ 100 15
x 96 96
+ 100 61
+ 1 88
x 44 45
x 92 92
x 87 87
+ 1 53
x 95 95
x 85 85
+ 100 21
+ 100 79
+ 1 52
+ 1 32
Case #83: 89 51
+ 26 34
x 16 14
+ 27 34
+ 26 1
x 28 28
+ 1 18
+ 23 34
x 18 17
x 13 9
x 6 5
+ 34 6
x 32 33
+ 28 1
+ 34 5
x 31 32
x 10 7
+ 1 25
+ 1 4
+ 34 33
x 12 8
+ 17 4
+ 34 10
+ 22 34
+ 12 33
x 15 12
+ 34 24
x 23 23
x 5 4
+ 34 2
x 19 20
x 29 29
x 30 30
+ 6 19
o 34 31
+ 34 13
+ 34 4
x 24 24
+ 34 34
+ 34 20
+ 19 1
+ 1 7
+ 19 34
+ 25 34
+ 34 17
x 25 27
x 33 34
+ 34 8
+ 15 34
+ 34 32
+ 2 12
+ 34 28
Case #84: 110 60
+ 1 8
+ 41 27
x 9 10
+ 41 4
x 20 20
x 26 29
+ 41 36
x 21 21
x 5 2
+ 1 28
+ 26 1
+ 1 29
+ 37 41
+ 34 1
+ 41 26
+ 28 41
+ 27 1
+ 2 10
+ 41 38
+ 41 35
x 24 26
x 31 30
+ 1 36
x 6 5
x 32 33
+ 41 11
+ 1 12
+ 3 28
x 1 1
x 38 38
+ 19 41
+ 41 40
+ 1 4
+ 41 12
x 12 15
x 37 36
+ 41 33
+ 41 24
o 41 39
+ 17 41
+ 41 14
+ 41 13
+ 1 16
+ 1 3
x 10 11
+ 41 6
+ 41 29
+ 32 41
x 15 19
+ 37 1
+ 31 41
+ 1 17
+ 41 25
x 34 34
+ 41 10
+ 41 1
+ 1 33
x 22 22
+ 41 41
+ 41 2
Case #85: 231 131
+ 1 71
+ 1 5
x 36 35
x 64 65
+ 87 9
+ 43 87
+ 87 65
x 53 56
x 40 39
x 47 50
+ 87 36
+ 1 21
+ 59 1
+ 1 50
+ 87 69
+ 11 1
+ 1 73
+ 1 28
+ 18 87
+ 18 1
x 43 45
x 22 23
+ 1 86
+ 1 38
+ 87 52
x 23 24
+ 87 72
+ 27 1
+ 2 50
x 85 84
+ 87 8
x 6 6
+ 15 1
+ 1 57
+ 40 1
+ 76 1
x 4 4
+ 87 15
+ 44 87
x 31 31
x 19 22
x 61 63
x 75 74
x 11 10
x 73 70
+ 87 55
+ 87 17
+ 1 10
+ 87 79
+ 87 3
+ 1 64
x 84 83
+ 87 2
x 56 59
+ 87 19
x 41 40
+ 1 25
+ 87 67
+ 1 4
+ 1 60
x 39 37
+ 87 60
+ 87 6
x 57 60
x 59 61
x 81 81
x 26 26
+ 87 75
x 12 15
+ 55 1
x 37 36
x 78 79
+ 87 83
x 50 52
x 25 25
x 15 16
+ 87 42
+ 87 82
x 77 78
x 9 7
x 66 66
x 67 67
x 30 30
+ 54 1
x 16 17
+ 87 5
+ 87 28
+ 87 11
+ 1 72
+ 1 56
+ 1 26
x 72 69
x 29 27
+ 1 66
+ 87 59
+ 45 87
+ 87 22
+ 27 87
+ 87 80
+ 1 17
x 54 57
+ 87 86
+ 87 32
+ 87 84
x 33 32
+ 87 24
+ 74 1
x 86 86
+ 56 87
x 45 48
+ 1 63
+ 87 85
+ 87 76
x 46 49
+ 62 1
+ 87 71
+ 87 49
+ 64 87
+ 4 62
+ 87 39
x 10 8
+ 48 1
x 17 19
+ 87 74
+ 87 78
+ 78 1
+ 87 30
x 74 71
o 87 87
+ 1 52
+ 81 1
Case #86: 278 241
+ 100 51
+ 100 16
+ 1 20
x 72 72
x 78 78
x 89 89
+ 1 71
+ 1 90
+ 100 63
+ 100 56
x 69 69
x 100 100
+ 7 80
x 91 91
x 20 20
+ 100 33
x 76 76
x 52 52
+ 100 7
+ 100 31
x 59 59
+ 100 72
+ 100 18
x 84 84
x 58 58
+ 1 70
+ 1 45
x 93 93
+ 100 48
x 21 21
+ 80 100
+ 1 50
x 36 36
x 14 14
+ 1 47
x 80 80
+ 100 81
+ 100 53
+ 100 83
+ 1 73
+ 100 70
+ 100 32
x 75 75
+ 100 66
+ 1 44
+ 1 28
+ 78 100
+ 100 25
+ 100 65
+ 1 48
+ 100 24
x 64 64
+ 100 19
+ 1 35
x 7 7
x 83 83
x 47 47
+ 100 64
+ 100 27
+ 100 30
x 49 49
+ 100 9
+ 1 46
x 17 17
x 50 50
+ 100 8
x 19 19
+ 100 17
x 32 32
x 28 28
+ 100 58
+ 1 84
x 6 6
x 88 88
+ 100 95
+ 96 100
+ 90 100
+ 1 78
+ 60 100
+ 100 62
x 27 27
x 62 62
x 74 74
x 82 82
x 4 4
+ 100 23
+ 74 100
+ 100 40
+ 100 12
+ 100 92
+ 1 89
x 10 10
+ 1 36
+ 1 6
+ 93 100
x 65 65
x 31 31
+ 100 29
+ 100 82
+ 100 34
+ 1 19
+ 100 2
+ 100 57
+ 1 42
o 1 1
x 90 90
+ 3 36
+ 1 30
x 13 13
+ 100 76
+ 1 10
x 79 79
x 38 38
+ 100 39
+ 100 42
+ 1 64
x 44 44
+ 1 9
+ 1 91
+ 100 35
+ 100 1
x 37 37
+ 1 31
x 77 77
+ 100 5
+ 100 4
+ 1 67
x 33 33
x 60 60
+ 100 11
+ 100 3
+ 100 20
+ 100 44
+ 1 75
x 48 48
x 57 57
x 39 39
x 81 81
x 8 8
x 26 26
+ 1 79
+ 100 36
x 43 43
+ 100 6
x 97 97
x 23 23
+ 100 75
x 40 40
+ 100 10
+ 100 14
x 15 15
+ 100 69
+ 1 82
x 25 25
x 94 94
+ 1 54
+ 50 100
+ 100 41
+ 100 77
x 66 66
+ 100 43
x 67 67
+ 100 55
x 29 29
+ 1 62
x 30 30
+ 1 76
+ 1 16
x 54 54
x 99 99
+ 1 68
+ 100 49
x 53 53
x 56 56
x 11 11
x 2 2
x 5 5
+ 1 98
x 16 16
x 18 18
+ 100 26
+ 100 47
+ 100 71
+ 1 22
+ 1 14
+ 1 61
+ 100 68
+ 1 66
+ 100 28
x 35 35
+ 1 65
x 12 12
+ 100 37
+ 100 38
+ 100 91
+ 1 39
x 98 98
x 51 51
+ 100 87
+ 55 97
x 24 24
+ 100 67
x 34 34
x 68 68
+ 100 54
x 73 73
+ 100 46
+ 15 100
x 3 3
x 86 86
x 46 46
x 61 61
+ 100 59
+ 100 86
x 63 63
x 42 42
x 9 9
x 55 55
x 71 71
+ 100 22
+ 100 45
x 22 22
+ 100 85
+ 65 96
+ 1 80
+ 100 13
x 41 41
+ 100 73
x 45 45
x 96 96
+ 1 88
+ 98 100
+ 88 100
x 92 92
x 87 87
+ 1 53
x 95 95
x 70 70
x 85 85
+ 100 21
+ 100 79
Case #87: 270 170
+ 100 51
+ 100 16
+ 1 20
x 89 89
x 55 54
+ 100 56
x 100 100
x 52 49
x 20 20
+ 100 33
x 91 94
+ 70 100
x 72 71
+ 100 31
+ 83 100
+ 100 18
x 49 46
x 18 19
+ 100 48
x 80 83
x 21 21
x 47 43
+ 100 81
+ 8 51
+ 100 32
+ 78 100
+ 100 65
+ 100 24
x 3 4
+ 100 19
+ 4 69
x 66 65
x 7 7
x 33 31
+ 65 94
+ 100 64
x 30 28
x 41 38
+ 46 100
+ 100 27
+ 100 30
+ 100 9
+ 100 8
x 32 29
+ 100 17
+ 100 58
x 6 6
x 88 88
+ 53 100
+ 1 40
+ 90 100
+ 1 78
+ 100 62
x 71 70
x 97 99
x 78 81
+ 1 69
x 39 36
x 23 22
x 74 75
x 53 50
+ 100 23
x 93 96
x 75 77
x 16 18
+ 100 40
+ 100 12
x 35 32
+ 100 92
+ 1 89
+ 49 98
x 10 10
x 92 95
+ 1 36
+ 100 80
+ 100 34
x 38 35
+ 100 2
+ 100 57
x 50 47
x 94 97
+ 100 39
+ 100 42
x 70 68
+ 100 35
x 36 34
x 28 26
x 68 67
x 65 64
+ 7 100
+ 100 5
+ 100 4
+ 100 11
+ 100 3
+ 100 20
+ 100 44
x 46 42
x 57 57
x 8 8
+ 100 36
+ 100 6
+ 100 10
+ 100 14
+ 100 69
x 90 93
x 27 25
x 25 24
x 15 16
x 95 98
+ 50 100
+ 100 41
+ 100 77
+ 25 100
+ 1 68
+ 100 49
+ 1 87
x 51 48
x 11 11
+ 52 100
x 77 80
x 5 5
+ 30 99
x 54 51
x 14 15
+ 100 26
+ 100 71
x 64 63
+ 1 56
+ 55 100
x 29 27
+ 100 28
x 12 12
x 79 82
+ 100 37
x 24 23
+ 38 100
x 87 86
+ 100 67
x 44 40
x 84 85
+ 100 74
x 73 73
x 45 41
x 61 59
x 40 37
o 2 3
x 56 55
x 1 2
+ 73 100
x 82 84
x 9 9
x 63 62
+ 100 22
+ 100 45
+ 100 85
+ 1 80
+ 100 13
+ 43 100
x 13 14
+ 100 15
+ 100 61
+ 1 88
x 76 78
+ 1 53
+ 100 21
+ 65 98
+ 100 79
+ 1 32
x 48 44
+ 54 100
Case #88: 247 139
+ 1 20
+ 93 12
+ 1 90
+ 93 26
+ 1 5
o 37 46
+ 93 22
x 21 30
x 41 54
+ 93 80
x 15 21
+ 68 93
+ 93 89
+ 93 93
+ 1 21
+ 59 1
x 56 60
x 39 52
x 13 19
+ 23 1
+ 93 5
+ 83 93
+ 93 85
+ 93 25
+ 1 48
+ 41 93
x 83 78
+ 93 66
x 76 75
+ 38 93
+ 88 1
+ 92 59
+ 48 2
+ 1 92
+ 93 14
+ 93 50
x 24 32
+ 1 74
+ 1 57
+ 66 1
+ 72 93
x 33 39
+ 1 89
+ 93 74
x 9 13
x 1 6
+ 59 88
+ 93 10
+ 1 19
x 20 28
+ 93 49
x 6 8
+ 1 12
x 59 62
+ 93 69
+ 56 93
+ 3 36
+ 93 15
x 26 33
+ 2 72
+ 93 81
+ 93 30
x 53 58
+ 93 91
+ 79 93
x 91 85
x 58 61
+ 2 15
x 17 22
+ 92 93
+ 93 87
+ 93 62
x 22 31
x 66 71
x 63 64
x 92 87
+ 1 79
x 34 43
x 35 44
+ 93 39
+ 93 17
x 10 16
+ 93 19
x 62 63
x 89 83
+ 93 88
x 87 82
+ 93 2
+ 93 64
+ 93 73
x 7 10
x 70 72
+ 93 4
+ 93 90
x 31 36
+ 1 72
x 3 7
+ 93 65
+ 65 1
+ 1 85
x 48 56
+ 93 46
+ 37 1
+ 79 2
+ 93 8
+ 63 2
+ 33 93
x 38 47
+ 21 93
x 86 80
+ 7 93
+ 2 52
+ 1 13
+ 2 67
x 28 34
+ 1 7
x 19 26
+ 76 93
x 93 92
x 77 76
+ 93 61
x 40 53
+ 91 1
+ 93 82
x 8 12
x 32 38
+ 63 1
+ 93 78
x 36 45
+ 56 92
x 84 79
x 65 69
+ 93 9
+ 93 23
x 42 55
x 90 84
x 82 77
x 64 67
x 55 59
Case #89: 283 226
+ 100 51
+ 100 16
+ 61 100
x 89 89
+ 1 71
x 100 100
x 36 35
x 91 91
x 20 20
+ 100 33
+ 6 65
x 69 71
+ 100 7
+ 100 31
x 59 59
+ 1 41
+ 100 18
+ 1 94
x 40 39
x 93 93
x 21 21
x 55 56
+ 1 50
x 15 14
+ 76 100
+ 1 99
+ 100 81
+ 63 100
+ 100 53
+ 100 83
+ 1 73
+ 100 70
+ 100 32
+ 100 66
x 85 86
+ 100 25
+ 100 65
+ 1 48
+ 100 24
x 13 12
x 64 64
+ 100 19
+ 1 35
x 47 47
+ 72 100
+ 100 64
+ 100 27
+ 100 30
x 49 49
+ 100 9
+ 1 46
+ 1 95
+ 100 8
x 19 19
+ 100 17
x 28 28
+ 100 58
x 6 6
x 88 88
+ 100 95
+ 1 74
+ 100 62
+ 100 60
x 86 87
x 4 4
x 74 75
+ 56 100
+ 100 23
x 75 76
+ 74 100
+ 100 40
+ 100 12
x 57 58
+ 1 89
+ 1 36
+ 1 6
+ 2 78
+ 100 80
x 65 65
x 31 31
+ 100 29
+ 100 82
+ 100 78
+ 100 34
+ 1 19
+ 100 2
+ 1 55
+ 100 57
x 78 80
x 11 10
+ 1 42
o 1 1
x 53 54
x 90 90
x 54 55
+ 100 39
x 16 15
x 14 13
x 83 84
+ 100 90
+ 100 42
x 50 51
x 44 44
+ 88 97
x 9 8
+ 100 35
+ 1 97
+ 1 31
+ 100 5
+ 100 4
x 26 25
+ 100 84
+ 1 67
x 60 60
+ 100 11
x 34 33
+ 100 3
+ 100 20
+ 100 44
+ 1 75
x 48 48
x 71 73
+ 100 36
x 43 43
x 37 36
+ 100 6
x 12 11
+ 100 10
x 80 81
+ 100 14
+ 100 69
+ 1 82
x 62 63
x 25 24
x 94 94
+ 1 54
+ 100 41
x 81 83
x 66 66
+ 100 43
x 67 67
+ 100 55
x 29 29
x 30 30
x 99 99
x 70 72
+ 1 68
+ 100 49
+ 22 100
+ 1 87
+ 52 100
x 2 2
x 5 5
+ 1 15
+ 1 98
x 18 18
+ 3 82
+ 100 26
+ 100 47
+ 100 71
+ 100 68
+ 3 49
+ 1 66
+ 100 28
x 77 79
x 10 9
+ 1 65
+ 100 37
x 27 26
+ 100 38
x 24 23
x 52 53
+ 100 91
+ 100 50
+ 1 39
x 98 98
+ 1 23
x 51 52
+ 100 87
+ 100 67
x 84 85
x 68 68
+ 100 54
+ 2 44
+ 100 46
x 3 3
x 33 32
+ 3 19
+ 100 96
+ 48 100
x 56 57
+ 77 100
+ 1 63
x 46 46
x 61 61
+ 100 59
+ 100 86
+ 75 100
+ 89 100
x 8 7
x 76 77
+ 100 45
x 22 22
+ 2 63
+ 100 13
x 41 41
+ 100 73
+ 1 34
x 45 45
x 39 38
+ 100 15
x 35 34
x 72 74
+ 1 88
+ 98 100
+ 88 100
+ 92 100
x 92 92
x 38 37
+ 9 45
x 95 95
+ 7 34
+ 100 21
+ 100 79
+ 1 52
x 17 16
Case #90: 143 79
+ 54 15
+ 54 8
x 47 44
+ 1 45
x 21 21
+ 54 27
+ 18 1
+ 30 1
+ 54 19
+ 12 1
+ 54 16
+ 52 1
x 50 45
+ 54 35
+ 1 40
x 5 9
+ 54 10
x 39 32
+ 52 54
+ 54 7
+ 54 21
+ 42 54
+ 1 36
+ 1 11
+ 54 53
x 26 23
+ 1 42
+ 54 22
+ 1 10
x 41 34
+ 1 9
+ 1 4
x 37 30
+ 30 53
+ 54 18
+ 54 11
+ 1 27
+ 54 45
+ 40 54
x 44 39
x 38 31
+ 1 37
x 54 54
+ 54 12
+ 54 48
x 16 17
+ 54 51
x 2 7
+ 34 53
x 18 18
+ 54 2
x 9 14
x 24 22
x 45 40
+ 54 44
+ 1 39
+ 54 31
+ 50 54
x 36 29
x 31 26
x 32 27
+ 41 1
+ 2 20
x 11 15
o 1 2
+ 54 36
+ 54 34
+ 35 1
+ 49 1
+ 46 1
+ 1 34
+ 54 46
+ 54 39
x 53 48
+ 54 4
+ 1 53
+ 49 54
x 51 46
+ 54 28
Case #91: 53 0
Case #92: 80 0
Case #93: 264 167
+ 100 16
+ 61 100
x 89 89
+ 100 63
+ 100 56
x 69 69
x 100 100
x 91 91
x 20 20
+ 100 33
x 73 72
x 80 79
x 72 71
x 52 52
+ 100 7
+ 100 31
x 59 59
x 83 82
+ 100 72
+ 100 18
x 58 58
x 93 93
+ 100 48
+ 54 98
x 21 21
x 36 36
+ 76 100
x 14 14
+ 100 53
+ 100 32
+ 100 25
+ 100 65
+ 100 24
x 64 64
+ 100 19
x 7 7
x 76 75
x 47 47
+ 100 27
x 85 84
+ 100 30
x 49 49
+ 100 9
x 17 17
x 50 50
+ 100 8
x 19 19
x 32 32
x 28 28
+ 100 58
x 6 6
x 88 88
x 74 73
+ 21 100
x 86 85
x 81 80
+ 100 60
x 27 27
x 62 62
+ 51 100
x 4 4
+ 100 23
+ 74 100
+ 59 100
+ 100 40
+ 100 12
x 10 10
x 65 65
+ 20 100
x 31 31
+ 100 29
+ 100 34
+ 100 2
x 75 74
+ 100 57
+ 36 100
+ 53 96
o 1 1
x 90 90
x 13 13
x 38 38
+ 100 39
+ 100 42
x 44 44
x 84 83
+ 100 35
x 37 37
+ 100 5
+ 100 4
x 79 78
x 33 33
x 60 60
+ 100 11
+ 100 3
x 78 77
+ 100 44
x 48 48
x 57 57
x 39 39
x 8 8
x 26 26
x 43 43
+ 100 6
+ 85 100
x 97 97
x 23 23
x 40 40
+ 100 10
+ 100 14
x 15 15
x 25 25
x 94 94
+ 18 99
+ 50 100
x 66 66
+ 100 43
x 67 67
x 29 29
x 30 30
+ 41 100
+ 45 100
x 54 54
x 99 99
x 53 53
x 56 56
x 11 11
x 2 2
x 5 5
x 16 16
x 18 18
+ 100 26
+ 100 47
x 82 81
+ 55 100
+ 100 68
+ 100 28
x 35 35
x 12 12
+ 100 37
x 98 98
+ 38 100
x 51 51
x 24 24
x 87 86
x 34 34
x 68 68
+ 100 46
x 3 3
x 77 76
x 46 46
x 61 61
x 63 63
x 42 42
x 9 9
x 55 55
+ 100 22
x 22 22
+ 100 13
x 41 41
x 45 45
+ 100 15
x 96 96
x 92 92
x 95 95
x 70 70
+ 100 79
+ 54 100
Case #94: 83 45
x 7 5
+ 32 17
+ 2 5
x 16 22
+ 32 2
x 18 23
+ 32 8
+ 32 25
+ 23 1
x 5 2
+ 11 1
+ 32 30
+ 32 1
+ 32 29
x 24 26
+ 32 32
+ 24 32
x 3 1
x 9 18
+ 21 32
+ 32 28
x 8 11
+ 10 1
+ 4 13
+ 1 31
+ 22 1
x 29 29
+ 32 26
x 30 30
+ 32 9
+ 27 32
+ 32 16
+ 32 6
+ 32 12
o 32 31
x 12 19
+ 15 32
+ 20 32
+ 1 17
x 25 27
x 15 20
x 20 25
+ 14 32
+ 32 3
+ 2 12
Case #95: 298 297
+ 100 51
+ 100 16
+ 1 58
+ 1 20
+ 1 8
x 72 72
x 78 78
x 89 89
+ 1 71
+ 1 90
+ 1 93
+ 100 63
+ 1 5
+ 100 56
x 69 69
o 100 100
x 91 91
+ 1 59
x 20 20
+ 100 33
x 76 76
x 52 52
+ 1 51
+ 100 7
+ 100 31
x 59 59
+ 100 72
+ 1 41
+ 100 18
+ 1 94
x 84 84
x 58 58
+ 1 70
+ 1 45
x 93 93
+ 100 48
+ 1 21
x 21 21
+ 1 50
x 36 36
x 14 14
+ 1 47
x 80 80
+ 1 99
+ 100 81
+ 100 53
+ 100 83
+ 1 73
+ 100 70
+ 100 32
x 75 75
+ 100 66
+ 1 44
+ 1 28
+ 100 25
+ 1 29
+ 100 65
+ 1 48
+ 100 24
x 64 64
+ 1 86
+ 1 38
+ 100 19
+ 1 35
x 7 7
x 83 83
x 47 47
+ 100 64
+ 100 27
+ 100 30
x 49 49
+ 100 9
+ 1 46
x 17 17
+ 1 95
x 50 50
+ 100 8
+ 1 92
+ 1 24
x 19 19
+ 100 17
x 32 32
x 28 28
+ 100 58
+ 1 84
x 6 6
x 88 88
+ 100 95
+ 1 74
+ 1 40
+ 1 78
+ 1 57
+ 1 96
+ 100 62
+ 100 60
x 27 27
+ 1 18
+ 1 69
x 62 62
x 74 74
x 82 82
x 4 4
+ 100 94
+ 100 23
+ 100 40
+ 100 12
+ 100 92
+ 1 89
x 10 10
+ 1 36
+ 1 6
+ 1 11
+ 100 80
x 65 65
x 31 31
+ 100 29
+ 100 82
+ 100 78
+ 100 34
+ 1 19
+ 100 2
+ 1 55
+ 100 57
+ 1 12
+ 1 42
x 1 1
x 90 90
+ 1 30
x 13 13
+ 100 76
+ 1 10
x 79 79
x 38 38
+ 100 39
+ 100 90
+ 100 42
+ 1 64
x 44 44
+ 1 9
+ 1 91
+ 100 35
+ 1 25
+ 100 1
x 37 37
+ 1 97
+ 1 4
+ 1 60
+ 1 31
x 77 77
+ 100 5
+ 100 4
+ 1 83
+ 100 84
+ 1 67
x 33 33
x 60 60
+ 100 98
+ 100 11
+ 100 3
+ 100 20
+ 100 44
+ 1 75
x 48 48
x 57 57
x 39 39
x 81 81
x 8 8
x 26 26
+ 1 79
+ 100 36
x 43 43
+ 1 27
+ 100 6
x 97 97
x 23 23
+ 100 75
x 40 40
+ 100 10
+ 100 14
x 15 15
+ 100 69
+ 1 82
x 25 25
x 94 94
+ 1 81
+ 100 99
+ 1 54
+ 100 41
+ 100 77
x 66 66
+ 100 43
x 67 67
+ 100 55
x 29 29
+ 1 62
x 30 30
+ 1 37
+ 1 76
+ 1 16
+ 100 93
x 54 54
x 99 99
+ 100 88
+ 1 68
+ 100 49
x 53 53
x 56 56
+ 1 87
+ 1 3
x 11 11
x 2 2
x 5 5
+ 1 15
+ 1 98
x 16 16
+ 100 52
x 18 18
+ 100 26
+ 100 47
+ 100 71
+ 1 22
+ 1 72
+ 1 56
+ 1 14
+ 1 61
+ 1 26
+ 100 68
+ 1 85
+ 1 66
+ 100 28
x 35 35
+ 1 65
x 12 12
+ 100 37
+ 100 38
+ 1 77
+ 100 91
+ 100 50
+ 1 39
x 98 98
+ 1 23
x 51 51
+ 1 17
+ 100 87
x 24 24
+ 100 67
+ 1 13
x 34 34
x 68 68
+ 100 54
+ 100 74
x 73 73
+ 100 46
x 3 3
+ 100 97
+ 1 7
+ 100 96
x 86 86
+ 100 89
+ 1 63
x 46 46
x 61 61
+ 1 2
+ 100 59
+ 100 86
x 63 63
x 42 42
x 9 9
+ 1 33
x 55 55
x 71 71
+ 100 22
+ 100 45
x 22 22
+ 100 85
+ 1 49
+ 1 80
+ 100 13
+ 1 43
x 41 41
+ 100 73
+ 1 34
x 45 45
+ 100 15
x 96 96
+ 100 61
+ 1 88
x 92 92
x 87 87
+ 1 53
x 95 95
x 70 70
x 85 85
+ 100 21
+ 100 79
+ 1 52
+ 1 32
Case #96: 57 32
x 7 6
+ 16 21
x 16 20
+ 12 1
+ 21 1
x 14 16
x 3 1
x 4 4
+ 20 1
+ 21 17
+ 21 8
+ 1 10
+ 1 9
+ 21 14
x 17 21
+ 21 7
+ 21 15
+ 17 1
+ 1 3
x 10 11
+ 21 20
+ 21 9
+ 21 19
+ 1 7
+ 21 6
x 11 15
+ 1 2
x 15 18
x 9 9
x 8 7
+ 18 21
+ 4 21
Case #97: 67 34
+ 16 22
x 9 10
x 8 9
x 10 12
x 21 21
+ 10 25
+ 25 19
+ 25 23
+ 25 2
+ 21 1
+ 24 25
+ 25 9
+ 25 18
+ 1 24
x 17 20
+ 20 1
+ 17 25
x 6 8
+ 14 25
+ 1 4
x 12 16
x 23 23
x 5 4
x 25 24
+ 11 25
x 16 19
+ 21 25
x 3 3
x 15 18
o 7 25
+ 25 4
x 14 17
x 22 22
+ 25 22
Case #98: 298 100
x 72 72
x 78 78
x 89 89
x 69 69
x 100 100
x 91 91
x 20 20
x 76 76
x 52 52
x 59 59
x 84 84
x 58 58
x 93 93
x 21 21
x 36 36
x 14 14
x 80 80
x 75 75
x 64 64
x 7 7
x 83 83
x 47 47
x 49 49
x 17 17
x 50 50
x 19 19
x 32 32
x 28 28
x 6 6
x 88 88
x 27 27
x 62 62
x 74 74
x 82 82
x 4 4
x 10 10
x 65 65
x 31 31
o 1 1
x 90 90
x 13 13
x 79 79
x 38 38
x 44 44
x 37 37
x 77 77
x 33 33
x 60 60
x 48 48
x 57 57
x 39 39
x 81 81
x 8 8
x 26 26
x 43 43
x 97 97
x 23 23
x 40 40
x 15 15
x 25 25
x 94 94
x 66 66
x 67 67
x 29 29
x 30 30
x 54 54
x 99 99
x 53 53
x 56 56
x 11 11
x 2 2
x 5 5
x 16 16
x 18 18
x 35 35
x 12 12
x 98 98
x 51 51
x 24 24
x 34 34
x 68 68
x 73 73
x 3 3
x 86 86
x 46 46
x 61 61
x 63 63
x 42 42
x 9 9
x 55 55
x 71 71
x 22 22
x 41 41
x 45 45
x 96 96
x 92 92
x 87 87
x 95 95
x 70 70
x 85 85
Case #99: 226 123
+ 85 13
+ 85 48
+ 23 2
+ 1 59
+ 85 38
x 73 69
+ 1 51
+ 85 11
x 84 84
x 55 56
+ 1 50
+ 80 1
x 41 42
+ 23 1
+ 85 28
+ 1 73
x 20 13
x 79 73
x 51 55
+ 1 48
+ 85 67
+ 85 17
+ 1 38
+ 85 26
+ 3 60
+ 85 53
x 6 6
+ 55 84
+ 85 31
+ 1 74
+ 1 40
+ 85 83
+ 85 16
+ 1 57
+ 85 3
+ 76 1
x 67 66
+ 24 85
+ 1 69
+ 2 55
+ 85 79
+ 66 1
+ 85 5
x 77 71
+ 62 85
+ 85 65
+ 55 85
+ 1 36
+ 1 11
+ 72 85
+ 1 19
+ 1 55
+ 85 61
+ 3 27
+ 85 30
+ 3 24
+ 85 29
x 42 43
+ 1 64
+ 85 68
+ 85 50
x 36 34
+ 85 7
x 28 26
+ 1 4
+ 1 60
x 68 67
x 39 37
+ 85 1
+ 85 27
x 72 68
+ 85 56
x 60 63
+ 1 75
x 57 57
+ 85 35
+ 1 27
x 76 70
+ 85 70
+ 53 1
x 43 47
+ 1 81
+ 40 85
x 9 7
+ 85 2
+ 85 52
x 31 29
+ 85 4
+ 54 1
+ 1 3
+ 85 75
x 5 5
+ 57 85
+ 85 9
x 21 20
x 82 81
x 32 31
+ 78 85
+ 60 85
+ 39 1
+ 69 85
+ 85 59
+ 1 77
+ 85 12
x 17 8
+ 71 85
+ 1 7
x 45 54
x 80 77
+ 85 19
+ 41 1
x 23 25
+ 66 85
x 1 2
+ 85 41
+ 1 33
x 61 65
x 38 36
+ 58 85
+ 23 85
x 18 10
+ 85 85
x 78 72
Case #100: 286 186
+ 100 51
+ 100 16
+ 1 58
+ 1 20
+ 1 71
+ 100 63
+ 100 56
x 30 41
+ 100 33
+ 70 100
x 85 97
+ 100 7
o 100 31
+ 100 72
+ 1 41
+ 100 18
+ 1 94
+ 1 70
+ 1 45
+ 100 48
+ 1 21
x 33 42
+ 1 50
+ 76 100
+ 1 47
+ 1 99
+ 100 81
+ 100 53
+ 100 83
+ 1 73
+ 100 32
+ 100 66
+ 100 25
+ 1 29
+ 100 65
+ 1 48
+ 100 24
x 46 53
+ 1 86
+ 1 38
+ 100 19
+ 1 35
+ 100 64
+ 100 27
+ 2 50
x 64 72
+ 100 30
+ 100 9
+ 1 46
x 17 17
+ 1 95
+ 100 8
+ 1 92
x 19 21
+ 100 17
+ 100 58
+ 1 84
+ 8 18
+ 100 95
+ 1 74
+ 1 40
+ 1 78
+ 1 57
+ 1 96
+ 100 62
+ 100 60
+ 1 18
+ 1 69
x 69 80
+ 100 94
+ 100 23
+ 74 100
+ 59 100
+ 100 40
+ 100 12
+ 1 89
+ 5 38
+ 1 36
+ 1 6
+ 93 100
x 82 92
+ 100 80
+ 100 29
+ 100 82
+ 100 78
+ 100 34
+ 1 19
+ 100 2
+ 100 57
+ 36 100
x 53 54
x 78 90
x 3 5
+ 1 30
+ 1 10
+ 100 39
+ 100 90
+ 100 42
+ 1 91
+ 100 35
+ 100 1
+ 100 5
+ 100 4
+ 1 83
+ 3 62
+ 100 84
+ 1 67
+ 100 11
+ 100 3
+ 100 20
+ 100 44
+ 1 75
+ 1 79
x 34 43
+ 100 6
+ 85 100
+ 100 10
+ 100 14
+ 100 69
+ 100 41
+ 100 43
+ 100 55
+ 1 62
x 55 62
+ 100 88
+ 100 49
+ 1 87
+ 1 15
+ 1 98
x 27 30
+ 100 52
+ 100 26
+ 100 47
+ 100 71
+ 1 72
o 1 56
+ 1 14
+ 1 61
+ 100 68
+ 1 85
+ 1 66
x 96 98
+ 100 28
+ 100 38
+ 1 77
+ 100 91
+ 100 50
+ 1 39
+ 1 23
+ 1 17
+ 100 87
+ 100 67
+ 1 13
+ 100 54
x 5 8
+ 100 46
x 59 68
+ 78 99
+ 1 7
+ 37 100
+ 100 96
x 23 25
x 66 78
+ 100 89
+ 1 63
+ 73 100
+ 3 14
+ 100 86
+ 75 100
+ 1 33
+ 100 22
+ 100 45
+ 1 80
+ 100 13
+ 1 43
+ 100 15
+ 100 61
+ 1 88
+ 98 100
+ 92 100
x 39 51
+ 1 53
+ 100 21
+ 100 79
x 74 84
+ 1 32
